#
# A fatal error has been detected by the Java Runtime Environment:
#
#  SIGSEGV (0xb) at pc=0x000000010584549d, pid=34477, tid=0x0000000000004203
#
# JRE version: OpenJDK Runtime Environment (8.0_242) (build 1.8.0_242-release-1644-b3-6915495)
# Java VM: OpenJDK 64-Bit Server VM (25.242-b3-6915495 mixed mode bsd-amd64 compressed oops)
# Problematic frame:
# V  [libjvm.dylib+0x44549d]
#
# Failed to write core dump. Core dumps have been disabled. To enable core dumping, try "ulimit -c unlimited" before starting Java again
#
# If you would like to submit a bug report, please visit:
#   http://bugreport.java.com/bugreport/crash.jsp
#

---------------  T H R E A D  ---------------

Current thread (0x00007fc13d03b800):  JavaThread "C2 CompilerThread1" daemon [_thread_in_native, id=16899, stack(0x0000700010254000,0x0000700010354000)]

siginfo: si_signo: 11 (SIGSEGV), si_code: 1 (SEGV_MAPERR), si_addr: 0x000000000000002c

Registers:
RAX=0x0000000000000000, RBX=0x00007fc12dd67350, RCX=0x0000000000000111, RDX=0x0000000000000004
RSP=0x000070001034de30, RBP=0x000070001034de30, RSI=0x000000010af831b0, RDI=0x0000000000000000
R8 =0x00000001055604c4, R9 =0x0000000000000000, R10=0x000070001034e3a4, R11=0x000070001034e3b7
R12=0x0000000000000000, R13=0x00007fc12d8c9510, R14=0x00007fc12db5a3f0, R15=0x00007fc147788601
RIP=0x000000010584549d, EFLAGS=0x0000000000010206, ERR=0x0000000000000004
  TRAPNO=0x000000000000000e

Top of Stack: (sp=0x000070001034de30)
0x000070001034de30:   000070001034de80 00000001054ccc9b
0x000070001034de40:   000070001034de70 00007fc12d2c5280
0x000070001034de50:   01007fc12d8c9510 0000000000000024
0x000070001034de60:   00007fc12db5a3f0 00007fc147788640
0x000070001034de70:   00007fc12db5a3f0 00007fc147788640
0x000070001034de80:   000070001034df20 00000001054ccfea
0x000070001034de90:   000070001034dec0 000070001034e027
0x000070001034dea0:   00000000000089b3 000070001034e027
0x000070001034deb0:   000070001034df60 00007fc12d28bdd0
0x000070001034dec0:   0000000000000000 0000000000000000
0x000070001034ded0:   0000000000000000 0000000000000000
0x000070001034dee0:   a4ab94ae00000000 0000000000000000
0x000070001034def0:   00007fc12d8c9510 00000000000089b3
0x000070001034df00:   0000000000008b33 0000000000000000
0x000070001034df10:   00007fc147788640 0000000000000001
0x000070001034df20:   000070001034e050 000000010561ea1d
0x000070001034df30:   0000000000000000 0000000000000000
0x000070001034df40:   0000000000000000 0000000000000000
0x000070001034df50:   a4ab94ae00000000 0000000000000000
0x000070001034df60:   0000000100000001 000089b3000089b3
0x000070001034df70:   000070001034dfc0 0000000000000000
0x000070001034df80:   000070001034e0c0 00007fc13e00dd50
0x000070001034df90:   00007fc13d00ee10 00007fc13cf81574
0x000070001034dfa0:   0000000000000000 00007fc13f808200
0x000070001034dfb0:   0000000000000000 00007fc13cf7d0b0
0x000070001034dfc0:   000070001034dfe0 00007fc12d28bdd0
0x000070001034dfd0:   00000000000089b3 00007fc13e00dc40
0x000070001034dfe0:   000000241034e020 0000000100000001
0x000070001034dff0:   00000000ffffffff 00000000058cef75
0x000070001034e000:   fffffffc3f7fffef 00007fc147788640
0x000070001034e010:   0000700010353128 00007fc12db5a3f0
0x000070001034e020:   00007fc12db5e190 00007fc12db5a3f0 

Instructions: (pc=0x000000010584549d)
0x000000010584547d:   bb 70 01 00 00 48 8b 07 ff 50 20 ff 83 90 01 00
0x000000010584548d:   00 48 83 c4 08 5b 5d c3 90 55 48 89 e5 48 89 f8
0x000000010584549d:   0f b7 4f 2c 89 ca 83 e2 1f 66 83 fa 14 74 31 83
0x00000001058454ad:   e1 3f 66 83 f9 24 75 2f eb 26 83 78 18 02 75 27 

Register to memory mapping:

RAX=0x0000000000000000 is an unknown value
RBX=0x00007fc12dd67350 is an unknown value
RCX=0x0000000000000111 is an unknown value
RDX=0x0000000000000004 is an unknown value
RSP=0x000070001034de30 is pointing into the stack for thread: 0x00007fc13d03b800
RBP=0x000070001034de30 is pointing into the stack for thread: 0x00007fc13d03b800
RSI=0x000000010af831b0 is pointing into metadata
RDI=0x0000000000000000 is an unknown value
R8 =0x00000001055604c4: _ZN15SignatureStream4nextEv+0x9c in /Users/jacqueli/Desktop/Android Studio.app/Contents/jre/jdk/Contents/Home/jre/lib/server/libjvm.dylib at 0x0000000105400000
R9 =0x0000000000000000 is an unknown value
R10=0x000070001034e3a4 is pointing into the stack for thread: 0x00007fc13d03b800
R11=0x000070001034e3b7 is pointing into the stack for thread: 0x00007fc13d03b800
R12=0x0000000000000000 is an unknown value
R13=0x00007fc12d8c9510 is an unknown value
R14=0x00007fc12db5a3f0 is an unknown value
R15=0x00007fc147788601 is an unknown value


Stack: [0x0000700010254000,0x0000700010354000],  sp=0x000070001034de30,  free space=999k
Native frames: (J=compiled Java code, j=interpreted, Vv=VM code, C=native code)
V  [libjvm.dylib+0x44549d]
V  [libjvm.dylib+0xccc9b]
V  [libjvm.dylib+0xccfea]
V  [libjvm.dylib+0x21ea1d]
V  [libjvm.dylib+0x1382ac]
V  [libjvm.dylib+0x138d17]
V  [libjvm.dylib+0x21e74a]
V  [libjvm.dylib+0x21f19f]
V  [libjvm.dylib+0x474531]
V  [libjvm.dylib+0x473b04]
V  [libjvm.dylib+0x472921]
V  [libjvm.dylib+0x137192]
V  [libjvm.dylib+0x21f230]
V  [libjvm.dylib+0x474531]
V  [libjvm.dylib+0x473b04]
V  [libjvm.dylib+0x472921]
V  [libjvm.dylib+0x137192]
V  [libjvm.dylib+0x21f230]
V  [libjvm.dylib+0x474531]
V  [libjvm.dylib+0x473b04]
V  [libjvm.dylib+0x472921]
V  [libjvm.dylib+0x137192]
V  [libjvm.dylib+0x21f230]
V  [libjvm.dylib+0x474531]
V  [libjvm.dylib+0x473b04]
V  [libjvm.dylib+0x472921]
V  [libjvm.dylib+0x137192]
V  [libjvm.dylib+0x137b0e]
V  [libjvm.dylib+0x19add3]
V  [libjvm.dylib+0x19b039]
V  [libjvm.dylib+0x198735]
V  [libjvm.dylib+0x197c1b]
V  [libjvm.dylib+0x136b98]
V  [libjvm.dylib+0x1a3372]
V  [libjvm.dylib+0x1a2882]
V  [libjvm.dylib+0x527e84]
V  [libjvm.dylib+0x527d49]
V  [libjvm.dylib+0x45b9eb]
C  [libsystem_pthread.dylib+0x6109]  _pthread_start+0x94
C  [libsystem_pthread.dylib+0x1b8b]  thread_start+0xf
C  0x0000000000000000


Current CompileTask:
C2:  89191 21420       4       com.android.internal.policy.DecorView::getResources (7 bytes)


---------------  P R O C E S S  ---------------

Java Threads: ( => current thread )
  0x00007fc130705000 JavaThread "pool-240-thread-4" [_thread_blocked, id=160267, stack(0x0000700016792000,0x0000700016892000)]
  0x00007fc12d9ce800 JavaThread "pool-240-thread-3" [_thread_blocked, id=155907, stack(0x000070001c7af000,0x000070001c8af000)]
  0x00007fc12d920000 JavaThread "pool-240-thread-2" [_thread_blocked, id=145155, stack(0x000070001c6ac000,0x000070001c7ac000)]
  0x00007fc12d91f000 JavaThread "pool-240-thread-1" [_thread_blocked, id=156419, stack(0x000070001c5a9000,0x000070001c6a9000)]
  0x00007fc12ddee000 JavaThread "pool-242-thread-1" [_thread_blocked, id=144899, stack(0x000070001c4a6000,0x000070001c5a6000)]
  0x00007fc13d1bf000 JavaThread "pool-239-thread-1" [_thread_blocked, id=157187, stack(0x000070001c3a3000,0x000070001c4a3000)]
  0x00007fc1303c8000 JavaThread "pool-241-thread-1" [_thread_blocked, id=157699, stack(0x000070001c2a0000,0x000070001c3a0000)]
  0x00007fc13003f000 JavaThread "glide-active-resources" [_thread_blocked, id=14759, stack(0x0000700010969000,0x0000700010a69000)]
  0x00007fc130706000 JavaThread "pool-234-thread-4" [_thread_blocked, id=144643, stack(0x000070001c19d000,0x000070001c29d000)]
  0x00007fc12db7a000 JavaThread "pool-234-thread-3" [_thread_blocked, id=158467, stack(0x000070001c09a000,0x000070001c19a000)]
  0x00007fc12de1a000 JavaThread "pool-234-thread-2" [_thread_blocked, id=144131, stack(0x000070001bf97000,0x000070001c097000)]
  0x00007fc13d1cf000 JavaThread "pool-234-thread-1" [_thread_blocked, id=143619, stack(0x000070001be94000,0x000070001bf94000)]
  0x00007fc13dcfb000 JavaThread "pool-228-thread-4" [_thread_blocked, id=141831, stack(0x000070001b67c000,0x000070001b77c000)]
  0x00007fc12d2cf000 JavaThread "pool-228-thread-3" [_thread_blocked, id=164619, stack(0x000070001ad61000,0x000070001ae61000)]
  0x00007fc13067e000 JavaThread "pool-228-thread-2" [_thread_blocked, id=137739, stack(0x000070001a852000,0x000070001a952000)]
  0x00007fc143be3000 JavaThread "pool-228-thread-1" [_thread_blocked, id=137483, stack(0x000070001a74f000,0x000070001a84f000)]
  0x00007fc13d57a000 JavaThread "pool-222-thread-4" [_thread_blocked, id=158723, stack(0x000070001bc8e000,0x000070001bd8e000)]
  0x00007fc140e56800 JavaThread "pool-222-thread-3" [_thread_blocked, id=158979, stack(0x000070001bb8b000,0x000070001bc8b000)]
  0x00007fc12d935800 JavaThread "pool-222-thread-2" [_thread_blocked, id=159491, stack(0x000070001ba88000,0x000070001bb88000)]
  0x00007fc12df55800 JavaThread "pool-222-thread-1" [_thread_blocked, id=142339, stack(0x000070001b985000,0x000070001ba85000)]
  0x00007fc13d1bc800 JavaThread "pool-216-thread-4" [_thread_blocked, id=161027, stack(0x000070001b579000,0x000070001b679000)]
  0x00007fc130866000 JavaThread "pool-216-thread-3" [_thread_blocked, id=161539, stack(0x000070001b476000,0x000070001b576000)]
  0x00007fc130865000 JavaThread "pool-216-thread-2" [_thread_blocked, id=167687, stack(0x000070001af67000,0x000070001b067000)]
  0x00007fc13fe5c000 JavaThread "pool-216-thread-1" [_thread_blocked, id=132627, stack(0x000070001ae64000,0x000070001af64000)]
  0x00007fc133bb1000 JavaThread "Keep-Alive-Timer" daemon [_thread_blocked, id=30491, stack(0x0000700010d75000,0x0000700010e75000)]
  0x00007fc140885800 JavaThread "pool-210-thread-4" [_thread_blocked, id=173587, stack(0x000070001a64c000,0x000070001a74c000)]
  0x00007fc13f75f800 JavaThread "pool-210-thread-3" [_thread_blocked, id=166663, stack(0x000070001a03a000,0x000070001a13a000)]
  0x00007fc14087e000 JavaThread "pool-210-thread-2" [_thread_blocked, id=167175, stack(0x0000700019f37000,0x000070001a037000)]
  0x00007fc12df76800 JavaThread "pool-210-thread-1" [_thread_blocked, id=109843, stack(0x0000700019e34000,0x0000700019f34000)]
  0x00007fc130867800 JavaThread "pool-204-thread-4" [_thread_blocked, id=161795, stack(0x000070001b373000,0x000070001b473000)]
  0x00007fc133f65800 JavaThread "pool-204-thread-3" [_thread_blocked, id=162307, stack(0x000070001b270000,0x000070001b370000)]
  0x00007fc130867000 JavaThread "pool-204-thread-2" [_thread_blocked, id=162819, stack(0x000070001b16d000,0x000070001b26d000)]
  0x00007fc13d5dc000 JavaThread "pool-204-thread-1" [_thread_blocked, id=163331, stack(0x000070001b06a000,0x000070001b16a000)]
  0x00007fc12db7b000 JavaThread "pool-198-thread-4" [_thread_blocked, id=139523, stack(0x000070001ac5e000,0x000070001ad5e000)]
  0x00007fc13d74f800 JavaThread "pool-198-thread-3" [_thread_blocked, id=164099, stack(0x000070001ab5b000,0x000070001ac5b000)]
  0x00007fc130877000 JavaThread "pool-198-thread-2" [_thread_blocked, id=139011, stack(0x000070001aa58000,0x000070001ab58000)]
  0x00007fc130892000 JavaThread "pool-198-thread-1" [_thread_blocked, id=138499, stack(0x000070001a955000,0x000070001aa55000)]
  0x00007fc13d771000 JavaThread "pool-192-thread-4" [_thread_blocked, id=165123, stack(0x000070001a549000,0x000070001a649000)]
  0x00007fc143866800 JavaThread "pool-192-thread-3" [_thread_blocked, id=173327, stack(0x0000700018bfe000,0x0000700018cfe000)]
  0x00007fc12dc52000 JavaThread "pool-192-thread-2" [_thread_blocked, id=110095, stack(0x0000700018afb000,0x0000700018bfb000)]
  0x00007fc12dc51000 JavaThread "pool-192-thread-1" [_thread_blocked, id=108303, stack(0x00007000189f8000,0x0000700018af8000)]
  0x00007fc1306b3000 JavaThread "pool-186-thread-4" [_thread_blocked, id=137219, stack(0x000070001a446000,0x000070001a546000)]
  0x00007fc1303bf800 JavaThread "pool-186-thread-3" [_thread_blocked, id=136963, stack(0x000070001a343000,0x000070001a443000)]
  0x00007fc13d544800 JavaThread "pool-186-thread-2" [_thread_blocked, id=136707, stack(0x000070001a240000,0x000070001a340000)]
  0x00007fc130863800 JavaThread "pool-186-thread-1" [_thread_blocked, id=166403, stack(0x000070001a13d000,0x000070001a23d000)]
  0x00007fc143a92000 JavaThread "pool-180-thread-4" [_thread_blocked, id=136195, stack(0x0000700019d31000,0x0000700019e31000)]
  0x00007fc14ac88800 JavaThread "pool-180-thread-3" [_thread_blocked, id=168195, stack(0x0000700019c2e000,0x0000700019d2e000)]
  0x00007fc14ac87800 JavaThread "pool-180-thread-2" [_thread_blocked, id=168707, stack(0x0000700019b2b000,0x0000700019c2b000)]
  0x00007fc14a9d0000 JavaThread "pool-180-thread-1" [_thread_blocked, id=135683, stack(0x0000700019a28000,0x0000700019b28000)]
  0x00007fc14ac06800 JavaThread "pool-174-thread-4" [_thread_blocked, id=169475, stack(0x0000700019925000,0x0000700019a25000)]
  0x00007fc130631800 JavaThread "pool-174-thread-3" [_thread_blocked, id=135171, stack(0x0000700019822000,0x0000700019922000)]
  0x00007fc12de03800 JavaThread "pool-174-thread-2" [_thread_blocked, id=169987, stack(0x000070001971f000,0x000070001981f000)]
  0x00007fc140e9f800 JavaThread "pool-174-thread-1" [_thread_blocked, id=170499, stack(0x000070001961c000,0x000070001971c000)]
  0x00007fc14aa56000 JavaThread "pool-168-thread-4" [_thread_blocked, id=171011, stack(0x0000700019519000,0x0000700019619000)]
  0x00007fc12d58e800 JavaThread "pool-168-thread-3" [_thread_blocked, id=134915, stack(0x0000700019416000,0x0000700019516000)]
  0x00007fc12d58e000 JavaThread "pool-168-thread-2" [_thread_blocked, id=134659, stack(0x0000700019313000,0x0000700019413000)]
  0x00007fc13d3a3800 JavaThread "pool-168-thread-1" [_thread_blocked, id=134403, stack(0x0000700019210000,0x0000700019310000)]
  0x00007fc12d834000 JavaThread "pool-162-thread-4" [_thread_blocked, id=172291, stack(0x000070001910d000,0x000070001920d000)]
  0x00007fc14afaf000 JavaThread "pool-162-thread-3" [_thread_blocked, id=115987, stack(0x00007000183e6000,0x00007000184e6000)]
  0x00007fc13d705800 JavaThread "pool-162-thread-2" [_thread_blocked, id=115731, stack(0x00007000182e3000,0x00007000183e3000)]
  0x00007fc13d704800 JavaThread "pool-162-thread-1" [_thread_blocked, id=115475, stack(0x00007000181e0000,0x00007000182e0000)]
  0x00007fc14a9e3800 JavaThread "pool-156-thread-4" [_thread_blocked, id=134147, stack(0x000070001900a000,0x000070001910a000)]
  0x00007fc13264b000 JavaThread "pool-156-thread-3" [_thread_blocked, id=133891, stack(0x0000700018f07000,0x0000700019007000)]
  0x00007fc14a9ec800 JavaThread "pool-156-thread-2" [_thread_blocked, id=133635, stack(0x0000700018e04000,0x0000700018f04000)]
  0x00007fc13d715000 JavaThread "pool-156-thread-1" [_thread_blocked, id=133123, stack(0x0000700018d01000,0x0000700018e01000)]
  0x00007fc1471d7800 JavaThread "pool-150-thread-4" [_thread_blocked, id=132099, stack(0x00007000188f5000,0x00007000189f5000)]
  0x00007fc14a9cb000 JavaThread "pool-150-thread-3" [_thread_blocked, id=105991, stack(0x00007000178c5000,0x00007000179c5000)]
  0x00007fc14a9ae800 JavaThread "pool-150-thread-2" [_thread_blocked, id=105479, stack(0x00007000177c2000,0x00007000178c2000)]
  0x00007fc14a9ad800 JavaThread "pool-150-thread-1" [_thread_blocked, id=105735, stack(0x00007000176bf000,0x00007000177bf000)]
  0x00007fc14a9d1000 JavaThread "pool-144-thread-4" [_thread_blocked, id=131587, stack(0x00007000187f2000,0x00007000188f2000)]
  0x00007fc143a96800 JavaThread "pool-144-thread-3" [_thread_blocked, id=174339, stack(0x00007000186ef000,0x00007000187ef000)]
  0x00007fc12ddac800 JavaThread "pool-144-thread-2" [_thread_blocked, id=109315, stack(0x00007000185ec000,0x00007000186ec000)]
  0x00007fc14aadb800 JavaThread "pool-144-thread-1" [_thread_blocked, id=109059, stack(0x00007000184e9000,0x00007000185e9000)]
  0x00007fc14aa94800 JavaThread "pool-138-thread-4" [_thread_blocked, id=107523, stack(0x00007000180dd000,0x00007000181dd000)]
  0x00007fc1327f3800 JavaThread "pool-138-thread-3" [_thread_blocked, id=107267, stack(0x0000700017fda000,0x00007000180da000)]
  0x00007fc1327f3000 JavaThread "pool-138-thread-2" [_thread_blocked, id=110851, stack(0x0000700017ed7000,0x0000700017fd7000)]
  0x00007fc1327f2000 JavaThread "pool-138-thread-1" [_thread_blocked, id=111363, stack(0x0000700017dd4000,0x0000700017ed4000)]
  0x00007fc140f1a000 JavaThread "pool-132-thread-4" [_thread_blocked, id=106755, stack(0x0000700017cd1000,0x0000700017dd1000)]
  0x00007fc140f17800 JavaThread "pool-132-thread-3" [_thread_blocked, id=111619, stack(0x0000700017bce000,0x0000700017cce000)]
  0x00007fc12db29800 JavaThread "pool-132-thread-2" [_thread_blocked, id=112131, stack(0x0000700017acb000,0x0000700017bcb000)]
  0x00007fc12dd46000 JavaThread "pool-132-thread-1" [_thread_blocked, id=112643, stack(0x00007000179c8000,0x0000700017ac8000)]
  0x00007fc143a84000 JavaThread "pool-126-thread-4" [_thread_blocked, id=104963, stack(0x00007000175bc000,0x00007000176bc000)]
  0x00007fc143aec000 JavaThread "pool-126-thread-3" [_thread_blocked, id=104451, stack(0x00007000174b9000,0x00007000175b9000)]
  0x00007fc14afd9000 JavaThread "pool-126-thread-2" [_thread_blocked, id=101895, stack(0x0000700016faa000,0x00007000170aa000)]
  0x00007fc132338000 JavaThread "pool-126-thread-1" [_thread_blocked, id=119815, stack(0x0000700016ea7000,0x0000700016fa7000)]
  0x00007fc12d3b8800 JavaThread "pool-120-thread-4" [_thread_blocked, id=94227, stack(0x000070001668f000,0x000070001678f000)]
  0x00007fc132099800 JavaThread "pool-120-thread-3" [_thread_blocked, id=125971, stack(0x0000700016386000,0x0000700016486000)]
  0x00007fc132098800 JavaThread "pool-120-thread-2" [_thread_blocked, id=126483, stack(0x0000700016283000,0x0000700016383000)]
  0x00007fc132067800 JavaThread "pool-120-thread-1" [_thread_blocked, id=123151, stack(0x0000700015253000,0x0000700015353000)]
  0x00007fc140902000 JavaThread "pool-122-thread-1" [_thread_blocked, id=102663, stack(0x0000700013805000,0x0000700013905000)]
  0x00007fc1413c9000 JavaThread "pool-119-thread-1" [_thread_blocked, id=118023, stack(0x0000700013702000,0x0000700013802000)]
  0x00007fc13f18e000 JavaThread "pool-121-thread-1" [_thread_blocked, id=117767, stack(0x0000700012b5e000,0x0000700012c5e000)]
  0x00007fc140da6000 JavaThread "pool-114-thread-4" [_thread_blocked, id=113667, stack(0x00007000173b6000,0x00007000174b6000)]
  0x00007fc130370800 JavaThread "pool-114-thread-3" [_thread_blocked, id=104195, stack(0x00007000172b3000,0x00007000173b3000)]
  0x00007fc1305e4800 JavaThread "pool-114-thread-2" [_thread_blocked, id=114435, stack(0x00007000171b0000,0x00007000172b0000)]
  0x00007fc13d795800 JavaThread "pool-114-thread-1" [_thread_blocked, id=114947, stack(0x00007000170ad000,0x00007000171ad000)]
  0x00007fc12d671800 JavaThread "pool-108-thread-4" [_thread_blocked, id=103427, stack(0x0000700016ca1000,0x0000700016da1000)]
  0x00007fc12d670800 JavaThread "pool-108-thread-3" [_thread_blocked, id=103171, stack(0x0000700016b9e000,0x0000700016c9e000)]
  0x00007fc13273d800 JavaThread "pool-108-thread-2" [_thread_blocked, id=102915, stack(0x0000700016a9b000,0x0000700016b9b000)]
  0x00007fc132489000 JavaThread "pool-108-thread-1" [_thread_blocked, id=117251, stack(0x0000700016998000,0x0000700016a98000)]
  0x00007fc143af2800 JavaThread "pool-102-thread-4" [_thread_blocked, id=118787, stack(0x000070001658c000,0x000070001668c000)]
  0x00007fc143af1800 JavaThread "pool-102-thread-3" [_thread_blocked, id=119043, stack(0x0000700016489000,0x0000700016589000)]
  0x00007fc130316800 JavaThread "pool-102-thread-2" [_thread_blocked, id=123403, stack(0x0000700015459000,0x0000700015559000)]
  0x00007fc12dc55000 JavaThread "pool-102-thread-1" [_thread_blocked, id=97803, stack(0x0000700015356000,0x0000700015456000)]
  0x00007fc13273f000 JavaThread "pool-96-thread-4" [_thread_blocked, id=120323, stack(0x0000700016180000,0x0000700016280000)]
  0x00007fc140ca1800 JavaThread "pool-96-thread-3" [_thread_blocked, id=120835, stack(0x000070001607d000,0x000070001617d000)]
  0x00007fc140ca0800 JavaThread "pool-96-thread-2" [_thread_blocked, id=121091, stack(0x0000700015f7a000,0x000070001607a000)]
  0x00007fc12d64b800 JavaThread "pool-96-thread-1" [_thread_blocked, id=101123, stack(0x0000700015e77000,0x0000700015f77000)]
  0x00007fc13d054800 JavaThread "pool-90-thread-4" [_thread_blocked, id=100611, stack(0x0000700015d74000,0x0000700015e74000)]
  0x00007fc13f76a800 JavaThread "pool-90-thread-3" [_thread_blocked, id=100099, stack(0x0000700015c71000,0x0000700015d71000)]
  0x00007fc1413ba800 JavaThread "pool-90-thread-2" [_thread_blocked, id=121347, stack(0x0000700015b6e000,0x0000700015c6e000)]
  0x00007fc13d052000 JavaThread "pool-90-thread-1" [_thread_blocked, id=99335, stack(0x0000700015a6b000,0x0000700015b6b000)]
  0x00007fc12d1a4000 JavaThread "pool-84-thread-4" [_thread_blocked, id=121603, stack(0x0000700015968000,0x0000700015a68000)]
  0x00007fc132558800 JavaThread "pool-84-thread-3" [_thread_blocked, id=129295, stack(0x0000700014835000,0x0000700014935000)]
  0x00007fc14ab1b000 JavaThread "pool-84-thread-2" [_thread_blocked, id=89871, stack(0x0000700014732000,0x0000700014832000)]
  0x00007fc14ab1a800 JavaThread "pool-84-thread-1" [_thread_blocked, id=66579, stack(0x000070001462f000,0x000070001472f000)]
  0x00007fc1333d7800 JavaThread "pool-78-thread-4" [_thread_blocked, id=98819, stack(0x0000700015865000,0x0000700015965000)]
  0x00007fc13f395800 JavaThread "pool-78-thread-3" [_thread_blocked, id=122115, stack(0x0000700015762000,0x0000700015862000)]
  0x00007fc13f395000 JavaThread "pool-78-thread-2" [_thread_blocked, id=98307, stack(0x000070001565f000,0x000070001575f000)]
  0x00007fc13f394000 JavaThread "pool-78-thread-1" [_thread_blocked, id=122883, stack(0x000070001555c000,0x000070001565c000)]
  0x00007fc14af8b800 JavaThread "pool-72-thread-4" [_thread_blocked, id=123651, stack(0x0000700015150000,0x0000700015250000)]
  0x00007fc12dcc0000 JavaThread "pool-72-thread-3" [_thread_blocked, id=123907, stack(0x000070001504d000,0x000070001514d000)]
  0x00007fc12ecf3000 JavaThread "pool-72-thread-2" [_thread_blocked, id=96515, stack(0x0000700014f4a000,0x000070001504a000)]
  0x00007fc13d8ca000 JavaThread "pool-72-thread-1" [_thread_blocked, id=96259, stack(0x0000700014e47000,0x0000700014f47000)]
  0x00007fc1471a0000 JavaThread "pool-66-thread-4" [_thread_blocked, id=124931, stack(0x0000700014d44000,0x0000700014e44000)]
  0x00007fc144381800 JavaThread "pool-66-thread-3" [_thread_blocked, id=92167, stack(0x0000700013d14000,0x0000700013e14000)]
  0x00007fc13ead5000 JavaThread "pool-66-thread-2" [_thread_blocked, id=88587, stack(0x0000700013c11000,0x0000700013d11000)]
  0x00007fc13e9d0800 JavaThread "pool-66-thread-1" [_thread_blocked, id=130059, stack(0x0000700013b0e000,0x0000700013c0e000)]
  0x00007fc12f914800 JavaThread "pool-60-thread-4" [_thread_blocked, id=95747, stack(0x0000700014c41000,0x0000700014d41000)]
  0x00007fc140f37000 JavaThread "pool-60-thread-3" [_thread_blocked, id=95235, stack(0x0000700014b3e000,0x0000700014c3e000)]
  0x00007fc140f36000 JavaThread "pool-60-thread-2" [_thread_blocked, id=125443, stack(0x0000700014a3b000,0x0000700014b3b000)]
  0x00007fc147071800 JavaThread "pool-60-thread-1" [_thread_blocked, id=94979, stack(0x0000700014938000,0x0000700014a38000)]
  0x00007fc1475b7800 JavaThread "pool-54-thread-4" [_thread_blocked, id=126979, stack(0x000070001452c000,0x000070001462c000)]
  0x00007fc13f04d000 JavaThread "pool-54-thread-3" [_thread_blocked, id=127491, stack(0x0000700014429000,0x0000700014529000)]
  0x00007fc133f95000 JavaThread "pool-54-thread-2" [_thread_blocked, id=93699, stack(0x0000700014326000,0x0000700014426000)]
  0x00007fc14aff8800 JavaThread "pool-54-thread-1" [_thread_blocked, id=93187, stack(0x0000700014223000,0x0000700014323000)]
  0x00007fc13f772800 JavaThread "pool-48-thread-4" [_thread_blocked, id=128003, stack(0x0000700014120000,0x0000700014220000)]
  0x00007fc12ec48800 JavaThread "pool-48-thread-3" [_thread_blocked, id=92675, stack(0x000070001401d000,0x000070001411d000)]
  0x00007fc14ae3e000 JavaThread "pool-48-thread-2" [_thread_blocked, id=128259, stack(0x0000700013f1a000,0x000070001401a000)]
  0x00007fc12f916000 JavaThread "pool-48-thread-1" [_thread_blocked, id=128771, stack(0x0000700013e17000,0x0000700013f17000)]
  0x00007fc133abe000 JavaThread "pool-42-thread-4" [_thread_blocked, id=91139, stack(0x0000700013a0b000,0x0000700013b0b000)]
  0x00007fc130e65000 JavaThread "pool-42-thread-3" [_thread_blocked, id=90627, stack(0x0000700013908000,0x0000700013a08000)]
  0x00007fc130e64800 JavaThread "pool-42-thread-2" [_thread_blocked, id=66055, stack(0x0000700012d64000,0x0000700012e64000)]
  0x00007fc13086c800 JavaThread "pool-42-thread-1" [_thread_blocked, id=66311, stack(0x0000700012c61000,0x0000700012d61000)]
  0x00007fc12ded8000 JavaThread "pool-36-thread-4" [_thread_blocked, id=129539, stack(0x00007000135ff000,0x00007000136ff000)]
  0x00007fc130dca800 JavaThread "pool-36-thread-3" [_thread_blocked, id=129795, stack(0x00007000134fc000,0x00007000135fc000)]
  0x00007fc130e69800 JavaThread "pool-36-thread-2" [_thread_blocked, id=88835, stack(0x00007000133f9000,0x00007000134f9000)]
  0x00007fc12fa32000 JavaThread "pool-36-thread-1" [_thread_blocked, id=62727, stack(0x0000700013273000,0x0000700013373000)]
  0x00007fc12fafa800 JavaThread "pool-38-thread-1" [_thread_blocked, id=62983, stack(0x000070001264f000,0x000070001274f000)]
  0x00007fc14ae46800 JavaThread "pool-35-thread-1" [_thread_blocked, id=67847, stack(0x000070001254c000,0x000070001264c000)]
  0x00007fc1442f7000 JavaThread "pool-37-thread-1" [_thread_blocked, id=88327, stack(0x0000700012449000,0x0000700012549000)]
  0x00007fc12f8a3800 JavaThread "pool-30-thread-4" [_thread_blocked, id=87811, stack(0x0000700013170000,0x0000700013270000)]
  0x00007fc13df5d000 JavaThread "pool-30-thread-3" [_thread_blocked, id=130563, stack(0x000070001306d000,0x000070001316d000)]
  0x00007fc13df5c800 JavaThread "pool-30-thread-2" [_thread_blocked, id=87299, stack(0x0000700012f6a000,0x000070001306a000)]
  0x00007fc13d9c7800 JavaThread "pool-30-thread-1" [_thread_blocked, id=65539, stack(0x0000700012e67000,0x0000700012f67000)]
  0x00007fc12fbf8800 JavaThread "pool-24-thread-4" [_thread_blocked, id=67075, stack(0x0000700012a5b000,0x0000700012b5b000)]
  0x00007fc1327cb000 JavaThread "pool-24-thread-3" [_thread_blocked, id=67587, stack(0x0000700012958000,0x0000700012a58000)]
  0x00007fc1327ca000 JavaThread "pool-24-thread-2" [_thread_blocked, id=64259, stack(0x0000700012855000,0x0000700012955000)]
  0x00007fc13dbc2800 JavaThread "pool-24-thread-1" [_thread_blocked, id=63747, stack(0x0000700012752000,0x0000700012852000)]
  0x00007fc1321c0000 JavaThread "pool-18-thread-4" [_thread_blocked, id=62467, stack(0x0000700012346000,0x0000700012446000)]
  0x00007fc14a8f2000 JavaThread "pool-18-thread-3" [_thread_blocked, id=61955, stack(0x0000700012243000,0x0000700012343000)]
  0x00007fc14a819000 JavaThread "pool-18-thread-2" [_thread_blocked, id=61699, stack(0x0000700012140000,0x0000700012240000)]
  0x00007fc14a8f9000 JavaThread "pool-18-thread-1" [_thread_blocked, id=68867, stack(0x000070001203d000,0x000070001213d000)]
  0x00007fc140f06800 JavaThread "pool-20-thread-1" [_thread_blocked, id=60707, stack(0x0000700011f3a000,0x000070001203a000)]
  0x00007fc12fff7000 JavaThread "pool-17-thread-1" [_thread_blocked, id=69175, stack(0x0000700011e37000,0x0000700011f37000)]
  0x00007fc1471e5000 JavaThread "pool-19-thread-1" [_thread_blocked, id=31503, stack(0x0000700010e78000,0x0000700010f78000)]
  0x00007fc13dbc1000 JavaThread "pool-12-thread-4" [_thread_blocked, id=45331, stack(0x0000700011d34000,0x0000700011e34000)]
  0x00007fc1414fe000 JavaThread "pool-12-thread-3" [_thread_blocked, id=34055, stack(0x0000700011c31000,0x0000700011d31000)]
  0x00007fc14af57800 JavaThread "pool-12-thread-2" [_thread_blocked, id=26895, stack(0x0000700011b2e000,0x0000700011c2e000)]
  0x00007fc140902800 JavaThread "pool-12-thread-1" [_thread_blocked, id=47891, stack(0x0000700011a2b000,0x0000700011b2b000)]
  0x00007fc14af57000 JavaThread "pool-14-thread-1" [_thread_blocked, id=82951, stack(0x0000700011287000,0x0000700011387000)]
  0x00007fc13d7a9800 JavaThread "pool-11-thread-1" [_thread_blocked, id=32263, stack(0x0000700011184000,0x0000700011284000)]
  0x00007fc13d3f3800 JavaThread "pool-13-thread-1" [_thread_blocked, id=34315, stack(0x0000700011081000,0x0000700011181000)]
  0x00007fc13d063000 JavaThread "pool-3-thread-4" [_thread_blocked, id=32007, stack(0x0000700010f7e000,0x000070001107e000)]
  0x00007fc13edcc000 JavaThread "pool-3-thread-3" [_thread_blocked, id=60163, stack(0x0000700011928000,0x0000700011a28000)]
  0x00007fc14a047000 JavaThread "pool-3-thread-2" [_thread_blocked, id=59651, stack(0x0000700011825000,0x0000700011925000)]
  0x00007fc13edcb800 JavaThread "pool-3-thread-1" [_thread_blocked, id=69639, stack(0x0000700011722000,0x0000700011822000)]
  0x00007fc13f1a4800 JavaThread "pool-7-thread-1" [_thread_blocked, id=35643, stack(0x000070001161f000,0x000070001171f000)]
  0x00007fc13df1c000 JavaThread "Espresso Remote #0" [_thread_blocked, id=73739, stack(0x000070001151c000,0x000070001161c000)]
  0x00007fc13d677000 JavaThread "Java2D Disposer" daemon [_thread_blocked, id=56587, stack(0x0000700011419000,0x0000700011519000)]
  0x00007fc13d86d800 JavaThread "AWT-AppKit" daemon [_thread_in_native, id=775, stack(0x00007ffeeba16000,0x00007ffeec216000)]
  0x00007fc13d87e000 JavaThread "kotlinx.coroutines.DefaultExecutor" daemon [_thread_blocked, id=40963, stack(0x0000700010c72000,0x0000700010d72000)]
  0x00007fc13f4c7000 JavaThread "pool-2-thread-1" [_thread_blocked, id=41475, stack(0x0000700010b6f000,0x0000700010c6f000)]
  0x00007fc13f5b6800 JavaThread "pool-4-thread-1" [_thread_blocked, id=41731, stack(0x0000700010a6c000,0x0000700010b6c000)]
  0x00007fc13d176800 JavaThread "SDK 28 Main Thread" [_thread_in_Java, id=42243, stack(0x0000700010866000,0x0000700010966000)]
  0x00007fc145032800 JavaThread "Attach Listener" daemon [_thread_blocked, id=22531, stack(0x0000700010763000,0x0000700010863000)]
  0x00007fc13f040000 JavaThread "Service Thread" daemon [_thread_blocked, id=43011, stack(0x000070001055d000,0x000070001065d000)]
  0x00007fc13e833000 JavaThread "C1 CompilerThread3" daemon [_thread_in_vm, id=21763, stack(0x000070001045a000,0x000070001055a000)]
  0x00007fc14080a800 JavaThread "C2 CompilerThread2" daemon [_thread_blocked, id=17667, stack(0x0000700010357000,0x0000700010457000)]
=>0x00007fc13d03b800 JavaThread "C2 CompilerThread1" daemon [_thread_in_native, id=16899, stack(0x0000700010254000,0x0000700010354000)]
  0x00007fc13d00b800 JavaThread "C2 CompilerThread0" daemon [_thread_blocked, id=16387, stack(0x0000700010151000,0x0000700010251000)]
  0x00007fc14381d000 JavaThread "Monitor Ctrl-Break" daemon [_thread_in_native, id=15875, stack(0x000070001004e000,0x000070001014e000)]
  0x00007fc13d830000 JavaThread "Signal Dispatcher" daemon [_thread_blocked, id=17923, stack(0x000070000ff4b000,0x000070001004b000)]
  0x00007fc13f016000 JavaThread "Finalizer" daemon [_thread_blocked, id=13315, stack(0x000070000fd42000,0x000070000fe42000)]
  0x00007fc13f013800 JavaThread "Reference Handler" daemon [_thread_blocked, id=19715, stack(0x000070000fc3f000,0x000070000fd3f000)]
  0x00007fc13e809000 JavaThread "main" [_thread_blocked, id=3587, stack(0x000070000f01b000,0x000070000f11b000)]

Other Threads:
  0x00007fc13d819800 VMThread [stack: 0x000070000fb3c000,0x000070000fc3c000] [id=12547]
  0x00007fc13f021800 WatcherThread [stack: 0x0000700010660000,0x0000700010760000] [id=42755]

VM state:not at safepoint (normal execution)

VM Mutex/Monitor currently owned by a thread:  ([mutex/lock_event])
[0x00007fc13ce0a3b0] CompiledIC_lock - owner thread: 0x00007fc13e833000

heap address: 0x00000006c0000000, size: 4096 MB, Compressed Oops mode: Zero based, Oop shift amount: 3
Narrow klass base: 0x0000000000000000, Narrow klass shift: 3
Compressed class space size: 1073741824 Address: 0x00000007c0000000

Heap:
 PSYoungGen      total 1311232K, used 866054K [0x000000076ab00000, 0x00000007bfc00000, 0x00000007c0000000)
  eden space 1232896K, 67% used [0x000000076ab00000,0x000000079d50be80,0x00000007b5f00000)
  from space 78336K, 46% used [0x00000007baf80000,0x00000007bd335bf8,0x00000007bfc00000)
  to   space 80384K, 0% used [0x00000007b5f00000,0x00000007b5f00000,0x00000007bad80000)
 ParOldGen       total 253952K, used 164876K [0x00000006c0000000, 0x00000006cf800000, 0x000000076ab00000)
  object space 253952K, 64% used [0x00000006c0000000,0x00000006ca103308,0x00000006cf800000)
 Metaspace       used 98213K, capacity 115840K, committed 116092K, reserved 1148928K
  class space    used 11491K, capacity 15674K, committed 15792K, reserved 1048576K

Card table byte_map: [0x0000000106678000,0x0000000106e79000] byte_map_base: 0x0000000103078000

Marking Bits: (ParMarkBitMap*) 0x0000000105c273f8
 Begin Bits: [0x000000011dd90000, 0x0000000121d90000)
 End Bits:   [0x0000000121d90000, 0x0000000125d90000)

Polling page: 0x0000000103a84000

CodeCache: size=245760Kb used=157464Kb max_used=157551Kb free=88295Kb
 bounds [0x000000010ed90000, 0x0000000118800000, 0x000000011dd90000]
 total_blobs=18966 nmethods=16925 adapters=1947
 compilation: enabled

Compilation events (10 events):
Event: 89.123 Thread 0x00007fc13e833000 21416       3       androidx.recyclerview.widget.DefaultItemAnimator::$$robo$$androidx_recyclerview_widget_DefaultItemAnimator$endAnimation (421 bytes)
Event: 89.130 Thread 0x00007fc13d00b800 nmethod 21406 0x0000000110b00410 code [0x0000000110b00660, 0x0000000110b01c48]
Event: 89.136 Thread 0x00007fc13e833000 nmethod 21416 0x00000001187cc810 code [0x00000001187cdee0, 0x00000001187dfc38]
Event: 89.139 Thread 0x00007fc13d03b800 21417       4       androidx.recyclerview.widget.ChildHelper$Bucket::remove (8 bytes)
Event: 89.140 Thread 0x00007fc13d03b800 nmethod 21417 0x000000010f148ed0 code [0x000000010f149020, 0x000000010f1490f8]
Event: 89.147 Thread 0x00007fc14080a800 21418       4       kotlinx.coroutines.AbstractCoroutine::resumeWith (23 bytes)
Event: 89.152 Thread 0x00007fc13d00b800 21419       4       androidx.constraintlayout.solver.widgets.ConstraintWidget::getCompanionWidget (7 bytes)
Event: 89.154 Thread 0x00007fc13d00b800 nmethod 21419 0x00000001149e8d50 code [0x00000001149e8ea0, 0x00000001149e8f18]
Event: 89.155 Thread 0x00007fc13d03b800 21420       4       com.android.internal.policy.DecorView::getResources (7 bytes)
Event: 89.171 Thread 0x00007fc14080a800 nmethod 21418 0x000000011325a290 code [0x000000011325a5e0, 0x000000011325bad0]

GC Heap History (10 events):
Event: 77.829 GC heap before
{Heap before GC invocations=44 (full 4):
 PSYoungGen      total 1283584K, used 1283332K [0x000000076ab00000, 0x00000007c0000000, 0x00000007c0000000)
  eden space 1225216K, 100% used [0x000000076ab00000,0x00000007b5780000,0x00000007b5780000)
  from space 58368K, 99% used [0x00000007b5780000,0x00000007b90410b0,0x00000007b9080000)
  to   space 87040K, 0% used [0x00000007bab00000,0x00000007bab00000,0x00000007c0000000)
 ParOldGen       total 253952K, used 141239K [0x00000006c0000000, 0x00000006cf800000, 0x000000076ab00000)
  object space 253952K, 55% used [0x00000006c0000000,0x00000006c89edcb0,0x00000006cf800000)
 Metaspace       used 97741K, capacity 115256K, committed 115452K, reserved 1148928K
  class space    used 11468K, capacity 15656K, committed 15664K, reserved 1048576K
Event: 77.843 GC heap after
Heap after GC invocations=44 (full 4):
 PSYoungGen      total 1312256K, used 53308K [0x000000076ab00000, 0x00000007c0000000, 0x00000007c0000000)
  eden space 1225216K, 0% used [0x000000076ab00000,0x000000076ab00000,0x00000007b5780000)
  from space 87040K, 61% used [0x00000007bab00000,0x00000007bdf0f1a8,0x00000007c0000000)
  to   space 85504K, 0% used [0x00000007b5780000,0x00000007b5780000,0x00000007bab00000)
 ParOldGen       total 253952K, used 141431K [0x00000006c0000000, 0x00000006cf800000, 0x000000076ab00000)
  object space 253952K, 55% used [0x00000006c0000000,0x00000006c8a1dcb0,0x00000006cf800000)
 Metaspace       used 97741K, capacity 115256K, committed 115452K, reserved 1148928K
  class space    used 11468K, capacity 15656K, committed 15664K, reserved 1048576K
}
Event: 80.108 GC heap before
{Heap before GC invocations=45 (full 4):
 PSYoungGen      total 1312256K, used 1278524K [0x000000076ab00000, 0x00000007c0000000, 0x00000007c0000000)
  eden space 1225216K, 100% used [0x000000076ab00000,0x00000007b5780000,0x00000007b5780000)
  from space 87040K, 61% used [0x00000007bab00000,0x00000007bdf0f1a8,0x00000007c0000000)
  to   space 85504K, 0% used [0x00000007b5780000,0x00000007b5780000,0x00000007bab00000)
 ParOldGen       total 253952K, used 141431K [0x00000006c0000000, 0x00000006cf800000, 0x000000076ab00000)
  object space 253952K, 55% used [0x00000006c0000000,0x00000006c8a1dcb0,0x00000006cf800000)
 Metaspace       used 97932K, capacity 115500K, committed 115708K, reserved 1148928K
  class space    used 11473K, capacity 15660K, committed 15664K, reserved 1048576K
Event: 80.150 GC heap after
Heap after GC invocations=45 (full 4):
 PSYoungGen      total 1310720K, used 58441K [0x000000076ab00000, 0x00000007bff80000, 0x00000007c0000000)
  eden space 1225216K, 0% used [0x000000076ab00000,0x000000076ab00000,0x00000007b5780000)
  from space 85504K, 68% used [0x00000007b5780000,0x00000007b90926d8,0x00000007bab00000)
  to   space 86016K, 0% used [0x00000007bab80000,0x00000007bab80000,0x00000007bff80000)
 ParOldGen       total 253952K, used 141575K [0x00000006c0000000, 0x00000006cf800000, 0x000000076ab00000)
  object space 253952K, 55% used [0x00000006c0000000,0x00000006c8a41cb0,0x00000006cf800000)
 Metaspace       used 97932K, capacity 115500K, committed 115708K, reserved 1148928K
  class space    used 11473K, capacity 15660K, committed 15664K, reserved 1048576K
}
Event: 82.545 GC heap before
{Heap before GC invocations=46 (full 4):
 PSYoungGen      total 1310720K, used 1283657K [0x000000076ab00000, 0x00000007bff80000, 0x00000007c0000000)
  eden space 1225216K, 100% used [0x000000076ab00000,0x00000007b5780000,0x00000007b5780000)
  from space 85504K, 68% used [0x00000007b5780000,0x00000007b90926d8,0x00000007bab00000)
  to   space 86016K, 0% used [0x00000007bab80000,0x00000007bab80000,0x00000007bff80000)
 ParOldGen       total 253952K, used 141575K [0x00000006c0000000, 0x00000006cf800000, 0x000000076ab00000)
  object space 253952K, 55% used [0x00000006c0000000,0x00000006c8a41cb0,0x00000006cf800000)
 Metaspace       used 97981K, capacity 115526K, committed 115708K, reserved 1148928K
  class space    used 11477K, capacity 15663K, committed 15664K, reserved 1048576K
Event: 82.562 GC heap after
Heap after GC invocations=46 (full 4):
 PSYoungGen      total 1306112K, used 46728K [0x000000076ab00000, 0x00000007bf980000, 0x00000007c0000000)
  eden space 1226240K, 0% used [0x000000076ab00000,0x000000076ab00000,0x00000007b5880000)
  from space 79872K, 58% used [0x00000007bab80000,0x00000007bd922128,0x00000007bf980000)
  to   space 82432K, 0% used [0x00000007b5880000,0x00000007b5880000,0x00000007ba900000)
 ParOldGen       total 253952K, used 150347K [0x00000006c0000000, 0x00000006cf800000, 0x000000076ab00000)
  object space 253952K, 59% used [0x00000006c0000000,0x00000006c92d2f60,0x00000006cf800000)
 Metaspace       used 97981K, capacity 115526K, committed 115708K, reserved 1148928K
  class space    used 11477K, capacity 15663K, committed 15664K, reserved 1048576K
}
Event: 85.620 GC heap before
{Heap before GC invocations=47 (full 4):
 PSYoungGen      total 1306112K, used 1272968K [0x000000076ab00000, 0x00000007bf980000, 0x00000007c0000000)
  eden space 1226240K, 100% used [0x000000076ab00000,0x00000007b5880000,0x00000007b5880000)
  from space 79872K, 58% used [0x00000007bab80000,0x00000007bd922128,0x00000007bf980000)
  to   space 82432K, 0% used [0x00000007b5880000,0x00000007b5880000,0x00000007ba900000)
 ParOldGen       total 253952K, used 150347K [0x00000006c0000000, 0x00000006cf800000, 0x000000076ab00000)
  object space 253952K, 59% used [0x00000006c0000000,0x00000006c92d2f60,0x00000006cf800000)
 Metaspace       used 98071K, capacity 115688K, committed 115836K, reserved 1148928K
  class space    used 11482K, capacity 15666K, committed 15792K, reserved 1048576K
Event: 85.652 GC heap after
Heap after GC invocations=47 (full 4):
 PSYoungGen      total 1308672K, used 28630K [0x000000076ab00000, 0x00000007c0000000, 0x00000007c0000000)
  eden space 1226240K, 0% used [0x000000076ab00000,0x000000076ab00000,0x00000007b5880000)
  from space 82432K, 34% used [0x00000007b5880000,0x00000007b7475810,0x00000007ba900000)
  to   space 82432K, 0% used [0x00000007baf80000,0x00000007baf80000,0x00000007c0000000)
 ParOldGen       total 253952K, used 164652K [0x00000006c0000000, 0x00000006cf800000, 0x000000076ab00000)
  object space 253952K, 64% used [0x00000006c0000000,0x00000006ca0cb308,0x00000006cf800000)
 Metaspace       used 98071K, capacity 115688K, committed 115836K, reserved 1148928K
  class space    used 11482K, capacity 15666K, committed 15792K, reserved 1048576K
}
Event: 87.959 GC heap before
{Heap before GC invocations=48 (full 4):
 PSYoungGen      total 1308672K, used 1254870K [0x000000076ab00000, 0x00000007c0000000, 0x00000007c0000000)
  eden space 1226240K, 100% used [0x000000076ab00000,0x00000007b5880000,0x00000007b5880000)
  from space 82432K, 34% used [0x00000007b5880000,0x00000007b7475810,0x00000007ba900000)
  to   space 82432K, 0% used [0x00000007baf80000,0x00000007baf80000,0x00000007c0000000)
 ParOldGen       total 253952K, used 164652K [0x00000006c0000000, 0x00000006cf800000, 0x000000076ab00000)
  object space 253952K, 64% used [0x00000006c0000000,0x00000006ca0cb308,0x00000006cf800000)
 Metaspace       used 98153K, capacity 115814K, committed 116092K, reserved 1148928K
  class space    used 11487K, capacity 15671K, committed 15792K, reserved 1048576K
Event: 87.972 GC heap after
Heap after GC invocations=48 (full 4):
 PSYoungGen      total 1311232K, used 36566K [0x000000076ab00000, 0x00000007bfc00000, 0x00000007c0000000)
  eden space 1232896K, 0% used [0x000000076ab00000,0x000000076ab00000,0x00000007b5f00000)
  from space 78336K, 46% used [0x00000007baf80000,0x00000007bd335bf8,0x00000007bfc00000)
  to   space 80384K, 0% used [0x00000007b5f00000,0x00000007b5f00000,0x00000007bad80000)
 ParOldGen       total 253952K, used 164876K [0x00000006c0000000, 0x00000006cf800000, 0x000000076ab00000)
  object space 253952K, 64% used [0x00000006c0000000,0x00000006ca103308,0x00000006cf800000)
 Metaspace       used 98153K, capacity 115814K, committed 116092K, reserved 1148928K
  class space    used 11487K, capacity 15671K, committed 15792K, reserved 1048576K
}

Deoptimization events (10 events):
Event: 84.958 Thread 0x00007fc13d176800 Uncommon trap: reason=unstable_if action=reinterpret pc=0x00000001183c49bc method=android.view.View.$$robo$$android_view_View$dispatchAttachedToWindow(Landroid/view/View$AttachInfo;I)V @ 173
Event: 85.074 Thread 0x00007fc13d176800 Uncommon trap: reason=unstable_if action=reinterpret pc=0x00000001141d90e4 method=org.oppia.android.app.model.Fraction.dynamicMethod(Lcom/google/protobuf/GeneratedMessageLite$MethodToInvoke;Ljava/lang/Object;Ljava/lang/Object;)Ljava/lang/Object; @ 233
Event: 87.284 Thread 0x00007fc13d176800 Uncommon trap: reason=array_check action=maybe_recompile pc=0x0000000118690608 method=android.text.SpanSet.$$robo$$android_text_SpanSet$init(Landroid/text/Spanned;II)V @ 159
Event: 87.284 Thread 0x00007fc13d176800 Uncommon trap: reason=array_check action=maybe_recompile pc=0x0000000118690608 method=android.text.SpanSet.$$robo$$android_text_SpanSet$init(Landroid/text/Spanned;II)V @ 159
Event: 87.348 Thread 0x00007fc13d176800 Uncommon trap: reason=array_check action=maybe_recompile pc=0x0000000118690608 method=android.text.SpanSet.$$robo$$android_text_SpanSet$init(Landroid/text/Spanned;II)V @ 159
Event: 87.348 Thread 0x00007fc13d176800 Uncommon trap: reason=array_check action=maybe_recompile pc=0x0000000118690608 method=android.text.SpanSet.$$robo$$android_text_SpanSet$init(Landroid/text/Spanned;II)V @ 159
Event: 89.083 Thread 0x00007fc12d9ce800 Uncommon trap: reason=speculate_class_check action=maybe_recompile pc=0x00000001142ced24 method=kotlinx.coroutines.JobSupport.completeStateFinalization(Lkotlinx/coroutines/Incomplete;Ljava/lang/Object;)V @ 45
Event: 89.083 Thread 0x00007fc12ddee000 Uncommon trap: reason=speculate_class_check action=maybe_recompile pc=0x00000001142ced24 method=kotlinx.coroutines.JobSupport.completeStateFinalization(Lkotlinx/coroutines/Incomplete;Ljava/lang/Object;)V @ 45
Event: 89.084 Thread 0x00007fc13d176800 Uncommon trap: reason=speculate_class_check action=maybe_recompile pc=0x00000001142ced24 method=kotlinx.coroutines.JobSupport.completeStateFinalization(Lkotlinx/coroutines/Incomplete;Ljava/lang/Object;)V @ 45
Event: 89.104 Thread 0x00007fc12d91f000 Uncommon trap: reason=speculate_class_check action=maybe_recompile pc=0x00000001142ced24 method=kotlinx.coroutines.JobSupport.completeStateFinalization(Lkotlinx/coroutines/Incomplete;Ljava/lang/Object;)V @ 45

Classes redefined (0 events):
No events

Internal exceptions (10 events):
Event: 86.464 Thread 0x00007fc13d176800 Exception <a 'sun/nio/fs/UnixException'> (0x000000077c49aa30) thrown at [/Volumes/Android/buildbot/src/googleplex-android/openjdk/out/hotspot/src/share/vm/prims/jni.cpp, line 710]
Event: 86.478 Thread 0x00007fc12de1a000 Exception <a 'java/lang/InterruptedException'> (0x000000077c6fd0f8) thrown at [/Volumes/Android/buildbot/src/googleplex-android/openjdk/out/hotspot/src/share/vm/runtime/objectMonitor.cpp, line 1680]
Event: 87.631 Thread 0x00007fc13d176800 Exception <a 'sun/nio/fs/UnixException'> (0x00000007a8887a60) thrown at [/Volumes/Android/buildbot/src/googleplex-android/openjdk/out/hotspot/src/share/vm/prims/jni.cpp, line 710]
Event: 87.636 Thread 0x00007fc13d1bf000 Exception <a 'java/lang/InterruptedException'> (0x000000077c7825d8) thrown at [/Volumes/Android/buildbot/src/googleplex-android/openjdk/out/hotspot/src/share/vm/runtime/objectMonitor.cpp, line 1680]
Event: 87.973 Thread 0x00007fc13f016000 Exception <a 'java/lang/NoSuchMethodError': java.lang.System.logW(Ljava/lang/String;Ljava/lang/Throwable;)V> (0x000000076c32a8d8) thrown at [/Volumes/Android/buildbot/src/googleplex-android/openjdk/out/hotspot/src/share/vm/interpreter/linkResolver.cpp, li
Event: 87.973 Thread 0x00007fc13f016000 Exception <a 'java/lang/NoSuchMethodError': java.lang.System.logW(Ljava/lang/String;Ljava/lang/Throwable;)V> (0x000000076c364dc0) thrown at [/Volumes/Android/buildbot/src/googleplex-android/openjdk/out/hotspot/src/share/vm/interpreter/linkResolver.cpp, li
Event: 87.973 Thread 0x00007fc13f016000 Exception <a 'java/lang/NullPointerException'> (0x000000076c3658d8) thrown at [/Volumes/Android/buildbot/src/googleplex-android/openjdk/out/hotspot/src/share/vm/interpreter/linkResolver.cpp, line 1287]
Event: 87.974 Thread 0x00007fc13f016000 Exception <a 'java/lang/NullPointerException'> (0x000000076c4177a0) thrown at [/Volumes/Android/buildbot/src/googleplex-android/openjdk/out/hotspot/src/share/vm/interpreter/linkResolver.cpp, line 1287]
Event: 87.974 Thread 0x00007fc13f016000 Exception <a 'java/lang/NoSuchMethodError': java.lang.System.logW(Ljava/lang/String;Ljava/lang/Throwable;)V> (0x000000076c572020) thrown at [/Volumes/Android/buildbot/src/googleplex-android/openjdk/out/hotspot/src/share/vm/interpreter/linkResolver.cpp, li
Event: 87.974 Thread 0x00007fc13f016000 Exception <a 'java/lang/NoSuchMethodError': java.lang.System.logW(Ljava/lang/String;Ljava/lang/Throwable;)V> (0x000000076c572c88) thrown at [/Volumes/Android/buildbot/src/googleplex-android/openjdk/out/hotspot/src/share/vm/interpreter/linkResolver.cpp, li

Events (10 events):
Event: 89.142 Thread 0x00007fc13d03b800 flushing nmethod 0x0000000112f95250
Event: 89.143 Thread 0x00007fc13d03b800 flushing nmethod 0x0000000112fb33d0
Event: 89.154 Thread 0x00007fc13d00b800 flushing nmethod 0x00000001131e0e10
Event: 89.154 Thread 0x00007fc13d00b800 flushing nmethod 0x0000000113258210
Event: 89.154 Thread 0x00007fc13d00b800 flushing nmethod 0x00000001132c5fd0
Event: 89.154 Thread 0x00007fc13d00b800 flushing nmethod 0x00000001132c7790
Event: 89.154 Thread 0x00007fc13d00b800 flushing nmethod 0x000000011349a650
Event: 89.156 Thread 0x00007fc13d00b800 flushing nmethod 0x0000000113e5cc90
Event: 89.156 Thread 0x00007fc13d00b800 flushing nmethod 0x0000000113f05090
Event: 89.172 Thread 0x00007fc14080a800 flushing nmethod 0x00000001141d85d0


Dynamic libraries:
0x00007fff3514c000 	/System/Library/Frameworks/Cocoa.framework/Versions/A/Cocoa
0x00007fff42943000 	/System/Library/Frameworks/Security.framework/Versions/A/Security
0x00007fff340b1000 	/System/Library/Frameworks/ApplicationServices.framework/Versions/A/ApplicationServices
0x00007fff6f462000 	/usr/lib/libz.1.dylib
0x00007fff6cf28000 	/usr/lib/libSystem.B.dylib
0x00007fff35fee000 	/System/Library/Frameworks/CoreFoundation.framework/Versions/A/CoreFoundation
0x00007fff386ab000 	/System/Library/Frameworks/Foundation.framework/Versions/C/Foundation
0x00007fff6ed86000 	/usr/lib/libobjc.A.dylib
0x00007fff332a1000 	/System/Library/Frameworks/AppKit.framework/Versions/C/AppKit
0x00007fff35ad0000 	/System/Library/Frameworks/CoreData.framework/Versions/A/CoreData
0x00007fff66f3c000 	/System/Library/PrivateFrameworks/UIFoundation.framework/Versions/A/UIFoundation
0x00007fff61fd0000 	/System/Library/PrivateFrameworks/RemoteViewServices.framework/Versions/A/RemoteViewServices
0x00007fff69a98000 	/System/Library/PrivateFrameworks/XCTTargetBootstrap.framework/Versions/A/XCTTargetBootstrap
0x00007fff35ebb000 	/System/Library/Frameworks/CoreDisplay.framework/Versions/A/CoreDisplay
0x00007fff3b565000 	/System/Library/Frameworks/Metal.framework/Versions/A/Metal
0x00007fff4ffd8000 	/System/Library/PrivateFrameworks/DesktopServicesPriv.framework/Versions/A/DesktopServicesPriv
0x00007fff6e061000 	/usr/lib/liblangid.dylib
0x00007fff4f26d000 	/System/Library/PrivateFrameworks/CoreSVG.framework/Versions/A/CoreSVG
0x00007fff6512c000 	/System/Library/PrivateFrameworks/SkyLight.framework/Versions/A/SkyLight
0x00007fff3646f000 	/System/Library/Frameworks/CoreGraphics.framework/Versions/A/CoreGraphics
0x00007fff31c75000 	/System/Library/Frameworks/Accelerate.framework/Versions/A/Accelerate
0x00007fff6f353000 	/usr/lib/libxml2.2.dylib
0x00007fff5af65000 	/System/Library/PrivateFrameworks/IconServices.framework/Versions/A/IconServices
0x00007fff38e8a000 	/System/Library/Frameworks/IOSurface.framework/Versions/A/IOSurface
0x00007fff6ca52000 	/usr/lib/libDiagnosticMessagesClient.dylib
0x00007fff4fe32000 	/System/Library/PrivateFrameworks/DFRFoundation.framework/Versions/A/DFRFoundation
0x00007fff6ddf2000 	/usr/lib/libicucore.A.dylib
0x00007fff343e3000 	/System/Library/Frameworks/AudioToolbox.framework/Versions/A/AudioToolbox
0x00007fff344c6000 	/System/Library/Frameworks/AudioUnit.framework/Versions/A/AudioUnit
0x00007fff6d12a000 	/usr/lib/libauto.dylib
0x00007fff4fed4000 	/System/Library/PrivateFrameworks/DataDetectorsCore.framework/Versions/A/DataDetectorsCore
0x00007fff34c6d000 	/System/Library/Frameworks/Carbon.framework/Versions/A/Frameworks/HIToolbox.framework/Versions/A/HIToolbox
0x00007fff41b3d000 	/System/Library/Frameworks/QuartzCore.framework/Versions/A/QuartzCore
0x00007fff34fac000 	/System/Library/Frameworks/Carbon.framework/Versions/A/Frameworks/SpeechRecognition.framework/Versions/A/SpeechRecognition
0x00007fff4f946000 	/System/Library/PrivateFrameworks/CoreUI.framework/Versions/A/CoreUI
0x00007fff3553b000 	/System/Library/Frameworks/CoreAudio.framework/Versions/A/CoreAudio
0x00007fff3836a000 	/System/Library/Frameworks/DiskArbitration.framework/Versions/A/DiskArbitration
0x00007fff5cfb5000 	/System/Library/PrivateFrameworks/MultitouchSupport.framework/Versions/A/MultitouchSupport
0x00007fff6dcb9000 	/usr/lib/libenergytrace.dylib
0x00007fff38de4000 	/System/Library/Frameworks/IOKit.framework/Versions/A/IOKit
0x00007fff373d6000 	/System/Library/Frameworks/CoreServices.framework/Versions/A/CoreServices
0x00007fff5f163000 	/System/Library/PrivateFrameworks/PerformanceAnalysis.framework/Versions/A/PerformanceAnalysis
0x00007fff40b70000 	/System/Library/Frameworks/OpenGL.framework/Versions/A/OpenGL
0x00007fff3515a000 	/System/Library/Frameworks/ColorSync.framework/Versions/A/ColorSync
0x00007fff36af2000 	/System/Library/Frameworks/CoreImage.framework/Versions/A/CoreImage
0x00007fff37e49000 	/System/Library/Frameworks/CoreText.framework/Versions/A/CoreText
0x00007fff38f1a000 	/System/Library/Frameworks/ImageIO.framework/Versions/A/ImageIO
0x00007fff6d20e000 	/usr/lib/libc++.1.dylib
0x00007fff6d28a000 	/usr/lib/libcompression.dylib
0x00007fff6cd96000 	/usr/lib/libMobileGestalt.dylib
0x00007fff66ca6000 	/System/Library/PrivateFrameworks/TextureIO.framework/Versions/A/TextureIO
0x00007fff6d08d000 	/usr/lib/libate.dylib
0x00007fff5b16e000 	/System/Library/PrivateFrameworks/InternationalSupport.framework/Versions/A/InternationalSupport
0x00007fff6fd23000 	/usr/lib/system/libcache.dylib
0x00007fff6fd29000 	/usr/lib/system/libcommonCrypto.dylib
0x00007fff6fd35000 	/usr/lib/system/libcompiler_rt.dylib
0x00007fff6fd3d000 	/usr/lib/system/libcopyfile.dylib
0x00007fff6fd47000 	/usr/lib/system/libcorecrypto.dylib
0x00007fff6fee6000 	/usr/lib/system/libdispatch.dylib
0x00007fff6ff27000 	/usr/lib/system/libdyld.dylib
0x00007fff6ff5e000 	/usr/lib/system/libkeymgr.dylib
0x00007fff6ff6c000 	/usr/lib/system/liblaunch.dylib
0x00007fff6ff6d000 	/usr/lib/system/libmacho.dylib
0x00007fff6ff73000 	/usr/lib/system/libquarantine.dylib
0x00007fff6ff76000 	/usr/lib/system/libremovefile.dylib
0x00007fff6ff78000 	/usr/lib/system/libsystem_asl.dylib
0x00007fff6ff90000 	/usr/lib/system/libsystem_blocks.dylib
0x00007fff6ff91000 	/usr/lib/system/libsystem_c.dylib
0x00007fff70019000 	/usr/lib/system/libsystem_configuration.dylib
0x00007fff7001d000 	/usr/lib/system/libsystem_coreservices.dylib
0x00007fff70021000 	/usr/lib/system/libsystem_darwin.dylib
0x00007fff7002a000 	/usr/lib/system/libsystem_dnssd.dylib
0x00007fff70032000 	/usr/lib/system/libsystem_featureflags.dylib
0x00007fff70034000 	/usr/lib/system/libsystem_info.dylib
0x00007fff700af000 	/usr/lib/system/libsystem_m.dylib
0x00007fff700f7000 	/usr/lib/system/libsystem_malloc.dylib
0x00007fff7011f000 	/usr/lib/system/libsystem_networkextension.dylib
0x00007fff7012d000 	/usr/lib/system/libsystem_notify.dylib
0x00007fff7014b000 	/usr/lib/system/libsystem_sandbox.dylib
0x00007fff70150000 	/usr/lib/system/libsystem_secinit.dylib
0x00007fff70082000 	/usr/lib/system/libsystem_kernel.dylib
0x00007fff70137000 	/usr/lib/system/libsystem_platform.dylib
0x00007fff70140000 	/usr/lib/system/libsystem_pthread.dylib
0x00007fff70153000 	/usr/lib/system/libsystem_symptoms.dylib
0x00007fff7015b000 	/usr/lib/system/libsystem_trace.dylib
0x00007fff70173000 	/usr/lib/system/libunwind.dylib
0x00007fff70179000 	/usr/lib/system/libxpc.dylib
0x00007fff6d261000 	/usr/lib/libc++abi.dylib
0x00007fff6e063000 	/usr/lib/liblzma.5.dylib
0x00007fff6dce0000 	/usr/lib/libfakelink.dylib
0x00007fff6d01a000 	/usr/lib/libarchive.2.dylib
0x00007fff439f4000 	/System/Library/Frameworks/SystemConfiguration.framework/Versions/A/SystemConfiguration
0x00007fff6c985000 	/usr/lib/libCRFSuite.dylib
0x00007fff3485d000 	/System/Library/Frameworks/CFNetwork.framework/Versions/A/CFNetwork
0x00007fff6d1f0000 	/usr/lib/libbsm.0.dylib
0x00007fff6ff5f000 	/usr/lib/system/libkxld.dylib
0x00007fff497ae000 	/System/Library/PrivateFrameworks/AppleFSCompression.framework/Versions/A/AppleFSCompression
0x00007fff6d57b000 	/usr/lib/libcoretls.dylib
0x00007fff6d592000 	/usr/lib/libcoretls_cfhelpers.dylib
0x00007fff6edcc000 	/usr/lib/libpam.2.dylib
0x00007fff6ef01000 	/usr/lib/libsqlite3.dylib
0x00007fff6f340000 	/usr/lib/libxar.1.dylib
0x00007fff6d201000 	/usr/lib/libbz2.1.0.dylib
0x00007fff6dd01000 	/usr/lib/libiconv.2.dylib
0x00007fff6d277000 	/usr/lib/libcharset.1.dylib
0x00007fff6e869000 	/usr/lib/libnetwork.dylib
0x00007fff6edd3000 	/usr/lib/libpcap.A.dylib
0x00007fff6cfcf000 	/usr/lib/libapple_nghttp2.dylib
0x00007fff3778d000 	/System/Library/Frameworks/CoreServices.framework/Versions/A/Frameworks/FSEvents.framework/Versions/A/FSEvents
0x00007fff3745d000 	/System/Library/Frameworks/CoreServices.framework/Versions/A/Frameworks/CarbonCore.framework/Versions/A/CarbonCore
0x00007fff379d1000 	/System/Library/Frameworks/CoreServices.framework/Versions/A/Frameworks/Metadata.framework/Versions/A/Metadata
0x00007fff37a6a000 	/System/Library/Frameworks/CoreServices.framework/Versions/A/Frameworks/OSServices.framework/Versions/A/OSServices
0x00007fff37a98000 	/System/Library/Frameworks/CoreServices.framework/Versions/A/Frameworks/SearchKit.framework/Versions/A/SearchKit
0x00007fff373d7000 	/System/Library/Frameworks/CoreServices.framework/Versions/A/Frameworks/AE.framework/Versions/A/AE
0x00007fff37796000 	/System/Library/Frameworks/CoreServices.framework/Versions/A/Frameworks/LaunchServices.framework/Versions/A/LaunchServices
0x00007fff3773f000 	/System/Library/Frameworks/CoreServices.framework/Versions/A/Frameworks/DictionaryServices.framework/Versions/A/DictionaryServices
0x00007fff37b00000 	/System/Library/Frameworks/CoreServices.framework/Versions/A/Frameworks/SharedFileList.framework/Versions/A/SharedFileList
0x00007fff3c98f000 	/System/Library/Frameworks/NetFS.framework/Versions/A/NetFS
0x00007fff5d4e5000 	/System/Library/PrivateFrameworks/NetAuth.framework/Versions/A/NetAuth
0x00007fff69e65000 	/System/Library/PrivateFrameworks/login.framework/Versions/A/Frameworks/loginsupport.framework/Versions/A/loginsupport
0x00007fff66771000 	/System/Library/PrivateFrameworks/TCC.framework/Versions/A/TCC
0x00007fff4e3e0000 	/System/Library/PrivateFrameworks/CoreNLP.framework/Versions/A/CoreNLP
0x00007fff5c9e2000 	/System/Library/PrivateFrameworks/MetadataUtilities.framework/Versions/A/MetadataUtilities
0x00007fff6e13b000 	/usr/lib/libmecabra.dylib
0x00007fff6e093000 	/usr/lib/libmecab.dylib
0x00007fff6dcf1000 	/usr/lib/libgermantok.dylib
0x00007fff6cfb6000 	/usr/lib/libThaiTokenizer.dylib
0x00007fff6c9bc000 	/usr/lib/libChineseTokenizer.dylib
0x00007fff31c8d000 	/System/Library/Frameworks/Accelerate.framework/Versions/A/Frameworks/vImage.framework/Versions/A/vImage
0x00007fff330f7000 	/System/Library/Frameworks/Accelerate.framework/Versions/A/Frameworks/vecLib.framework/Versions/A/vecLib
0x00007fff33034000 	/System/Library/Frameworks/Accelerate.framework/Versions/A/Frameworks/vecLib.framework/Versions/A/libvMisc.dylib
0x00007fff32e5c000 	/System/Library/Frameworks/Accelerate.framework/Versions/A/Frameworks/vecLib.framework/Versions/A/libvDSP.dylib
0x00007fff322e4000 	/System/Library/Frameworks/Accelerate.framework/Versions/A/Frameworks/vecLib.framework/Versions/A/libBLAS.dylib
0x00007fff32a20000 	/System/Library/Frameworks/Accelerate.framework/Versions/A/Frameworks/vecLib.framework/Versions/A/libLAPACK.dylib
0x00007fff32dbc000 	/System/Library/Frameworks/Accelerate.framework/Versions/A/Frameworks/vecLib.framework/Versions/A/libLinearAlgebra.dylib
0x00007fff32e49000 	/System/Library/Frameworks/Accelerate.framework/Versions/A/Frameworks/vecLib.framework/Versions/A/libSparseBLAS.dylib
0x00007fff32dd2000 	/System/Library/Frameworks/Accelerate.framework/Versions/A/Frameworks/vecLib.framework/Versions/A/libQuadrature.dylib
0x00007fff3254c000 	/System/Library/Frameworks/Accelerate.framework/Versions/A/Frameworks/vecLib.framework/Versions/A/libBNNS.dylib
0x00007fff32dd8000 	/System/Library/Frameworks/Accelerate.framework/Versions/A/Frameworks/vecLib.framework/Versions/A/libSparse.dylib
0x00007fff5b556000 	/System/Library/PrivateFrameworks/LanguageModeling.framework/Versions/A/LanguageModeling
0x00007fff4dd90000 	/System/Library/PrivateFrameworks/CoreEmoji.framework/Versions/A/CoreEmoji
0x00007fff5b674000 	/System/Library/PrivateFrameworks/LinguisticData.framework/Versions/A/LinguisticData
0x00007fff5b625000 	/System/Library/PrivateFrameworks/Lexicon.framework/Versions/A/Lexicon
0x00007fff6d278000 	/usr/lib/libcmph.dylib
0x00007fff3f57e000 	/System/Library/Frameworks/OpenDirectory.framework/Versions/A/Frameworks/CFOpenDirectory.framework/Versions/A/CFOpenDirectory
0x00007fff3f59b000 	/System/Library/Frameworks/OpenDirectory.framework/Versions/A/OpenDirectory
0x00007fff479de000 	/System/Library/PrivateFrameworks/APFS.framework/Versions/A/APFS
0x00007fff42c8d000 	/System/Library/Frameworks/SecurityFoundation.framework/Versions/A/SecurityFoundation
0x00007fff6f33c000 	/usr/lib/libutil.dylib
0x00007fff4f2c5000 	/System/Library/PrivateFrameworks/CoreServicesStore.framework/Versions/A/CoreServicesStore
0x00007fff42d44000 	/System/Library/Frameworks/ServiceManagement.framework/Versions/A/ServiceManagement
0x00007fff4af7e000 	/System/Library/PrivateFrameworks/BackgroundTaskManagement.framework/Versions/A/BackgroundTaskManagement
0x00007fff6f439000 	/usr/lib/libxslt.1.dylib
0x00007fff49e21000 	/System/Library/PrivateFrameworks/AppleSystemInfo.framework/Versions/A/AppleSystemInfo
0x00007fff39136000 	/System/Library/Frameworks/ImageIO.framework/Versions/A/Resources/libJPEG.dylib
0x00007fff393f3000 	/System/Library/Frameworks/ImageIO.framework/Versions/A/Resources/libTIFF.dylib
0x00007fff393d6000 	/System/Library/Frameworks/ImageIO.framework/Versions/A/Resources/libPng.dylib
0x00007fff39078000 	/System/Library/Frameworks/ImageIO.framework/Versions/A/Resources/libGIF.dylib
0x00007fff3907c000 	/System/Library/Frameworks/ImageIO.framework/Versions/A/Resources/libJP2.dylib
0x00007fff393f1000 	/System/Library/Frameworks/ImageIO.framework/Versions/A/Resources/libRadiance.dylib
0x00007fff6dcba000 	/usr/lib/libexpat.1.dylib
0x00007fff49909000 	/System/Library/PrivateFrameworks/AppleJPEG.framework/Versions/A/AppleJPEG
0x00007fff525c5000 	/System/Library/PrivateFrameworks/FontServices.framework/libFontParser.dylib
0x00007fff68e67000 	/System/Library/PrivateFrameworks/WatchdogClient.framework/Versions/A/WatchdogClient
0x00007fff5abb1000 	/System/Library/PrivateFrameworks/IOAccelerator.framework/Versions/A/IOAccelerator
0x00007fff3b900000 	/System/Library/Frameworks/MetalPerformanceShaders.framework/Versions/A/MetalPerformanceShaders
0x00007fff57341000 	/System/Library/PrivateFrameworks/GPUWrangler.framework/Versions/A/GPUWrangler
0x00007fff5abc6000 	/System/Library/PrivateFrameworks/IOPresentment.framework/Versions/A/IOPresentment
0x00007fff4fe45000 	/System/Library/PrivateFrameworks/DSExternalDisplay.framework/Versions/A/DSExternalDisplay
0x00007fff3ff0f000 	/System/Library/Frameworks/OpenGL.framework/Versions/A/Libraries/libCoreFSCache.dylib
0x00007fff3b64c000 	/System/Library/Frameworks/MetalPerformanceShaders.framework/Frameworks/MPSCore.framework/Versions/A/MPSCore
0x00007fff3b68a000 	/System/Library/Frameworks/MetalPerformanceShaders.framework/Frameworks/MPSImage.framework/Versions/A/MPSImage
0x00007fff3b751000 	/System/Library/Frameworks/MetalPerformanceShaders.framework/Frameworks/MPSNeuralNetwork.framework/Versions/A/MPSNeuralNetwork
0x00007fff3b715000 	/System/Library/Frameworks/MetalPerformanceShaders.framework/Frameworks/MPSMatrix.framework/Versions/A/MPSMatrix
0x00007fff3b8b0000 	/System/Library/Frameworks/MetalPerformanceShaders.framework/Frameworks/MPSRayIntersector.framework/Versions/A/MPSRayIntersector
0x00007fff3b73b000 	/System/Library/Frameworks/MetalPerformanceShaders.framework/Frameworks/MPSNDArray.framework/Versions/A/MPSNDArray
0x00007fff5ca2f000 	/System/Library/PrivateFrameworks/MetalTools.framework/Versions/A/MetalTools
0x00007fff48bb8000 	/System/Library/PrivateFrameworks/AggregateDictionary.framework/Versions/A/AggregateDictionary
0x00007fff4d7d8000 	/System/Library/PrivateFrameworks/CoreAnalytics.framework/Versions/A/CoreAnalytics
0x00007fff49d40000 	/System/Library/PrivateFrameworks/AppleSauce.framework/Versions/A/AppleSauce
0x00007fff6cc78000 	/usr/lib/libIOReport.dylib
0x00007fff38001000 	/System/Library/Frameworks/CoreVideo.framework/Versions/A/CoreVideo
0x00007fff587ba000 	/System/Library/PrivateFrameworks/GraphVisualizer.framework/Versions/A/GraphVisualizer
0x00007fff51b0b000 	/System/Library/PrivateFrameworks/FaceCore.framework/Versions/A/FaceCore
0x00007fff3f525000 	/System/Library/Frameworks/OpenCL.framework/Versions/A/OpenCL
0x00007fff6ca9a000 	/usr/lib/libFosl_dynamic.dylib
0x00007fff5defb000 	/System/Library/PrivateFrameworks/OTSVG.framework/Versions/A/OTSVG
0x00007fff341b6000 	/System/Library/Frameworks/ApplicationServices.framework/Versions/A/Frameworks/ATS.framework/Versions/A/Resources/libFontRegistry.dylib
0x00007fff52795000 	/System/Library/PrivateFrameworks/FontServices.framework/libhvf.dylib
0x00007fff3ff1a000 	/System/Library/Frameworks/OpenGL.framework/Versions/A/Libraries/libGFXShared.dylib
0x00007fff400f8000 	/System/Library/Frameworks/OpenGL.framework/Versions/A/Libraries/libGLU.dylib
0x00007fff3ff23000 	/System/Library/Frameworks/OpenGL.framework/Versions/A/Libraries/libGL.dylib
0x00007fff3ff2e000 	/System/Library/Frameworks/OpenGL.framework/Versions/A/Libraries/libGLImage.dylib
0x00007fff3ff0c000 	/System/Library/Frameworks/OpenGL.framework/Versions/A/Libraries/libCVMSPluginSupport.dylib
0x00007fff3ff15000 	/System/Library/Frameworks/OpenGL.framework/Versions/A/Libraries/libCoreVMClient.dylib
0x00007fff6e70a000 	/usr/lib/libncurses.5.4.dylib
0x00007fff340b2000 	/System/Library/Frameworks/ApplicationServices.framework/Versions/A/Frameworks/ATS.framework/Versions/A/ATS
0x00007fff3427f000 	/System/Library/Frameworks/ApplicationServices.framework/Versions/A/Frameworks/ColorSyncLegacy.framework/Versions/A/ColorSyncLegacy
0x00007fff3431d000 	/System/Library/Frameworks/ApplicationServices.framework/Versions/A/Frameworks/HIServices.framework/Versions/A/HIServices
0x00007fff34375000 	/System/Library/Frameworks/ApplicationServices.framework/Versions/A/Frameworks/LangAnalysis.framework/Versions/A/LangAnalysis
0x00007fff34384000 	/System/Library/Frameworks/ApplicationServices.framework/Versions/A/Frameworks/PrintCore.framework/Versions/A/PrintCore
0x00007fff343ca000 	/System/Library/Frameworks/ApplicationServices.framework/Versions/A/Frameworks/QD.framework/Versions/A/QD
0x00007fff343d5000 	/System/Library/Frameworks/ApplicationServices.framework/Versions/A/Frameworks/SpeechSynthesis.framework/Versions/A/SpeechSynthesis
0x00007fff3424f000 	/System/Library/Frameworks/ApplicationServices.framework/Versions/A/Frameworks/ATSUI.framework/Versions/A/ATSUI
0x00007fff6db50000 	/usr/lib/libcups.2.dylib
0x00007fff3a99b000 	/System/Library/Frameworks/Kerberos.framework/Versions/A/Kerberos
0x00007fff38add000 	/System/Library/Frameworks/GSS.framework/Versions/A/GSS
0x00007fff6ee8d000 	/usr/lib/libresolv.9.dylib
0x00007fff58967000 	/System/Library/PrivateFrameworks/Heimdal.framework/Versions/A/Heimdal
0x00007fff3a9ae000 	/System/Library/Frameworks/Kerberos.framework/Versions/A/Libraries/libHeimdalProxy.dylib
0x00007fff6dcf7000 	/usr/lib/libheimdal-asn1.dylib
0x00007fff4cc70000 	/System/Library/PrivateFrameworks/CommonAuth.framework/Versions/A/CommonAuth
0x00007fff49ebe000 	/System/Library/PrivateFrameworks/AssertionServices.framework/Versions/A/AssertionServices
0x00007fff4aa61000 	/System/Library/PrivateFrameworks/AudioToolboxCore.framework/Versions/A/AudioToolboxCore
0x00007fff69b15000 	/System/Library/PrivateFrameworks/caulk.framework/Versions/A/caulk
0x00007fff4b02a000 	/System/Library/PrivateFrameworks/BaseBoard.framework/Versions/A/BaseBoard
0x00007fff6215e000 	/System/Library/PrivateFrameworks/RunningBoardServices.framework/Versions/A/RunningBoardServices
0x00007fff5f16f000 	/System/Library/PrivateFrameworks/PersistentConnection.framework/Versions/A/PersistentConnection
0x00007fff61b57000 	/System/Library/PrivateFrameworks/ProtocolBuffer.framework/Versions/A/ProtocolBuffer
0x00007fff4cc94000 	/System/Library/PrivateFrameworks/CommonUtilities.framework/Versions/A/CommonUtilities
0x00007fff4b1b8000 	/System/Library/PrivateFrameworks/Bom.framework/Versions/A/Bom
0x00007fff6c94b000 	/usr/lib/libAudioToolboxUtility.dylib
0x00007fff4af88000 	/System/Library/PrivateFrameworks/Backup.framework/Versions/A/Backup
0x00007fff4fd66000 	/System/Library/PrivateFrameworks/CrashReporterSupport.framework/Versions/A/CrashReporterSupport
0x00007fff63bf0000 	/System/Library/PrivateFrameworks/Sharing.framework/Versions/A/Sharing
0x00007fff494cc000 	/System/Library/PrivateFrameworks/Apple80211.framework/Versions/A/Apple80211
0x00007fff4aca5000 	/System/Library/PrivateFrameworks/AuthKit.framework/Versions/A/AuthKit
0x00007fff4fa73000 	/System/Library/PrivateFrameworks/CoreUtils.framework/Versions/A/CoreUtils
0x00007fff38046000 	/System/Library/Frameworks/CoreWLAN.framework/Versions/A/CoreWLAN
0x00007fff38c6a000 	/System/Library/Frameworks/IOBluetooth.framework/Versions/A/IOBluetooth
0x00007fff5cd34000 	/System/Library/PrivateFrameworks/MobileKeyBag.framework/Versions/A/MobileKeyBag
0x00007fff4e878000 	/System/Library/PrivateFrameworks/CorePhoneNumbers.framework/Versions/A/CorePhoneNumbers
0x00007fff498bc000 	/System/Library/PrivateFrameworks/AppleIDAuthSupport.framework/Versions/A/AppleIDAuthSupport
0x00007fff3c99c000 	/System/Library/Frameworks/Network.framework/Versions/A/Network
0x00007fff5b402000 	/System/Library/PrivateFrameworks/KeychainCircle.framework/Versions/A/KeychainCircle
0x00007fff35a97000 	/System/Library/Frameworks/CoreBluetooth.framework/Versions/A/CoreBluetooth
0x00007fff65c6f000 	/System/Library/PrivateFrameworks/SpeechRecognitionCore.framework/Versions/A/SpeechRecognitionCore
0x0000000105400000 	/Users/jacqueli/Desktop/Android Studio.app/Contents/jre/jdk/Contents/Home/jre/lib/server/libjvm.dylib
0x00007fff6f20f000 	/usr/lib/libstdc++.6.dylib
0x0000000103a28000 	/Users/jacqueli/Desktop/Android Studio.app/Contents/jre/jdk/Contents/Home/jre/lib/libverify.dylib
0x0000000103a3a000 	/Users/jacqueli/Desktop/Android Studio.app/Contents/jre/jdk/Contents/Home/jre/lib/libjava.dylib
0x0000000103a85000 	/Users/jacqueli/Desktop/Android Studio.app/Contents/jre/jdk/Contents/Home/jre/lib/libinstrument.dylib
0x0000000103afd000 	/Users/jacqueli/Desktop/Android Studio.app/Contents/jre/jdk/Contents/Home/jre/lib/libzip.dylib
0x0000000103b71000 	/Users/jacqueli/Desktop/Android Studio.app/Contents/jre/jdk/Contents/Home/jre/lib/libnio.dylib
0x0000000103b8c000 	/Users/jacqueli/Desktop/Android Studio.app/Contents/jre/jdk/Contents/Home/jre/lib/libnet.dylib
0x000000010aeb8000 	/Users/jacqueli/Desktop/Android Studio.app/Contents/jre/jdk/Contents/Home/jre/lib/libsunec.dylib
0x000000010d557000 	/Users/jacqueli/Desktop/Android Studio.app/Contents/jre/jdk/Contents/Home/jre/lib/libawt.dylib
0x000000010d618000 	/Users/jacqueli/Desktop/Android Studio.app/Contents/jre/jdk/Contents/Home/jre/lib/libmlib_image.dylib
0x00007fff3a985000 	/System/Library/Frameworks/JavaVM.framework/Versions/A/Frameworks/JavaNativeFoundation.framework/Versions/A/JavaNativeFoundation
0x00007fff3a98e000 	/System/Library/Frameworks/JavaVM.framework/Versions/A/Frameworks/JavaRuntimeSupport.framework/Versions/A/JavaRuntimeSupport
0x00007fff3a996000 	/System/Library/Frameworks/JavaVM.framework/Versions/A/JavaVM
0x00007fff5b219000 	/System/Library/PrivateFrameworks/JavaLaunching.framework/Versions/A/JavaLaunching
0x00007fff34c68000 	/System/Library/Frameworks/Carbon.framework/Versions/A/Carbon
0x00007fff4f818000 	/System/Library/PrivateFrameworks/CoreSymbolication.framework/Versions/A/CoreSymbolication
0x00007fff34c69000 	/System/Library/Frameworks/Carbon.framework/Versions/A/Frameworks/CommonPanels.framework/Versions/A/CommonPanels
0x00007fff34f62000 	/System/Library/Frameworks/Carbon.framework/Versions/A/Frameworks/Help.framework/Versions/A/Help
0x00007fff34f66000 	/System/Library/Frameworks/Carbon.framework/Versions/A/Frameworks/ImageCapture.framework/Versions/A/ImageCapture
0x00007fff34f6d000 	/System/Library/Frameworks/Carbon.framework/Versions/A/Frameworks/OpenScripting.framework/Versions/A/OpenScripting
0x00007fff34f6c000 	/System/Library/Frameworks/Carbon.framework/Versions/A/Frameworks/Ink.framework/Versions/A/Ink
0x00007fff34fa8000 	/System/Library/Frameworks/Carbon.framework/Versions/A/Frameworks/Print.framework/Versions/A/Print
0x00007fff34fa9000 	/System/Library/Frameworks/Carbon.framework/Versions/A/Frameworks/SecurityHI.framework/Versions/A/SecurityHI
0x00007fff4ff9a000 	/System/Library/PrivateFrameworks/DebugSymbols.framework/Versions/A/DebugSymbols
0x000000010d6de000 	/Users/jacqueli/Desktop/Android Studio.app/Contents/jre/jdk/Contents/Home/jre/lib/libawt_lwawt.dylib
0x000000010d7cd000 	/Users/jacqueli/Desktop/Android Studio.app/Contents/jre/jdk/Contents/Home/jre/lib/libosxapp.dylib
0x00007fff38546000 	/System/Library/Frameworks/ExceptionHandling.framework/Versions/A/ExceptionHandling
0x00007fff4f291000 	/System/Library/PrivateFrameworks/CoreServicesInternal.framework/Versions/A/CoreServicesInternal
0x00007fff38565000 	/System/Library/Frameworks/FileProvider.framework/Versions/A/FileProvider
0x00007fff330f8000 	/System/Library/Frameworks/Accounts.framework/Versions/A/Accounts
0x00007fff57666000 	/System/Library/PrivateFrameworks/GenerationalStorage.framework/Versions/A/GenerationalStorage
0x00007fff664b1000 	/System/Library/PrivateFrameworks/SymptomDiagnosticReporter.framework/Versions/A/SymptomDiagnosticReporter
0x00007fff48fd0000 	/System/Library/PrivateFrameworks/AppContainer.framework/Versions/A/AppContainer
0x00007fff6eea7000 	/usr/lib/libsandbox.1.dylib
0x00007fff67e0a000 	/System/Library/PrivateFrameworks/UserManagement.framework/Versions/A/UserManagement
0x00007fff4bd74000 	/System/Library/PrivateFrameworks/ChunkingLibrary.framework/Versions/A/ChunkingLibrary
0x00007fff49042000 	/System/Library/PrivateFrameworks/AppSandbox.framework/Versions/A/AppSandbox
0x00007fff63a7a000 	/System/Library/PrivateFrameworks/SecCodeWrapper.framework/Versions/A/SecCodeWrapper
0x00007fff6cd60000 	/usr/lib/libMatch.1.dylib
0x00007fff290e0000 	/System/Library/CoreServices/RawCamera.bundle/Contents/MacOS/RawCamera
0x00007fff5cb5e000 	/System/Library/PrivateFrameworks/MobileAsset.framework/Versions/A/MobileAsset
0x00007fff66359000 	/System/Library/PrivateFrameworks/StreamingZip.framework/Versions/A/StreamingZip
0x00007fff3ae16000 	/System/Library/Frameworks/MediaToolbox.framework/Versions/A/MediaToolbox
0x00007fff4d788000 	/System/Library/PrivateFrameworks/CoreAVCHD.framework/Versions/A/CoreAVCHD
0x00007fff3ad40000 	/System/Library/Frameworks/MediaAccessibility.framework/Versions/A/MediaAccessibility
0x00007fff5bf12000 	/System/Library/PrivateFrameworks/Mangrove.framework/Versions/A/Mangrove
0x00007fff3720e000 	/System/Library/Frameworks/CoreMedia.framework/Versions/A/CoreMedia
0x00007fff5c17e000 	/System/Library/PrivateFrameworks/MediaExperience.framework/Versions/A/MediaExperience
0x00007fff43cee000 	/System/Library/Frameworks/VideoToolbox.framework/Versions/A/VideoToolbox
0x00007fff4d3b2000 	/System/Library/PrivateFrameworks/CoreAUC.framework/Versions/A/CoreAUC
0x00007fff6eeff000 	/usr/lib/libspindump.dylib
0x00007fff4a410000 	/System/Library/PrivateFrameworks/AudioResourceArbitration.framework/Versions/A/AudioResourceArbitration
0x00007fff49e25000 	/System/Library/PrivateFrameworks/AppleVA.framework/Versions/A/AppleVA
0x00007fff31c76000 	/System/Library/Frameworks/Accelerate.framework/Versions/A/Frameworks/vImage.framework/Versions/A/Libraries/libCGInterfaces.dylib
0x000000010ec79000 	/usr/lib/libobjc-trampolines.dylib
0x00007fff526fd000 	/System/Library/PrivateFrameworks/FontServices.framework/libTrueTypeScaler.dylib
0x00007fff297a1000 	/System/Library/Extensions/AMDRadeonX6000MTLDriver.bundle/Contents/MacOS/AMDRadeonX6000MTLDriver
0x00007fff5aba7000 	/System/Library/PrivateFrameworks/IOAccelMemoryInfo.framework/Versions/A/IOAccelMemoryInfo
0x00007fff2e9ee000 	/System/Library/Extensions/AppleIntelKBLGraphicsMTLDriver.bundle/Contents/MacOS/AppleIntelKBLGraphicsMTLDriver
0x00007fff55c86000 	/System/Library/PrivateFrameworks/GPUCompiler.framework/Versions/3902/Libraries/libmetal_timestamp.dylib
0x00007fff68bd6000 	/System/Library/PrivateFrameworks/ViewBridge.framework/Versions/A/ViewBridge
0x00007fff69e68000 	/System/Library/PrivateFrameworks/login.framework/Versions/A/login

VM Arguments:
jvm_args: -ea -Didea.test.cyclic.buffer.size=1048576 -javaagent:/Users/jacqueli/Desktop/Android Studio.app/Contents/lib/idea_rt.jar=52621:/Users/jacqueli/Desktop/Android Studio.app/Contents/bin -Dfile.encoding=UTF-8 
java_command: com.intellij.rt.junit.JUnitStarter -ideVersion5 org.oppia.android.app.player.state.StateFragmentLocalTest
java_class_path (initial): /Users/jacqueli/Desktop/Android Studio.app/Contents/lib/idea_rt.jar:/Users/jacqueli/Desktop/Android Studio.app/Contents/plugins/junit/lib/junit5-rt.jar:/Users/jacqueli/Desktop/Android Studio.app/Contents/plugins/junit/lib/junit-rt.jar:/Users/jacqueli/Library/Android/sdk/platforms/android-29/data/res:/Users/jacqueli/opensource/oppia-android/app/build/intermediates/javac/debugUnitTest/classes:/Users/jacqueli/opensource/oppia-android/app/build/intermediates/javac/debug/classes:/Users/jacqueli/opensource/oppia-android/app/build/tmp/kotlin-classes/debugUnitTest:/Users/jacqueli/opensource/oppia-android/app/build/intermediates/compile_and_runtime_not_namespaced_r_class_jar/debug/R.jar:/Users/jacqueli/opensource/oppia-android/app/build/tmp/kapt3/classes/debugUnitTest:/Users/jacqueli/opensource/oppia-android/app/build/intermediates/unit_test_config_directory/debugUnitTest/out:/Users/jacqueli/opensource/oppia-android/app/build/intermediates/java_res/debugUnitTest/out:/Users/jacqueli/opensource/oppia-android/app/build/tmp/kapt3/classes/debugAndroidTest:/Users/jacqueli/opensource/oppia-android/app/build/intermediates/compile_and_runtime_not_namespaced_r_class_jar/debugAndroidTest/R.jar:/Users/jacqueli/opensource/oppia-android/app/build/tmp/kotlin-classes/debugAndroidTest:/Users/jacqueli/opensource/oppia-android/app/build/tmp/kapt3/classes/debug:/Users/jacqueli/opensource/oppia-android/app/build/tmp/kotlin-classes/debug:/Users/jacqueli/opensource/oppia-android/app/build/generated/crashlytics/res/debug:/Users/jacqueli/opensource/oppia-android/app/build/generated/res/google-services/debug:/Users/jacqueli/.gradle/caches/modules-2/files-2.1/androidx.databinding/databinding-common/3.6.1/eb1f705274c2ead3937faa217edc65f836a5acc/databinding-common-3.6.1.jar:/Users/jacqueli/.gradle/caches/modules-2/files-2.1/com.squareup.retrofit2/converter-moshi/2.5.0/95fe2632a019f26d9c53129db192ebc7f3524d35/converter-moshi-2.5.0.jar:/Users/jacqueli/.gradle/caches/modules-2/
Launcher Type: SUN_STANDARD

Environment Variables:
PATH=/usr/local/git/current/bin:/usr/local/bin:/usr/bin:/bin:/usr/local/sbin:/usr/sbin:/sbin
SHELL=/bin/bash

Signal Handlers:
SIGSEGV: [libjvm.dylib+0x565c43], sa_mask[0]=11111111011111110111111111111111, sa_flags=SA_ONSTACK|SA_RESTART|SA_SIGINFO
SIGBUS: [libjvm.dylib+0x565c43], sa_mask[0]=11111111011111110111111111111111, sa_flags=SA_RESTART|SA_SIGINFO
SIGFPE: [libjvm.dylib+0x45dd9d], sa_mask[0]=11111111011111110111111111111111, sa_flags=SA_RESTART|SA_SIGINFO
SIGPIPE: [libjvm.dylib+0x45dd9d], sa_mask[0]=11111111011111110111111111111111, sa_flags=SA_RESTART|SA_SIGINFO
SIGXFSZ: [libjvm.dylib+0x45dd9d], sa_mask[0]=11111111011111110111111111111111, sa_flags=SA_RESTART|SA_SIGINFO
SIGILL: [libjvm.dylib+0x45dd9d], sa_mask[0]=11111111011111110111111111111111, sa_flags=SA_RESTART|SA_SIGINFO
SIGUSR1: SIG_DFL, sa_mask[0]=00000000000000000000000000000000, sa_flags=none
SIGUSR2: [libjvm.dylib+0x45e69c], sa_mask[0]=00100000000000000000000000000000, sa_flags=SA_RESTART|SA_SIGINFO
SIGHUP: [libjvm.dylib+0x45c8c1], sa_mask[0]=11111111011111110111111111111111, sa_flags=SA_RESTART|SA_SIGINFO
SIGINT: [libjvm.dylib+0x45c8c1], sa_mask[0]=11111111011111110111111111111111, sa_flags=SA_RESTART|SA_SIGINFO
SIGTERM: [libjvm.dylib+0x45c8c1], sa_mask[0]=11111111011111110111111111111111, sa_flags=SA_RESTART|SA_SIGINFO
SIGQUIT: [libjvm.dylib+0x45c8c1], sa_mask[0]=11111111011111110111111111111111, sa_flags=SA_RESTART|SA_SIGINFO


---------------  S Y S T E M  ---------------

OS:Bsduname:Darwin 19.6.0 Darwin Kernel Version 19.6.0: Tue Nov 10 00:10:30 PST 2020; root:xnu-6153.141.10~1/RELEASE_X86_64 x86_64
rlimit: STACK 8192k, CORE 0k, NPROC 2784, NOFILE 10240, AS infinity
load average:5.92 4.98 4.24

CPU:total 12 (initial active 12) (6 cores per cpu, 2 threads per core) family 6 model 158 stepping 10, cmov, cx8, fxsr, mmx, sse, sse2, sse3, ssse3, sse4.1, sse4.2, popcnt, avx, avx2, aes, clmul, erms, 3dnowpref, lzcnt, ht, tsc, tscinvbit, bmi1, bmi2, adx

Memory: 4k page, physical 16777216k(168160k free)

/proc/meminfo:


vm_info: OpenJDK 64-Bit Server VM (25.242-b3-6915495) for bsd-amd64 JRE (1.8.0_242-release-1644-b3-6915495), built by "android-build" with gcc 4.2.1 Compatible Android (5484270 based on r353983c) Clang 9.0.3 (https://android.googlesource.com/toolchain/clang 745b335211bb9eadfa6aa6301f84715cee4b37c5) (https://android.googlesource.com/toolchain/llvm 60cf23e54e46c807513f7a36d0a7b777920b5881)

time: Wed Jan 20 15:38:08 2021
timezone: PST
elapsed time: 89 seconds (0d 0h 1m 29s)

