#
# A fatal error has been detected by the Java Runtime Environment:
#
#  SIGSEGV (0xb) at pc=0x000000010384549d, pid=44135, tid=0x0000000000004103
#
# JRE version: OpenJDK Runtime Environment (8.0_242) (build 1.8.0_242-release-1644-b3-6222593)
# Java VM: OpenJDK 64-Bit Server VM (25.242-b3-6222593 mixed mode bsd-amd64 compressed oops)
# Problematic frame:
# V  [libjvm.dylib+0x44549d]  Node::uncast() const+0x7
#
# Failed to write core dump. Core dumps have been disabled. To enable core dumping, try "ulimit -c unlimited" before starting Java again
#
# If you would like to submit a bug report, please visit:
#   http://bugreport.java.com/bugreport/crash.jsp
#

---------------  T H R E A D  ---------------

Current thread (0x00007fbb4182c000):  JavaThread "C2 CompilerThread0" daemon [_thread_in_native, id=16643, stack(0x00007000048c6000,0x00007000049c6000)]

siginfo: si_signo: 11 (SIGSEGV), si_code: 1 (SEGV_MAPERR), si_addr: 0x000000000000002c

Registers:
RAX=0x0000000000000000, RBX=0x00007fbb326ea100, RCX=0x0000000000000106, RDX=0x0000000000000004
RSP=0x00007000049bfe30, RBP=0x00007000049bfe30, RSI=0x00000001202ccdb0, RDI=0x0000000000000000
R8 =0x00000001035604c4, R9 =0x0000000000000000, R10=0x00007000049c03a4, R11=0x00007000049c03b7
R12=0x0000000000000000, R13=0x00007fbb47195a40, R14=0x00007fbb433d8100, R15=0x00007fbb47654801
RIP=0x000000010384549d, EFLAGS=0x0000000000010206, ERR=0x0000000000000004
  TRAPNO=0x000000000000000e

Top of Stack: (sp=0x00007000049bfe30)
0x00007000049bfe30:   00007000049bfe80 00000001034ccc9b
0x00007000049bfe40:   00007000049bfe70 00007fbb4765c748
0x00007000049bfe50:   01007fbb47195a40 0000000000000024
0x00007000049bfe60:   00007fbb433d8100 00007fbb47654860
0x00007000049bfe70:   00007fbb433d8100 00007fbb47654860
0x00007000049bfe80:   00007000049bff20 00000001034ccfea
0x00007000049bfe90:   00007000049bfec0 00007000049c0027
0x00007000049bfea0:   0000000000007ef5 00007000049c0027
0x00007000049bfeb0:   00007000049bff60 00007fbb32f7fb50
0x00007000049bfec0:   0000000000000000 0000000000000000
0x00007000049bfed0:   0000000000000000 0000000000000000
0x00007000049bfee0:   fcb4ac0300000000 0000000000000000
0x00007000049bfef0:   00007fbb47195a40 0000000000007ef5
0x00007000049bff00:   0000000000008076 0000000000000000
0x00007000049bff10:   00007fbb47654860 0000000000000001
0x00007000049bff20:   00007000049c0050 000000010361ea1d
0x00007000049bff30:   0000000000000000 0000000000000000
0x00007000049bff40:   0000000000000000 0000000000000000
0x00007000049bff50:   fcb4ac0300000000 0000000000000000
0x00007000049bff60:   0000000100000001 00007ef500007ef5
0x00007000049bff70:   00007000049bffc0 0000000000000000
0x00007000049bff80:   00007000049c00c0 00007fbb3ec13e10
0x00007000049bff90:   00007fbb43010810 00007fbb4026d574
0x00007000049bffa0:   0000000000000000 00007fbb41810200
0x00007000049bffb0:   0000000000000000 00007fbb402690b0
0x00007000049bffc0:   00007000049bffe0 00007fbb32f7fb50
0x00007000049bffd0:   0000000000007ef5 00007fbb3ec13d00
0x00007000049bffe0:   00000024049c0020 0000000100000001
0x00007000049bfff0:   00000000ffffffff 00000000038cef75
0x00007000049c0000:   fffffffc3f7fffef 00007fbb47654860
0x00007000049c0010:   00007000049c5128 00007fbb433d8100
0x00007000049c0020:   00007fbb433dbea0 00007fbb433d8100 

Instructions: (pc=0x000000010384549d)
0x000000010384547d:   bb 70 01 00 00 48 8b 07 ff 50 20 ff 83 90 01 00
0x000000010384548d:   00 48 83 c4 08 5b 5d c3 90 55 48 89 e5 48 89 f8
0x000000010384549d:   0f b7 4f 2c 89 ca 83 e2 1f 66 83 fa 14 74 31 83
0x00000001038454ad:   e1 3f 66 83 f9 24 75 2f eb 26 83 78 18 02 75 27 

Register to memory mapping:

RAX=0x0000000000000000 is an unknown value
RBX=0x00007fbb326ea100 is an unknown value
RCX=0x0000000000000106 is an unknown value
RDX=0x0000000000000004 is an unknown value
RSP=0x00007000049bfe30 is pointing into the stack for thread: 0x00007fbb4182c000
RBP=0x00007000049bfe30 is pointing into the stack for thread: 0x00007fbb4182c000
RSI=0x00000001202ccdb0 is pointing into metadata
RDI=0x0000000000000000 is an unknown value
R8 =0x00000001035604c4: _ZN15SignatureStream4nextEv+0x9c in /Applications/Android Studio 2.app/Contents/jre/jdk/Contents/Home/jre/lib/server/libjvm.dylib at 0x0000000103400000
R9 =0x0000000000000000 is an unknown value
R10=0x00007000049c03a4 is pointing into the stack for thread: 0x00007fbb4182c000
R11=0x00007000049c03b7 is pointing into the stack for thread: 0x00007fbb4182c000
R12=0x0000000000000000 is an unknown value
R13=0x00007fbb47195a40 is an unknown value
R14=0x00007fbb433d8100 is an unknown value
R15=0x00007fbb47654801 is an unknown value


Stack: [0x00007000048c6000,0x00007000049c6000],  sp=0x00007000049bfe30,  free space=999k
Native frames: (J=compiled Java code, j=interpreted, Vv=VM code, C=native code)
V  [libjvm.dylib+0x44549d]  Node::uncast() const+0x7
V  [libjvm.dylib+0xccc9b]  InlineTree::try_to_inline(ciMethod*, ciMethod*, int, JVMState*, ciCallProfile&, WarmCallInfo*, bool&)+0x24b
V  [libjvm.dylib+0xccfea]  InlineTree::ok_to_inline(ciMethod*, JVMState*, ciCallProfile&, WarmCallInfo*, bool&)+0xae
V  [libjvm.dylib+0x21ea1d]  Compile::call_generator(ciMethod*, int, bool, JVMState*, bool, float, ciKlass*, bool, bool)+0x58f
V  [libjvm.dylib+0x1382ac]  CallGenerator::for_method_handle_inline(JVMState*, ciMethod*, ciMethod*, bool&)+0x52c
V  [libjvm.dylib+0x138d17]  CallGenerator::for_method_handle_call(JVMState*, ciMethod*, ciMethod*, bool)+0x23
V  [libjvm.dylib+0x21e74a]  Compile::call_generator(ciMethod*, int, bool, JVMState*, bool, float, ciKlass*, bool, bool)+0x2bc
V  [libjvm.dylib+0x21f19f]  Parse::do_call()+0x325
V  [libjvm.dylib+0x474531]  Parse::do_one_block()+0xf7
V  [libjvm.dylib+0x473b04]  Parse::do_all_blocks()+0x1fa
V  [libjvm.dylib+0x472921]  Parse::Parse(JVMState*, ciMethod*, float)+0x5b9
V  [libjvm.dylib+0x137192]  ParseGenerator::generate(JVMState*)+0x78
V  [libjvm.dylib+0x21f230]  Parse::do_call()+0x3b6
V  [libjvm.dylib+0x474531]  Parse::do_one_block()+0xf7
V  [libjvm.dylib+0x473b04]  Parse::do_all_blocks()+0x1fa
V  [libjvm.dylib+0x472921]  Parse::Parse(JVMState*, ciMethod*, float)+0x5b9
V  [libjvm.dylib+0x137192]  ParseGenerator::generate(JVMState*)+0x78
V  [libjvm.dylib+0x21f230]  Parse::do_call()+0x3b6
V  [libjvm.dylib+0x474531]  Parse::do_one_block()+0xf7
V  [libjvm.dylib+0x473b04]  Parse::do_all_blocks()+0x1fa
V  [libjvm.dylib+0x472921]  Parse::Parse(JVMState*, ciMethod*, float)+0x5b9
V  [libjvm.dylib+0x137192]  ParseGenerator::generate(JVMState*)+0x78
V  [libjvm.dylib+0x21f230]  Parse::do_call()+0x3b6
V  [libjvm.dylib+0x474531]  Parse::do_one_block()+0xf7
V  [libjvm.dylib+0x473b04]  Parse::do_all_blocks()+0x1fa
V  [libjvm.dylib+0x472921]  Parse::Parse(JVMState*, ciMethod*, float)+0x5b9
V  [libjvm.dylib+0x137192]  ParseGenerator::generate(JVMState*)+0x78
V  [libjvm.dylib+0x137b0e]  LateInlineCallGenerator::do_late_inline()+0x3ac
V  [libjvm.dylib+0x19add3]  Compile::inline_incrementally_one(PhaseIterGVN&)+0xa7
V  [libjvm.dylib+0x19b039]  Compile::inline_incrementally(PhaseIterGVN&)+0xcf
V  [libjvm.dylib+0x198735]  Compile::Optimize()+0xcd
V  [libjvm.dylib+0x197c1b]  Compile::Compile(ciEnv*, C2Compiler*, ciMethod*, int, bool, bool, bool)+0x85b
V  [libjvm.dylib+0x136b98]  C2Compiler::compile_method(ciEnv*, ciMethod*, int)+0x9e
V  [libjvm.dylib+0x1a3372]  CompileBroker::invoke_compiler_on_method(CompileTask*)+0x634
V  [libjvm.dylib+0x1a2882]  CompileBroker::compiler_thread_loop()+0x268
V  [libjvm.dylib+0x527e84]  JavaThread::thread_main_inner()+0x82
V  [libjvm.dylib+0x527d49]  JavaThread::run()+0x199
V  [libjvm.dylib+0x45b9eb]  java_start(Thread*)+0xfa
C  [libsystem_pthread.dylib+0x6109]  _pthread_start+0x94
C  [libsystem_pthread.dylib+0x1b8b]  thread_start+0xf
C  0x0000000000000000


Current CompileTask:
C2:  80331 19586   !   4       androidx.appcompat.app.AppCompatDelegateImpl::$$robo$$androidx_appcompat_app_AppCompatDelegateImpl$createView (215 bytes)


---------------  P R O C E S S  ---------------

Java Threads: ( => current thread )
  0x00007fbb3217b800 JavaThread "pool-142-thread-3" [_thread_blocked, id=141059, stack(0x000070000f3ca000,0x000070000f4ca000)]
  0x00007fbb43740800 JavaThread "pool-142-thread-2" [_thread_blocked, id=140803, stack(0x000070000f2c7000,0x000070000f3c7000)]
  0x00007fbb435e9800 JavaThread "pool-142-thread-1" [_thread_blocked, id=170247, stack(0x000070000e49d000,0x000070000e59d000)]
  0x00007fbb417a3000 JavaThread "pool-141-thread-1" [_thread_blocked, id=140547, stack(0x000070000f1c4000,0x000070000f2c4000)]
  0x00007fbb40f78000 JavaThread "pool-138-thread-4" [_thread_blocked, id=167683, stack(0x000070000f0c1000,0x000070000f1c1000)]
  0x00007fbb4a715800 JavaThread "pool-138-thread-3" [_thread_blocked, id=139779, stack(0x000070000efbe000,0x000070000f0be000)]
  0x00007fbb4a714800 JavaThread "pool-138-thread-2" [_thread_blocked, id=167939, stack(0x000070000eebb000,0x000070000efbb000)]
  0x00007fbb32aa3800 JavaThread "pool-138-thread-1" [_thread_blocked, id=168451, stack(0x000070000edb8000,0x000070000eeb8000)]
  0x00007fbb32529000 JavaThread "pool-137-thread-1" [_thread_blocked, id=139011, stack(0x000070000ecb5000,0x000070000edb5000)]
  0x00007fbb40879800 JavaThread "pool-134-thread-4" [_thread_blocked, id=168963, stack(0x000070000ebb2000,0x000070000ecb2000)]
  0x00007fbb4b5fc800 JavaThread "pool-134-thread-3" [_thread_blocked, id=169219, stack(0x000070000eaaf000,0x000070000ebaf000)]
  0x00007fbb476e6800 JavaThread "pool-134-thread-2" [_thread_blocked, id=133131, stack(0x000070000df8e000,0x000070000e08e000)]
  0x00007fbb32d09800 JavaThread "pool-134-thread-1" [_thread_blocked, id=134919, stack(0x000070000da7f000,0x000070000db7f000)]
  0x00007fbb32cc2000 JavaThread "pool-133-thread-1" [_thread_blocked, id=138243, stack(0x000070000e9ac000,0x000070000eaac000)]
  0x00007fbb40e40800 JavaThread "pool-130-thread-4" [_thread_blocked, id=137731, stack(0x000070000e8a9000,0x000070000e9a9000)]
  0x00007fbb4b8d7000 JavaThread "pool-130-thread-3" [_thread_blocked, id=169475, stack(0x000070000e7a6000,0x000070000e8a6000)]
  0x00007fbb417c7000 JavaThread "pool-130-thread-2" [_thread_blocked, id=169731, stack(0x000070000e6a3000,0x000070000e7a3000)]
  0x00007fbb415a6000 JavaThread "pool-130-thread-1" [_thread_blocked, id=136963, stack(0x000070000e5a0000,0x000070000e6a0000)]
  0x00007fbb434ab800 JavaThread "pool-126-thread-4" [_thread_blocked, id=136451, stack(0x000070000e39a000,0x000070000e49a000)]
  0x00007fbb3268a000 JavaThread "pool-126-thread-3" [_thread_blocked, id=170755, stack(0x000070000e297000,0x000070000e397000)]
  0x00007fbb40bb3000 JavaThread "pool-126-thread-2" [_thread_blocked, id=171011, stack(0x000070000e194000,0x000070000e294000)]
  0x00007fbb40859000 JavaThread "pool-126-thread-1" [_thread_blocked, id=135427, stack(0x000070000e091000,0x000070000e191000)]
  0x00007fbb4a64f800 JavaThread "pool-122-thread-4" [_thread_blocked, id=171267, stack(0x000070000de8b000,0x000070000df8b000)]
  0x00007fbb4118e000 JavaThread "pool-122-thread-3" [_thread_blocked, id=171523, stack(0x000070000dd88000,0x000070000de88000)]
  0x00007fbb4118d000 JavaThread "pool-122-thread-2" [_thread_blocked, id=134147, stack(0x000070000dc85000,0x000070000dd85000)]
  0x00007fbb4b5eb000 JavaThread "pool-122-thread-1" [_thread_blocked, id=133635, stack(0x000070000db82000,0x000070000dc82000)]
  0x00007fbb4b702000 JavaThread "Keep-Alive-Timer" daemon [_thread_blocked, id=172295, stack(0x000070000d97c000,0x000070000da7c000)]
  0x00007fbb326cb800 JavaThread "pool-118-thread-4" [_thread_blocked, id=172547, stack(0x000070000d879000,0x000070000d979000)]
  0x00007fbb4b4d4000 JavaThread "pool-118-thread-3" [_thread_blocked, id=132355, stack(0x000070000d776000,0x000070000d876000)]
  0x00007fbb4b58b000 JavaThread "pool-118-thread-2" [_thread_blocked, id=131843, stack(0x000070000d673000,0x000070000d773000)]
  0x00007fbb32d9d800 JavaThread "pool-118-thread-1" [_thread_blocked, id=173059, stack(0x000070000d570000,0x000070000d670000)]
  0x00007fbb475d3800 JavaThread "pool-117-thread-1" [_thread_blocked, id=173571, stack(0x000070000d46d000,0x000070000d56d000)]
  0x00007fbb475d4800 JavaThread "pool-114-thread-4" [_thread_blocked, id=131331, stack(0x000070000d36a000,0x000070000d46a000)]
  0x00007fbb32255800 JavaThread "pool-114-thread-3" [_thread_blocked, id=174083, stack(0x000070000d267000,0x000070000d367000)]
  0x00007fbb40933800 JavaThread "pool-114-thread-2" [_thread_blocked, id=131075, stack(0x000070000d164000,0x000070000d264000)]
  0x00007fbb40940000 JavaThread "pool-114-thread-1" [_thread_blocked, id=102415, stack(0x000070000c43d000,0x000070000c53d000)]
  0x00007fbb4a722000 JavaThread "pool-113-thread-1" [_thread_blocked, id=106247, stack(0x000070000bf2e000,0x000070000c02e000)]
  0x00007fbb40eca000 JavaThread "pool-110-thread-4" [_thread_blocked, id=110083, stack(0x000070000d061000,0x000070000d161000)]
  0x00007fbb4b58c000 JavaThread "pool-110-thread-3" [_thread_blocked, id=109571, stack(0x000070000cf5e000,0x000070000d05e000)]
  0x00007fbb416d7800 JavaThread "pool-110-thread-2" [_thread_blocked, id=110595, stack(0x000070000ce5b000,0x000070000cf5b000)]
  0x00007fbb4ab37000 JavaThread "pool-110-thread-1" [_thread_blocked, id=110851, stack(0x000070000cd58000,0x000070000ce58000)]
  0x00007fbb4ad2e800 JavaThread "pool-109-thread-1" [_thread_blocked, id=111107, stack(0x000070000cc55000,0x000070000cd55000)]
  0x00007fbb4a71f800 JavaThread "pool-106-thread-4" [_thread_blocked, id=108547, stack(0x000070000cb52000,0x000070000cc52000)]
  0x00007fbb3f1b9800 JavaThread "pool-106-thread-3" [_thread_blocked, id=108035, stack(0x000070000ca4f000,0x000070000cb4f000)]
  0x00007fbb3f082000 JavaThread "pool-106-thread-2" [_thread_blocked, id=111875, stack(0x000070000c94c000,0x000070000ca4c000)]
  0x00007fbb4bf12000 JavaThread "pool-106-thread-1" [_thread_blocked, id=112131, stack(0x000070000c849000,0x000070000c949000)]
  0x00007fbb342dd000 JavaThread "pool-102-thread-4" [_thread_blocked, id=114951, stack(0x000070000b30a000,0x000070000b40a000)]
  0x00007fbb4bf4e800 JavaThread "pool-102-thread-3" [_thread_blocked, id=112387, stack(0x000070000c746000,0x000070000c846000)]
  0x00007fbb4b690000 JavaThread "pool-102-thread-2" [_thread_blocked, id=107011, stack(0x000070000c643000,0x000070000c743000)]
  0x00007fbb4b5ff000 JavaThread "pool-102-thread-1" [_thread_blocked, id=106499, stack(0x000070000c540000,0x000070000c640000)]
  0x00007fbb4ad24800 JavaThread "pool-98-thread-4" [_thread_blocked, id=113155, stack(0x000070000c33a000,0x000070000c43a000)]
  0x00007fbb326cc800 JavaThread "pool-98-thread-3" [_thread_blocked, id=113667, stack(0x000070000c237000,0x000070000c337000)]
  0x00007fbb417a4800 JavaThread "pool-98-thread-2" [_thread_blocked, id=114179, stack(0x000070000c134000,0x000070000c234000)]
  0x00007fbb415a8000 JavaThread "pool-98-thread-1" [_thread_blocked, id=114435, stack(0x000070000c031000,0x000070000c131000)]
  0x00007fbb4af2d000 JavaThread "pool-94-thread-4" [_thread_blocked, id=105475, stack(0x000070000be2b000,0x000070000bf2b000)]
  0x00007fbb431c1800 JavaThread "pool-94-thread-3" [_thread_blocked, id=115203, stack(0x000070000bd28000,0x000070000be28000)]
  0x00007fbb4af2c800 JavaThread "pool-94-thread-2" [_thread_blocked, id=115715, stack(0x000070000bc25000,0x000070000bd25000)]
  0x00007fbb4a9f3800 JavaThread "pool-94-thread-1" [_thread_blocked, id=115971, stack(0x000070000bb22000,0x000070000bc22000)]
  0x00007fbb4b71f000 JavaThread "pool-90-thread-4" [_thread_blocked, id=116483, stack(0x000070000ba1f000,0x000070000bb1f000)]
  0x00007fbb436e0000 JavaThread "pool-90-thread-3" [_thread_blocked, id=104707, stack(0x000070000b91c000,0x000070000ba1c000)]
  0x00007fbb4086c800 JavaThread "pool-90-thread-2" [_thread_blocked, id=104195, stack(0x000070000b819000,0x000070000b919000)]
  0x00007fbb4086b800 JavaThread "pool-90-thread-1" [_thread_blocked, id=100359, stack(0x000070000aaf2000,0x000070000abf2000)]
  0x00007fbb436a0000 JavaThread "pool-89-thread-1" [_thread_blocked, id=121355, stack(0x000070000a5e3000,0x000070000a6e3000)]
  0x00007fbb40eb1800 JavaThread "pool-86-thread-4" [_thread_blocked, id=116995, stack(0x000070000b716000,0x000070000b816000)]
  0x00007fbb4b5d0800 JavaThread "pool-86-thread-3" [_thread_blocked, id=103427, stack(0x000070000b613000,0x000070000b713000)]
  0x00007fbb47790800 JavaThread "pool-86-thread-2" [_thread_blocked, id=117251, stack(0x000070000b510000,0x000070000b610000)]
  0x00007fbb4b5d0000 JavaThread "pool-86-thread-1" [_thread_blocked, id=117507, stack(0x000070000b40d000,0x000070000b50d000)]
  0x00007fbb32d9e000 JavaThread "pool-82-thread-4" [_thread_blocked, id=118019, stack(0x000070000b207000,0x000070000b307000)]
  0x00007fbb4756a800 JavaThread "pool-82-thread-3" [_thread_blocked, id=118275, stack(0x000070000b104000,0x000070000b204000)]
  0x00007fbb4afd0800 JavaThread "pool-82-thread-2" [_thread_blocked, id=101635, stack(0x000070000b001000,0x000070000b101000)]
  0x00007fbb32e8b800 JavaThread "pool-82-thread-1" [_thread_blocked, id=118531, stack(0x000070000aefe000,0x000070000affe000)]
  0x00007fbb32c6b000 JavaThread "pool-78-thread-4" [_thread_blocked, id=96523, stack(0x00007000095b3000,0x00007000096b3000)]
  0x00007fbb4a9ff000 JavaThread "pool-78-thread-3" [_thread_blocked, id=101123, stack(0x000070000adfb000,0x000070000aefb000)]
  0x00007fbb4b3f0000 JavaThread "pool-78-thread-2" [_thread_blocked, id=119299, stack(0x000070000acf8000,0x000070000adf8000)]
  0x00007fbb437bc800 JavaThread "pool-78-thread-1" [_thread_blocked, id=100611, stack(0x000070000abf5000,0x000070000acf5000)]
  0x00007fbb47660000 JavaThread "pool-74-thread-4" [_thread_blocked, id=119811, stack(0x000070000a9ef000,0x000070000aaef000)]
  0x00007fbb4ac4d800 JavaThread "pool-74-thread-3" [_thread_blocked, id=120323, stack(0x000070000a8ec000,0x000070000a9ec000)]
  0x00007fbb4b409800 JavaThread "pool-74-thread-2" [_thread_blocked, id=120579, stack(0x000070000a7e9000,0x000070000a8e9000)]
  0x00007fbb41435000 JavaThread "pool-74-thread-1" [_thread_blocked, id=120835, stack(0x000070000a6e6000,0x000070000a7e6000)]
  0x00007fbb40cef800 JavaThread "pool-70-thread-4" [_thread_blocked, id=99075, stack(0x000070000a4e0000,0x000070000a5e0000)]
  0x00007fbb3f216000 JavaThread "pool-70-thread-3" [_thread_blocked, id=98819, stack(0x000070000a3dd000,0x000070000a4dd000)]
  0x00007fbb4a44a800 JavaThread "pool-70-thread-2" [_thread_blocked, id=98563, stack(0x000070000a2da000,0x000070000a3da000)]
  0x00007fbb4a44a000 JavaThread "pool-70-thread-1" [_thread_blocked, id=94983, stack(0x0000700009ac2000,0x0000700009bc2000)]
  0x00007fbb41358000 JavaThread "pool-66-thread-4" [_thread_blocked, id=98307, stack(0x000070000a1d7000,0x000070000a2d7000)]
  0x00007fbb4b670800 JavaThread "pool-66-thread-3" [_thread_blocked, id=98051, stack(0x000070000a0d4000,0x000070000a1d4000)]
  0x00007fbb4771d000 JavaThread "pool-66-thread-2" [_thread_blocked, id=97795, stack(0x0000700009fd1000,0x000070000a0d1000)]
  0x00007fbb4b66f800 JavaThread "pool-66-thread-1" [_thread_blocked, id=123139, stack(0x0000700009ece000,0x0000700009fce000)]
  0x00007fbb40883000 JavaThread "pool-65-thread-1" [_thread_blocked, id=97283, stack(0x0000700009dcb000,0x0000700009ecb000)]
  0x00007fbb434b5800 JavaThread "pool-62-thread-4" [_thread_blocked, id=97027, stack(0x0000700009cc8000,0x0000700009dc8000)]
  0x00007fbb4be9a000 JavaThread "pool-62-thread-3" [_thread_blocked, id=96771, stack(0x0000700009bc5000,0x0000700009cc5000)]
  0x00007fbb4be99800 JavaThread "pool-62-thread-2" [_thread_blocked, id=127243, stack(0x00007000094b0000,0x00007000095b0000)]
  0x00007fbb40963800 JavaThread "pool-62-thread-1" [_thread_blocked, id=94727, stack(0x000070000888c000,0x000070000898c000)]
  0x00007fbb476ed800 JavaThread "pool-58-thread-4" [_thread_blocked, id=96259, stack(0x00007000099bf000,0x0000700009abf000)]
  0x00007fbb42fb2800 JavaThread "pool-58-thread-3" [_thread_blocked, id=96003, stack(0x00007000098bc000,0x00007000099bc000)]
  0x00007fbb41507800 JavaThread "pool-58-thread-2" [_thread_blocked, id=124675, stack(0x00007000097b9000,0x00007000098b9000)]
  0x00007fbb41518800 JavaThread "pool-58-thread-1" [_thread_blocked, id=124931, stack(0x00007000096b6000,0x00007000097b6000)]
  0x00007fbb40fdf000 JavaThread "pool-54-thread-4" [_thread_blocked, id=94467, stack(0x00007000093ad000,0x00007000094ad000)]
  0x00007fbb3423e800 JavaThread "pool-54-thread-3" [_thread_blocked, id=93955, stack(0x00007000092aa000,0x00007000093aa000)]
  0x00007fbb42a4d800 JavaThread "pool-54-thread-2" [_thread_blocked, id=93443, stack(0x00007000091a7000,0x00007000092a7000)]
  0x00007fbb42a4c800 JavaThread "pool-54-thread-1" [_thread_blocked, id=18695, stack(0x00007000090a4000,0x00007000091a4000)]
  0x00007fbb472c4000 JavaThread "pool-50-thread-4" [_thread_blocked, id=12807, stack(0x0000700008fa1000,0x00007000090a1000)]
  0x00007fbb4770f800 JavaThread "pool-50-thread-3" [_thread_blocked, id=92675, stack(0x0000700008e9e000,0x0000700008f9e000)]
  0x00007fbb41042800 JavaThread "pool-50-thread-2" [_thread_blocked, id=125699, stack(0x0000700008d9b000,0x0000700008e9b000)]
  0x00007fbb41041800 JavaThread "pool-50-thread-1" [_thread_blocked, id=91907, stack(0x0000700008c98000,0x0000700008d98000)]
  0x00007fbb33237000 JavaThread "pool-49-thread-1" [_thread_blocked, id=129547, stack(0x000070000827a000,0x000070000837a000)]
  0x00007fbb435f0000 JavaThread "pool-46-thread-4" [_thread_blocked, id=128783, stack(0x0000700007e6e000,0x0000700007f6e000)]
  0x00007fbb355a9000 JavaThread "pool-46-thread-3" [_thread_blocked, id=126211, stack(0x0000700008b95000,0x0000700008c95000)]
  0x00007fbb333a3000 JavaThread "pool-46-thread-2" [_thread_blocked, id=91395, stack(0x0000700008a92000,0x0000700008b92000)]
  0x00007fbb333a2000 JavaThread "pool-46-thread-1" [_thread_blocked, id=126723, stack(0x000070000898f000,0x0000700008a8f000)]
  0x00007fbb33152800 JavaThread "pool-42-thread-4" [_thread_blocked, id=127491, stack(0x0000700008789000,0x0000700008889000)]
  0x00007fbb2f3f5800 JavaThread "pool-42-thread-3" [_thread_blocked, id=127747, stack(0x0000700008686000,0x0000700008786000)]
  0x00007fbb330a4000 JavaThread "pool-42-thread-2" [_thread_blocked, id=128003, stack(0x0000700008583000,0x0000700008683000)]
  0x00007fbb434df800 JavaThread "pool-42-thread-1" [_thread_blocked, id=128259, stack(0x0000700008480000,0x0000700008580000)]
  0x00007fbb342e5000 JavaThread "pool-38-thread-4" [_thread_blocked, id=89859, stack(0x000070000837d000,0x000070000847d000)]
  0x00007fbb342e3800 JavaThread "pool-38-thread-3" [_thread_blocked, id=129027, stack(0x0000700008177000,0x0000700008277000)]
  0x00007fbb4b1fb800 JavaThread "pool-38-thread-2" [_thread_blocked, id=89091, stack(0x0000700008074000,0x0000700008174000)]
  0x00007fbb3324e000 JavaThread "pool-38-thread-1" [_thread_blocked, id=129283, stack(0x0000700007f71000,0x0000700008071000)]
  0x00007fbb40c83800 JavaThread "pool-34-thread-4" [_thread_blocked, id=62987, stack(0x0000700007044000,0x0000700007144000)]
  0x00007fbb33345000 JavaThread "pool-34-thread-3" [_thread_blocked, id=130051, stack(0x0000700007d6b000,0x0000700007e6b000)]
  0x00007fbb46bcf000 JavaThread "pool-34-thread-2" [_thread_blocked, id=88067, stack(0x0000700007c68000,0x0000700007d68000)]
  0x00007fbb46bce800 JavaThread "pool-34-thread-1" [_thread_blocked, id=87811, stack(0x0000700007b65000,0x0000700007c65000)]
  0x00007fbb3303e000 JavaThread "pool-33-thread-1" [_thread_blocked, id=68615, stack(0x0000700007a62000,0x0000700007b62000)]
  0x00007fbb3f7b4800 JavaThread "pool-30-thread-4" [_thread_blocked, id=69131, stack(0x0000700006a32000,0x0000700006b32000)]
  0x00007fbb2f40d000 JavaThread "pool-30-thread-3" [_thread_blocked, id=130819, stack(0x000070000795f000,0x0000700007a5f000)]
  0x00007fbb320da000 JavaThread "pool-30-thread-2" [_thread_blocked, id=66051, stack(0x000070000785c000,0x000070000795c000)]
  0x00007fbb32534000 JavaThread "pool-30-thread-1" [_thread_blocked, id=65539, stack(0x0000700007759000,0x0000700007859000)]
  0x00007fbb3f565000 JavaThread "pool-26-thread-4" [_thread_blocked, id=66307, stack(0x0000700007656000,0x0000700007756000)]
  0x00007fbb323a4000 JavaThread "pool-26-thread-3" [_thread_blocked, id=66563, stack(0x0000700007553000,0x0000700007653000)]
  0x00007fbb32c78800 JavaThread "pool-26-thread-2" [_thread_blocked, id=64515, stack(0x0000700007450000,0x0000700007550000)]
  0x00007fbb4aa31800 JavaThread "pool-26-thread-1" [_thread_blocked, id=66819, stack(0x000070000734d000,0x000070000744d000)]
  0x00007fbb330ba800 JavaThread "pool-22-thread-4" [_thread_blocked, id=84247, stack(0x0000700005e0e000,0x0000700005f0e000)]
  0x00007fbb3f276800 JavaThread "pool-22-thread-3" [_thread_blocked, id=63747, stack(0x000070000724a000,0x000070000734a000)]
  0x00007fbb31278800 JavaThread "pool-22-thread-2" [_thread_blocked, id=67075, stack(0x0000700007147000,0x0000700007247000)]
  0x00007fbb32537800 JavaThread "pool-22-thread-1" [_thread_blocked, id=61447, stack(0x0000700006b35000,0x0000700006c35000)]
  0x00007fbb4b8ba000 JavaThread "pool-18-thread-4" [_thread_blocked, id=62467, stack(0x0000700006f41000,0x0000700007041000)]
  0x00007fbb34327800 JavaThread "pool-18-thread-3" [_thread_blocked, id=67587, stack(0x0000700006e3e000,0x0000700006f3e000)]
  0x00007fbb32ce4000 JavaThread "pool-18-thread-2" [_thread_blocked, id=68099, stack(0x0000700006d3b000,0x0000700006e3b000)]
  0x00007fbb3303a000 JavaThread "pool-18-thread-1" [_thread_blocked, id=68355, stack(0x0000700006c38000,0x0000700006d38000)]
  0x00007fbb3387e800 JavaThread "pool-14-thread-4" [_thread_blocked, id=69379, stack(0x000070000692f000,0x0000700006a2f000)]
  0x00007fbb3406a000 JavaThread "pool-14-thread-3" [_thread_blocked, id=69635, stack(0x000070000682c000,0x000070000692c000)]
  0x00007fbb4aa14800 JavaThread "pool-14-thread-2" [_thread_blocked, id=60419, stack(0x0000700006729000,0x0000700006829000)]
  0x00007fbb4aa14000 JavaThread "pool-14-thread-1" [_thread_blocked, id=60163, stack(0x0000700006626000,0x0000700006726000)]
  0x00007fbb4c91a800 JavaThread "pool-13-thread-1" [_thread_blocked, id=70403, stack(0x0000700006523000,0x0000700006623000)]
  0x00007fbb43632000 JavaThread "pool-10-thread-4" [_thread_blocked, id=70915, stack(0x0000700006420000,0x0000700006520000)]
  0x00007fbb408f8800 JavaThread "pool-10-thread-3" [_thread_blocked, id=59651, stack(0x000070000631d000,0x000070000641d000)]
  0x00007fbb408f7800 JavaThread "pool-10-thread-2" [_thread_blocked, id=45083, stack(0x000070000621a000,0x000070000631a000)]
  0x00007fbb408f7000 JavaThread "pool-10-thread-1" [_thread_blocked, id=34567, stack(0x0000700006014000,0x0000700006114000)]
  0x00007fbb306df800 JavaThread "pool-9-thread-1" [_thread_blocked, id=58631, stack(0x00007000053e7000,0x00007000054e7000)]
  0x00007fbb4b8f8000 JavaThread "glide-source-thread-3" [_thread_blocked, id=59139, stack(0x0000700006117000,0x0000700006217000)]
  0x00007fbb4b8d6000 JavaThread "glide-source-thread-2" [_thread_blocked, id=33039, stack(0x0000700005f11000,0x0000700006011000)]
  0x00007fbb46c13000 JavaThread "glide-source-thread-1" [_thread_blocked, id=57867, stack(0x0000700005d0b000,0x0000700005e0b000)]
  0x00007fbb4b8a5000 JavaThread "pool-3-thread-4" [_thread_blocked, id=35335, stack(0x00007000052e4000,0x00007000053e4000)]
  0x00007fbb476c6000 JavaThread "glide-source-thread-0" [_thread_blocked, id=37903, stack(0x0000700005c08000,0x0000700005d08000)]
  0x00007fbb42f8c000 JavaThread "glide-disk-cache-thread-0" [_thread_blocked, id=71175, stack(0x0000700005a02000,0x0000700005b02000)]
  0x00007fbb42620000 JavaThread "glide-active-resources" [_thread_blocked, id=39947, stack(0x0000700005b05000,0x0000700005c05000)]
  0x00007fbb46b42800 JavaThread "pool-3-thread-3" [_thread_blocked, id=71687, stack(0x00007000058ff000,0x00007000059ff000)]
  0x00007fbb49265800 JavaThread "pool-3-thread-2" [_thread_blocked, id=72499, stack(0x00007000057fc000,0x00007000058fc000)]
  0x00007fbb40f7f000 JavaThread "pool-3-thread-1" [_thread_blocked, id=28447, stack(0x00007000051e1000,0x00007000052e1000)]
  0x00007fbb4752a000 JavaThread "Espresso Remote #0" [_thread_blocked, id=71963, stack(0x00007000056f9000,0x00007000057f9000)]
  0x00007fbb473b7000 JavaThread "Java2D Disposer" daemon [_thread_blocked, id=81171, stack(0x00007000055f6000,0x00007000056f6000)]
  0x00007fbb4155a000 JavaThread "AWT-AppKit" daemon [_thread_in_native, id=775, stack(0x00007ffeed096000,0x00007ffeed896000)]
  0x00007fbb47046800 JavaThread "pool-2-thread-1" [_thread_blocked, id=18443, stack(0x00007000050de000,0x00007000051de000)]
  0x00007fbb41b5c800 JavaThread "SDK 28 Main Thread" [_thread_in_native, id=42755, stack(0x0000700004fdb000,0x00007000050db000)]
  0x00007fbb40bca000 JavaThread "Attach Listener" daemon [_thread_blocked, id=22019, stack(0x0000700004ed8000,0x0000700004fd8000)]
  0x00007fbb4201f800 JavaThread "Service Thread" daemon [_thread_blocked, id=14339, stack(0x0000700004cd2000,0x0000700004dd2000)]
  0x00007fbb3f00a800 JavaThread "C1 CompilerThread3" daemon [_thread_blocked, id=15107, stack(0x0000700004bcf000,0x0000700004ccf000)]
  0x00007fbb42815000 JavaThread "C2 CompilerThread2" daemon [_thread_blocked, id=15619, stack(0x0000700004acc000,0x0000700004bcc000)]
  0x00007fbb42814800 JavaThread "C2 CompilerThread1" daemon [_thread_in_native, id=16131, stack(0x00007000049c9000,0x0000700004ac9000)]
=>0x00007fbb4182c000 JavaThread "C2 CompilerThread0" daemon [_thread_in_native, id=16643, stack(0x00007000048c6000,0x00007000049c6000)]
  0x00007fbb41827800 JavaThread "Monitor Ctrl-Break" daemon [_thread_in_native, id=13827, stack(0x00007000047c3000,0x00007000048c3000)]
  0x00007fbb41008800 JavaThread "Signal Dispatcher" daemon [_thread_blocked, id=17155, stack(0x00007000046c0000,0x00007000047c0000)]
  0x00007fbb4100e800 JavaThread "Finalizer" daemon [_thread_blocked, id=12547, stack(0x00007000044b7000,0x00007000045b7000)]
  0x00007fbb4100b800 JavaThread "Reference Handler" daemon [_thread_blocked, id=12291, stack(0x00007000043b4000,0x00007000044b4000)]
  0x00007fbb3f00a000 JavaThread "main" [_thread_blocked, id=3075, stack(0x0000700003996000,0x0000700003a96000)]

Other Threads:
  0x00007fbb4200e800 VMThread [stack: 0x00007000042b1000,0x00007000043b1000] [id=20227]
  0x00007fbb42828000 WatcherThread [stack: 0x0000700004dd5000,0x0000700004ed5000] [id=21763]

VM state:not at safepoint (normal execution)

VM Mutex/Monitor currently owned by a thread: None

heap address: 0x00000006c0000000, size: 4096 MB, Compressed Oops mode: Zero based, Oop shift amount: 3
Narrow klass base: 0x0000000000000000, Narrow klass shift: 3
Compressed class space size: 1073741824 Address: 0x00000007c0000000

Heap:
 PSYoungGen      total 1293312K, used 180092K [0x000000076ab00000, 0x00000007c0000000, 0x00000007c0000000)
  eden space 1221632K, 8% used [0x000000076ab00000,0x0000000771514188,0x00000007b5400000)
  from space 71680K, 99% used [0x00000007b5400000,0x00000007b99cb148,0x00000007b9a00000)
  to   space 91648K, 0% used [0x00000007ba680000,0x00000007ba680000,0x00000007c0000000)
 ParOldGen       total 373248K, used 119310K [0x00000006c0000000, 0x00000006d6c80000, 0x000000076ab00000)
  object space 373248K, 31% used [0x00000006c0000000,0x00000006c7483b70,0x00000006d6c80000)
 Metaspace       used 94601K, capacity 111315K, committed 111532K, reserved 1146880K
  class space    used 11015K, capacity 14992K, committed 15020K, reserved 1048576K

Card table byte_map: [0x00000001046fe000,0x0000000104eff000] byte_map_base: 0x00000001010fe000

Marking Bits: (ParMarkBitMap*) 0x0000000103c273f8
 Begin Bits: [0x0000000105455000, 0x0000000109455000)
 End Bits:   [0x0000000109455000, 0x000000010d455000)

Polling page: 0x00000001023fe000

CodeCache: size=245760Kb used=147719Kb max_used=149305Kb free=98040Kb
 bounds [0x000000010f2d4000, 0x00000001184f4000, 0x000000011e2d4000]
 total_blobs=17456 nmethods=15515 adapters=1848
 compilation: enabled

Compilation events (10 events):
Event: 79.958 Thread 0x00007fbb42815000 19582   !   4       dagger.internal.DoubleCheck::get (67 bytes)
Event: 79.960 Thread 0x00007fbb42815000 nmethod 19582 0x000000011314b950 code [0x000000011314bac0, 0x000000011314be38]
Event: 80.073 Thread 0x00007fbb3f00a800 19583   !   3       sun.awt.AppContext::get (123 bytes)
Event: 80.074 Thread 0x00007fbb3f00a800 nmethod 19583 0x000000011287b3d0 code [0x000000011287b580, 0x000000011287bea8]
Event: 80.175 Thread 0x00007fbb3f00a800 19584       3       java.lang.invoke.LambdaForm$MH/2070969325::delegate (22 bytes)
Event: 80.175 Thread 0x00007fbb3f00a800 nmethod 19584 0x000000010f66afd0 code [0x000000010f66b160, 0x000000010f66b728]
Event: 80.247 Thread 0x00007fbb42814800 19585       4       androidx.appcompat.app.AppCompatDelegateImpl::onCreateView (12 bytes)
Event: 80.247 Thread 0x00007fbb4182c000 19586   !   4       androidx.appcompat.app.AppCompatDelegateImpl::$$robo$$androidx_appcompat_app_AppCompatDelegateImpl$createView (215 bytes)
Event: 80.261 Thread 0x00007fbb3f00a800 19587       3       org.oppia.app.player.state.StatePlayerRecyclerViewAssembler$PlayerFeatureSet::union (242 bytes)
Event: 80.262 Thread 0x00007fbb3f00a800 nmethod 19587 0x0000000112d1da50 code [0x0000000112d1dc40, 0x0000000112d1e778]

GC Heap History (10 events):
Event: 70.095 GC heap before
{Heap before GC invocations=45 (full 4):
 PSYoungGen      total 1317888K, used 1293298K [0x000000076ab00000, 0x00000007bfe80000, 0x00000007c0000000)
  eden space 1239552K, 100% used [0x000000076ab00000,0x00000007b6580000,0x00000007b6580000)
  from space 78336K, 68% used [0x00000007bb200000,0x00000007be67c850,0x00000007bfe80000)
  to   space 78336K, 0% used [0x00000007b6580000,0x00000007b6580000,0x00000007bb200000)
 ParOldGen       total 373248K, used 111390K [0x00000006c0000000, 0x00000006d6c80000, 0x000000076ab00000)
  object space 373248K, 29% used [0x00000006c0000000,0x00000006c6cc7b80,0x00000006d6c80000)
 Metaspace       used 93666K, capacity 110033K, committed 110124K, reserved 1144832K
  class space    used 10959K, capacity 14879K, committed 14892K, reserved 1048576K
Event: 70.125 GC heap after
Heap after GC invocations=45 (full 4):
 PSYoungGen      total 1317888K, used 57700K [0x000000076ab00000, 0x00000007c0000000, 0x00000007c0000000)
  eden space 1239552K, 0% used [0x000000076ab00000,0x000000076ab00000,0x00000007b6580000)
  from space 78336K, 73% used [0x00000007b6580000,0x00000007b9dd91d0,0x00000007bb200000)
  to   space 79360K, 0% used [0x00000007bb280000,0x00000007bb280000,0x00000007c0000000)
 ParOldGen       total 373248K, used 111494K [0x00000006c0000000, 0x00000006d6c80000, 0x000000076ab00000)
  object space 373248K, 29% used [0x00000006c0000000,0x00000006c6ce1b80,0x00000006d6c80000)
 Metaspace       used 93666K, capacity 110033K, committed 110124K, reserved 1144832K
  class space    used 10959K, capacity 14879K, committed 14892K, reserved 1048576K
}
Event: 72.972 GC heap before
{Heap before GC invocations=46 (full 4):
 PSYoungGen      total 1317888K, used 1297252K [0x000000076ab00000, 0x00000007c0000000, 0x00000007c0000000)
  eden space 1239552K, 100% used [0x000000076ab00000,0x00000007b6580000,0x00000007b6580000)
  from space 78336K, 73% used [0x00000007b6580000,0x00000007b9dd91d0,0x00000007bb200000)
  to   space 79360K, 0% used [0x00000007bb280000,0x00000007bb280000,0x00000007c0000000)
 ParOldGen       total 373248K, used 111494K [0x00000006c0000000, 0x00000006d6c80000, 0x000000076ab00000)
  object space 373248K, 29% used [0x00000006c0000000,0x00000006c6ce1b80,0x00000006d6c80000)
 Metaspace       used 94023K, capacity 110443K, committed 110764K, reserved 1144832K
  class space    used 10971K, capacity 14916K, committed 15020K, reserved 1048576K
Event: 72.999 GC heap after
Heap after GC invocations=46 (full 4):
 PSYoungGen      total 1314304K, used 60588K [0x000000076ab00000, 0x00000007c0000000, 0x00000007c0000000)
  eden space 1234944K, 0% used [0x000000076ab00000,0x000000076ab00000,0x00000007b6100000)
  from space 79360K, 76% used [0x00000007bb280000,0x00000007bedab230,0x00000007c0000000)
  to   space 81408K, 0% used [0x00000007b6100000,0x00000007b6100000,0x00000007bb080000)
 ParOldGen       total 373248K, used 115896K [0x00000006c0000000, 0x00000006d6c80000, 0x000000076ab00000)
  object space 373248K, 31% used [0x00000006c0000000,0x00000006c712e150,0x00000006d6c80000)
 Metaspace       used 94023K, capacity 110443K, committed 110764K, reserved 1144832K
  class space    used 10971K, capacity 14916K, committed 15020K, reserved 1048576K
}
Event: 75.308 GC heap before
{Heap before GC invocations=47 (full 4):
 PSYoungGen      total 1314304K, used 1295532K [0x000000076ab00000, 0x00000007c0000000, 0x00000007c0000000)
  eden space 1234944K, 100% used [0x000000076ab00000,0x00000007b6100000,0x00000007b6100000)
  from space 79360K, 76% used [0x00000007bb280000,0x00000007bedab230,0x00000007c0000000)
  to   space 81408K, 0% used [0x00000007b6100000,0x00000007b6100000,0x00000007bb080000)
 ParOldGen       total 373248K, used 115896K [0x00000006c0000000, 0x00000006d6c80000, 0x000000076ab00000)
  object space 373248K, 31% used [0x00000006c0000000,0x00000006c712e150,0x00000006d6c80000)
 Metaspace       used 94175K, capacity 110695K, committed 111020K, reserved 1144832K
  class space    used 10979K, capacity 14922K, committed 15020K, reserved 1048576K
Event: 75.329 GC heap after
Heap after GC invocations=47 (full 4):
 PSYoungGen      total 1298944K, used 63845K [0x000000076ab00000, 0x00000007c0000000, 0x00000007c0000000)
  eden space 1234944K, 0% used [0x000000076ab00000,0x000000076ab00000,0x00000007b6100000)
  from space 64000K, 99% used [0x00000007b6100000,0x00000007b9f596c0,0x00000007b9f80000)
  to   space 83968K, 0% used [0x00000007bae00000,0x00000007bae00000,0x00000007c0000000)
 ParOldGen       total 373248K, used 118050K [0x00000006c0000000, 0x00000006d6c80000, 0x000000076ab00000)
  object space 373248K, 31% used [0x00000006c0000000,0x00000006c7348ae0,0x00000006d6c80000)
 Metaspace       used 94175K, capacity 110695K, committed 111020K, reserved 1144832K
  class space    used 10979K, capacity 14922K, committed 15020K, reserved 1048576K
}
Event: 77.698 GC heap before
{Heap before GC invocations=48 (full 4):
 PSYoungGen      total 1298944K, used 1298789K [0x000000076ab00000, 0x00000007c0000000, 0x00000007c0000000)
  eden space 1234944K, 100% used [0x000000076ab00000,0x00000007b6100000,0x00000007b6100000)
  from space 64000K, 99% used [0x00000007b6100000,0x00000007b9f596c0,0x00000007b9f80000)
  to   space 83968K, 0% used [0x00000007bae00000,0x00000007bae00000,0x00000007c0000000)
 ParOldGen       total 373248K, used 118050K [0x00000006c0000000, 0x00000006d6c80000, 0x000000076ab00000)
  object space 373248K, 31% used [0x00000006c0000000,0x00000006c7348ae0,0x00000006d6c80000)
 Metaspace       used 94478K, capacity 111119K, committed 111276K, reserved 1144832K
  class space    used 11006K, capacity 14988K, committed 15020K, reserved 1048576K
Event: 77.728 GC heap after
Heap after GC invocations=48 (full 4):
 PSYoungGen      total 1305600K, used 70540K [0x000000076ab00000, 0x00000007c0000000, 0x00000007c0000000)
  eden space 1221632K, 0% used [0x000000076ab00000,0x000000076ab00000,0x00000007b5400000)
  from space 83968K, 84% used [0x00000007bae00000,0x00000007bf2e30b8,0x00000007c0000000)
  to   space 88064K, 0% used [0x00000007b5400000,0x00000007b5400000,0x00000007baa00000)
 ParOldGen       total 373248K, used 119166K [0x00000006c0000000, 0x00000006d6c80000, 0x000000076ab00000)
  object space 373248K, 31% used [0x00000006c0000000,0x00000006c745fb70,0x00000006d6c80000)
 Metaspace       used 94478K, capacity 111119K, committed 111276K, reserved 1144832K
  class space    used 11006K, capacity 14988K, committed 15020K, reserved 1048576K
}
Event: 80.128 GC heap before
{Heap before GC invocations=49 (full 4):
 PSYoungGen      total 1305600K, used 1292172K [0x000000076ab00000, 0x00000007c0000000, 0x00000007c0000000)
  eden space 1221632K, 100% used [0x000000076ab00000,0x00000007b5400000,0x00000007b5400000)
  from space 83968K, 84% used [0x00000007bae00000,0x00000007bf2e30b8,0x00000007c0000000)
  to   space 88064K, 0% used [0x00000007b5400000,0x00000007b5400000,0x00000007baa00000)
 ParOldGen       total 373248K, used 119166K [0x00000006c0000000, 0x00000006d6c80000, 0x000000076ab00000)
  object space 373248K, 31% used [0x00000006c0000000,0x00000006c745fb70,0x00000006d6c80000)
 Metaspace       used 94588K, capacity 111241K, committed 111276K, reserved 1144832K
  class space    used 11014K, capacity 14991K, committed 15020K, reserved 1048576K
Event: 80.152 GC heap after
Heap after GC invocations=49 (full 4):
 PSYoungGen      total 1293312K, used 71468K [0x000000076ab00000, 0x00000007c0000000, 0x00000007c0000000)
  eden space 1221632K, 0% used [0x000000076ab00000,0x000000076ab00000,0x00000007b5400000)
  from space 71680K, 99% used [0x00000007b5400000,0x00000007b99cb148,0x00000007b9a00000)
  to   space 91648K, 0% used [0x00000007ba680000,0x00000007ba680000,0x00000007c0000000)
 ParOldGen       total 373248K, used 119310K [0x00000006c0000000, 0x00000006d6c80000, 0x000000076ab00000)
  object space 373248K, 31% used [0x00000006c0000000,0x00000006c7483b70,0x00000006d6c80000)
 Metaspace       used 94588K, capacity 111241K, committed 111276K, reserved 1144832K
  class space    used 11014K, capacity 14991K, committed 15020K, reserved 1048576K
}

Deoptimization events (10 events):
Event: 68.112 Thread 0x00007fbb41b5c800 Uncommon trap: reason=bimorphic action=maybe_recompile pc=0x00000001180ebdec method=org.robolectric.shadows.ShadowView.invalidate()V @ 9
Event: 72.134 Thread 0x00007fbb4b8d6000 Uncommon trap: reason=unstable_if action=reinterpret pc=0x000000010f559054 method=java.lang.String.indexOf([CII[CIII)I @ 27
Event: 73.441 Thread 0x00007fbb41b5c800 Uncommon trap: reason=unstable_if action=reinterpret pc=0x000000011022a81c method=org.oppia.app.model.Fraction.dynamicMethod(Lcom/google/protobuf/GeneratedMessageLite$MethodToInvoke;Ljava/lang/Object;Ljava/lang/Object;)Ljava/lang/Object; @ 233
Event: 77.224 Thread 0x00007fbb4b702000 Uncommon trap: reason=class_check action=maybe_recompile pc=0x000000010ff18cec method=java.util.AbstractList.subList(II)Ljava/util/List; @ 1
Event: 77.224 Thread 0x00007fbb4b702000 Uncommon trap: reason=class_check action=maybe_recompile pc=0x000000010ff144dc method=java.util.SubList.<init>(Ljava/util/AbstractList;II)V @ 37
Event: 77.589 Thread 0x00007fbb41b5c800 Uncommon trap: reason=predicate action=maybe_recompile pc=0x00000001184a0bec method=java.util.TimSort.binarySort([Ljava/lang/Object;IIILjava/util/Comparator;)V @ 37
Event: 78.865 Thread 0x00007fbb41b5c800 Uncommon trap: reason=array_check action=maybe_recompile pc=0x000000010fe4a4a4 method=java.util.TimSort.binarySort([Ljava/lang/Object;IIILjava/util/Comparator;)V @ 215
Event: 78.865 Thread 0x00007fbb41b5c800 Uncommon trap: reason=array_check action=maybe_recompile pc=0x000000010fe4a58c method=java.util.TimSort.binarySort([Ljava/lang/Object;IIILjava/util/Comparator;)V @ 193
Event: 78.865 Thread 0x00007fbb41b5c800 Uncommon trap: reason=array_check action=maybe_recompile pc=0x000000010fe4a678 method=java.util.TimSort.binarySort([Ljava/lang/Object;IIILjava/util/Comparator;)V @ 183
Event: 78.865 Thread 0x00007fbb41b5c800 Uncommon trap: reason=array_check action=maybe_recompile pc=0x000000010fe4a678 method=java.util.TimSort.binarySort([Ljava/lang/Object;IIILjava/util/Comparator;)V @ 183

Classes redefined (0 events):
No events

Internal exceptions (10 events):
Event: 77.732 Thread 0x00007fbb4100e800 Exception <a 'java/lang/NullPointerException'> (0x000000076c248bd8) thrown at [/Volumes/Android/buildbot/src/googleplex-android/openjdk/out/hotspot/src/share/vm/interpreter/linkResolver.cpp, line 1287]
Event: 77.732 Thread 0x00007fbb4100e800 Exception <a 'java/lang/NoSuchMethodError': java.lang.System.logW(Ljava/lang/String;Ljava/lang/Throwable;)V> (0x000000076c2f36a0) thrown at [/Volumes/Android/buildbot/src/googleplex-android/openjdk/out/hotspot/src/share/vm/interpreter/linkResolver.cpp, li
Event: 77.732 Thread 0x00007fbb4100e800 Exception <a 'java/lang/NoSuchMethodError': java.lang.System.logW(Ljava/lang/String;Ljava/lang/Throwable;)V> (0x000000076c2f41b0) thrown at [/Volumes/Android/buildbot/src/googleplex-android/openjdk/out/hotspot/src/share/vm/interpreter/linkResolver.cpp, li
Event: 77.732 Thread 0x00007fbb4100e800 Exception <a 'java/lang/NullPointerException'> (0x000000076c2f7920) thrown at [/Volumes/Android/buildbot/src/googleplex-android/openjdk/out/hotspot/src/share/vm/interpreter/linkResolver.cpp, line 1287]
Event: 78.857 Thread 0x00007fbb41b5c800 Exception <a 'java/lang/reflect/InvocationTargetException'> (0x000000078f7a9e00) thrown at [/Volumes/Android/buildbot/src/googleplex-android/openjdk/out/hotspot/src/share/vm/runtime/reflection.cpp, line 1092]
Event: 78.878 Thread 0x00007fbb41b5c800 Exception <a 'sun/nio/fs/UnixException'> (0x000000078fdea868) thrown at [/Volumes/Android/buildbot/src/googleplex-android/openjdk/out/hotspot/src/share/vm/prims/jni.cpp, line 710]
Event: 79.948 Thread 0x00007fbb41b5c800 Exception <a 'sun/nio/fs/UnixException'> (0x00000007b009b748) thrown at [/Volumes/Android/buildbot/src/googleplex-android/openjdk/out/hotspot/src/share/vm/prims/jni.cpp, line 710]
Event: 80.156 Thread 0x00007fbb4100e800 Exception <a 'java/lang/NullPointerException'> (0x000000076c25ffd8) thrown at [/Volumes/Android/buildbot/src/googleplex-android/openjdk/out/hotspot/src/share/vm/interpreter/linkResolver.cpp, line 1287]
Event: 80.156 Thread 0x00007fbb4100e800 Exception <a 'java/lang/NoSuchMethodError': java.lang.System.logW(Ljava/lang/String;Ljava/lang/Throwable;)V> (0x000000076c260b88) thrown at [/Volumes/Android/buildbot/src/googleplex-android/openjdk/out/hotspot/src/share/vm/interpreter/linkResolver.cpp, li
Event: 80.156 Thread 0x00007fbb4100e800 Exception <a 'java/lang/NoSuchMethodError': java.lang.System.logW(Ljava/lang/String;Ljava/lang/Throwable;)V> (0x000000076c30b4a0) thrown at [/Volumes/Android/buildbot/src/googleplex-android/openjdk/out/hotspot/src/share/vm/interpreter/linkResolver.cpp, li

Events (10 events):
Event: 79.216 Thread 0x00007fbb4a715800 Thread added: 0x00007fbb4a715800
Event: 79.527 Thread 0x00007fbb40f78000 Thread added: 0x00007fbb40f78000
Event: 79.950 Thread 0x00007fbb417a3000 Thread added: 0x00007fbb417a3000
Event: 80.128 Executing VM operation: ParallelGCFailedAllocation
Event: 80.152 Executing VM operation: ParallelGCFailedAllocation done
Event: 80.154 Executing VM operation: RevokeBias
Event: 80.154 Executing VM operation: RevokeBias done
Event: 80.155 Executing VM operation: RevokeBias
Event: 80.155 Executing VM operation: RevokeBias done
Event: 80.156 Thread 0x00007fbb4169a800 Thread exited: 0x00007fbb4169a800


Dynamic libraries:
0x00007fff35271000 	/System/Library/Frameworks/Cocoa.framework/Versions/A/Cocoa
0x00007fff42a59000 	/System/Library/Frameworks/Security.framework/Versions/A/Security
0x00007fff341d8000 	/System/Library/Frameworks/ApplicationServices.framework/Versions/A/ApplicationServices
0x00007fff6f518000 	/usr/lib/libz.1.dylib
0x00007fff6cfdc000 	/usr/lib/libSystem.B.dylib
0x00007fff36111000 	/System/Library/Frameworks/CoreFoundation.framework/Versions/A/CoreFoundation
0x00007fff387cb000 	/System/Library/Frameworks/Foundation.framework/Versions/C/Foundation
0x00007fff6ee3c000 	/usr/lib/libobjc.A.dylib
0x00007fff333c8000 	/System/Library/Frameworks/AppKit.framework/Versions/C/AppKit
0x00007fff35bf5000 	/System/Library/Frameworks/CoreData.framework/Versions/A/CoreData
0x00007fff66ff7000 	/System/Library/PrivateFrameworks/UIFoundation.framework/Versions/A/UIFoundation
0x00007fff6209b000 	/System/Library/PrivateFrameworks/RemoteViewServices.framework/Versions/A/RemoteViewServices
0x00007fff69b4c000 	/System/Library/PrivateFrameworks/XCTTargetBootstrap.framework/Versions/A/XCTTargetBootstrap
0x00007fff35fe0000 	/System/Library/Frameworks/CoreDisplay.framework/Versions/A/CoreDisplay
0x00007fff3b686000 	/System/Library/Frameworks/Metal.framework/Versions/A/Metal
0x00007fff500bd000 	/System/Library/PrivateFrameworks/DesktopServicesPriv.framework/Versions/A/DesktopServicesPriv
0x00007fff6e117000 	/usr/lib/liblangid.dylib
0x00007fff4f355000 	/System/Library/PrivateFrameworks/CoreSVG.framework/Versions/A/CoreSVG
0x00007fff651f4000 	/System/Library/PrivateFrameworks/SkyLight.framework/Versions/A/SkyLight
0x00007fff36592000 	/System/Library/Frameworks/CoreGraphics.framework/Versions/A/CoreGraphics
0x00007fff31d9c000 	/System/Library/Frameworks/Accelerate.framework/Versions/A/Accelerate
0x00007fff6f409000 	/usr/lib/libxml2.2.dylib
0x00007fff5b034000 	/System/Library/PrivateFrameworks/IconServices.framework/Versions/A/IconServices
0x00007fff38faa000 	/System/Library/Frameworks/IOSurface.framework/Versions/A/IOSurface
0x00007fff6cb06000 	/usr/lib/libDiagnosticMessagesClient.dylib
0x00007fff4ff17000 	/System/Library/PrivateFrameworks/DFRFoundation.framework/Versions/A/DFRFoundation
0x00007fff6dea6000 	/usr/lib/libicucore.A.dylib
0x00007fff3450a000 	/System/Library/Frameworks/AudioToolbox.framework/Versions/A/AudioToolbox
0x00007fff345ed000 	/System/Library/Frameworks/AudioUnit.framework/Versions/A/AudioUnit
0x00007fff6d1de000 	/usr/lib/libauto.dylib
0x00007fff4ffb9000 	/System/Library/PrivateFrameworks/DataDetectorsCore.framework/Versions/A/DataDetectorsCore
0x00007fff34d92000 	/System/Library/Frameworks/Carbon.framework/Versions/A/Frameworks/HIToolbox.framework/Versions/A/HIToolbox
0x00007fff41c56000 	/System/Library/Frameworks/QuartzCore.framework/Versions/A/QuartzCore
0x00007fff350d1000 	/System/Library/Frameworks/Carbon.framework/Versions/A/Frameworks/SpeechRecognition.framework/Versions/A/SpeechRecognition
0x00007fff4fa2e000 	/System/Library/PrivateFrameworks/CoreUI.framework/Versions/A/CoreUI
0x00007fff35660000 	/System/Library/Frameworks/CoreAudio.framework/Versions/A/CoreAudio
0x00007fff3848c000 	/System/Library/Frameworks/DiskArbitration.framework/Versions/A/DiskArbitration
0x00007fff5d082000 	/System/Library/PrivateFrameworks/MultitouchSupport.framework/Versions/A/MultitouchSupport
0x00007fff6dd6d000 	/usr/lib/libenergytrace.dylib
0x00007fff38f04000 	/System/Library/Frameworks/IOKit.framework/Versions/A/IOKit
0x00007fff374f8000 	/System/Library/Frameworks/CoreServices.framework/Versions/A/CoreServices
0x00007fff5f231000 	/System/Library/PrivateFrameworks/PerformanceAnalysis.framework/Versions/A/PerformanceAnalysis
0x00007fff40c89000 	/System/Library/Frameworks/OpenGL.framework/Versions/A/OpenGL
0x00007fff3527f000 	/System/Library/Frameworks/ColorSync.framework/Versions/A/ColorSync
0x00007fff36c14000 	/System/Library/Frameworks/CoreImage.framework/Versions/A/CoreImage
0x00007fff37f6b000 	/System/Library/Frameworks/CoreText.framework/Versions/A/CoreText
0x00007fff3903a000 	/System/Library/Frameworks/ImageIO.framework/Versions/A/ImageIO
0x00007fff6d2c2000 	/usr/lib/libc++.1.dylib
0x00007fff6d33e000 	/usr/lib/libcompression.dylib
0x00007fff6ce4a000 	/usr/lib/libMobileGestalt.dylib
0x00007fff66d6c000 	/System/Library/PrivateFrameworks/TextureIO.framework/Versions/A/TextureIO
0x00007fff6d141000 	/usr/lib/libate.dylib
0x00007fff5b23d000 	/System/Library/PrivateFrameworks/InternationalSupport.framework/Versions/A/InternationalSupport
0x00007fff6fdd8000 	/usr/lib/system/libcache.dylib
0x00007fff6fdde000 	/usr/lib/system/libcommonCrypto.dylib
0x00007fff6fdea000 	/usr/lib/system/libcompiler_rt.dylib
0x00007fff6fdf2000 	/usr/lib/system/libcopyfile.dylib
0x00007fff6fdfc000 	/usr/lib/system/libcorecrypto.dylib
0x00007fff6ff9b000 	/usr/lib/system/libdispatch.dylib
0x00007fff6ffdc000 	/usr/lib/system/libdyld.dylib
0x00007fff70013000 	/usr/lib/system/libkeymgr.dylib
0x00007fff70021000 	/usr/lib/system/liblaunch.dylib
0x00007fff70022000 	/usr/lib/system/libmacho.dylib
0x00007fff70028000 	/usr/lib/system/libquarantine.dylib
0x00007fff7002b000 	/usr/lib/system/libremovefile.dylib
0x00007fff7002d000 	/usr/lib/system/libsystem_asl.dylib
0x00007fff70045000 	/usr/lib/system/libsystem_blocks.dylib
0x00007fff70046000 	/usr/lib/system/libsystem_c.dylib
0x00007fff700ce000 	/usr/lib/system/libsystem_configuration.dylib
0x00007fff700d2000 	/usr/lib/system/libsystem_coreservices.dylib
0x00007fff700d6000 	/usr/lib/system/libsystem_darwin.dylib
0x00007fff700df000 	/usr/lib/system/libsystem_dnssd.dylib
0x00007fff700e7000 	/usr/lib/system/libsystem_featureflags.dylib
0x00007fff700e9000 	/usr/lib/system/libsystem_info.dylib
0x00007fff70164000 	/usr/lib/system/libsystem_m.dylib
0x00007fff701ac000 	/usr/lib/system/libsystem_malloc.dylib
0x00007fff701d4000 	/usr/lib/system/libsystem_networkextension.dylib
0x00007fff701e2000 	/usr/lib/system/libsystem_notify.dylib
0x00007fff70200000 	/usr/lib/system/libsystem_sandbox.dylib
0x00007fff70205000 	/usr/lib/system/libsystem_secinit.dylib
0x00007fff70137000 	/usr/lib/system/libsystem_kernel.dylib
0x00007fff701ec000 	/usr/lib/system/libsystem_platform.dylib
0x00007fff701f5000 	/usr/lib/system/libsystem_pthread.dylib
0x00007fff70208000 	/usr/lib/system/libsystem_symptoms.dylib
0x00007fff70210000 	/usr/lib/system/libsystem_trace.dylib
0x00007fff70228000 	/usr/lib/system/libunwind.dylib
0x00007fff7022e000 	/usr/lib/system/libxpc.dylib
0x00007fff6d315000 	/usr/lib/libc++abi.dylib
0x00007fff6e119000 	/usr/lib/liblzma.5.dylib
0x00007fff6dd94000 	/usr/lib/libfakelink.dylib
0x00007fff6d0ce000 	/usr/lib/libarchive.2.dylib
0x00007fff43b0a000 	/System/Library/Frameworks/SystemConfiguration.framework/Versions/A/SystemConfiguration
0x00007fff6ca39000 	/usr/lib/libCRFSuite.dylib
0x00007fff34983000 	/System/Library/Frameworks/CFNetwork.framework/Versions/A/CFNetwork
0x00007fff6d2a4000 	/usr/lib/libbsm.0.dylib
0x00007fff70014000 	/usr/lib/system/libkxld.dylib
0x00007fff498a3000 	/System/Library/PrivateFrameworks/AppleFSCompression.framework/Versions/A/AppleFSCompression
0x00007fff6d62f000 	/usr/lib/libcoretls.dylib
0x00007fff6d646000 	/usr/lib/libcoretls_cfhelpers.dylib
0x00007fff6ee82000 	/usr/lib/libpam.2.dylib
0x00007fff6efb7000 	/usr/lib/libsqlite3.dylib
0x00007fff6f3f6000 	/usr/lib/libxar.1.dylib
0x00007fff6d2b5000 	/usr/lib/libbz2.1.0.dylib
0x00007fff6ddb5000 	/usr/lib/libiconv.2.dylib
0x00007fff6d32b000 	/usr/lib/libcharset.1.dylib
0x00007fff6e91f000 	/usr/lib/libnetwork.dylib
0x00007fff6ee89000 	/usr/lib/libpcap.A.dylib
0x00007fff6d083000 	/usr/lib/libapple_nghttp2.dylib
0x00007fff378af000 	/System/Library/Frameworks/CoreServices.framework/Versions/A/Frameworks/FSEvents.framework/Versions/A/FSEvents
0x00007fff3757f000 	/System/Library/Frameworks/CoreServices.framework/Versions/A/Frameworks/CarbonCore.framework/Versions/A/CarbonCore
0x00007fff37af3000 	/System/Library/Frameworks/CoreServices.framework/Versions/A/Frameworks/Metadata.framework/Versions/A/Metadata
0x00007fff37b8c000 	/System/Library/Frameworks/CoreServices.framework/Versions/A/Frameworks/OSServices.framework/Versions/A/OSServices
0x00007fff37bba000 	/System/Library/Frameworks/CoreServices.framework/Versions/A/Frameworks/SearchKit.framework/Versions/A/SearchKit
0x00007fff374f9000 	/System/Library/Frameworks/CoreServices.framework/Versions/A/Frameworks/AE.framework/Versions/A/AE
0x00007fff378b8000 	/System/Library/Frameworks/CoreServices.framework/Versions/A/Frameworks/LaunchServices.framework/Versions/A/LaunchServices
0x00007fff37861000 	/System/Library/Frameworks/CoreServices.framework/Versions/A/Frameworks/DictionaryServices.framework/Versions/A/DictionaryServices
0x00007fff37c22000 	/System/Library/Frameworks/CoreServices.framework/Versions/A/Frameworks/SharedFileList.framework/Versions/A/SharedFileList
0x00007fff3caa9000 	/System/Library/Frameworks/NetFS.framework/Versions/A/NetFS
0x00007fff5d5b2000 	/System/Library/PrivateFrameworks/NetAuth.framework/Versions/A/NetAuth
0x00007fff69f19000 	/System/Library/PrivateFrameworks/login.framework/Versions/A/Frameworks/loginsupport.framework/Versions/A/loginsupport
0x00007fff66837000 	/System/Library/PrivateFrameworks/TCC.framework/Versions/A/TCC
0x00007fff4e4c8000 	/System/Library/PrivateFrameworks/CoreNLP.framework/Versions/A/CoreNLP
0x00007fff5caaf000 	/System/Library/PrivateFrameworks/MetadataUtilities.framework/Versions/A/MetadataUtilities
0x00007fff6e1f1000 	/usr/lib/libmecabra.dylib
0x00007fff6e149000 	/usr/lib/libmecab.dylib
0x00007fff6dda5000 	/usr/lib/libgermantok.dylib
0x00007fff6d06a000 	/usr/lib/libThaiTokenizer.dylib
0x00007fff6ca70000 	/usr/lib/libChineseTokenizer.dylib
0x00007fff31db4000 	/System/Library/Frameworks/Accelerate.framework/Versions/A/Frameworks/vImage.framework/Versions/A/vImage
0x00007fff3321e000 	/System/Library/Frameworks/Accelerate.framework/Versions/A/Frameworks/vecLib.framework/Versions/A/vecLib
0x00007fff3315b000 	/System/Library/Frameworks/Accelerate.framework/Versions/A/Frameworks/vecLib.framework/Versions/A/libvMisc.dylib
0x00007fff32f83000 	/System/Library/Frameworks/Accelerate.framework/Versions/A/Frameworks/vecLib.framework/Versions/A/libvDSP.dylib
0x00007fff3240b000 	/System/Library/Frameworks/Accelerate.framework/Versions/A/Frameworks/vecLib.framework/Versions/A/libBLAS.dylib
0x00007fff32b47000 	/System/Library/Frameworks/Accelerate.framework/Versions/A/Frameworks/vecLib.framework/Versions/A/libLAPACK.dylib
0x00007fff32ee3000 	/System/Library/Frameworks/Accelerate.framework/Versions/A/Frameworks/vecLib.framework/Versions/A/libLinearAlgebra.dylib
0x00007fff32f70000 	/System/Library/Frameworks/Accelerate.framework/Versions/A/Frameworks/vecLib.framework/Versions/A/libSparseBLAS.dylib
0x00007fff32ef9000 	/System/Library/Frameworks/Accelerate.framework/Versions/A/Frameworks/vecLib.framework/Versions/A/libQuadrature.dylib
0x00007fff32673000 	/System/Library/Frameworks/Accelerate.framework/Versions/A/Frameworks/vecLib.framework/Versions/A/libBNNS.dylib
0x00007fff32eff000 	/System/Library/Frameworks/Accelerate.framework/Versions/A/Frameworks/vecLib.framework/Versions/A/libSparse.dylib
0x00007fff5b625000 	/System/Library/PrivateFrameworks/LanguageModeling.framework/Versions/A/LanguageModeling
0x00007fff4de78000 	/System/Library/PrivateFrameworks/CoreEmoji.framework/Versions/A/CoreEmoji
0x00007fff5b743000 	/System/Library/PrivateFrameworks/LinguisticData.framework/Versions/A/LinguisticData
0x00007fff5b6f4000 	/System/Library/PrivateFrameworks/Lexicon.framework/Versions/A/Lexicon
0x00007fff6d32c000 	/usr/lib/libcmph.dylib
0x00007fff3f697000 	/System/Library/Frameworks/OpenDirectory.framework/Versions/A/Frameworks/CFOpenDirectory.framework/Versions/A/CFOpenDirectory
0x00007fff3f6b4000 	/System/Library/Frameworks/OpenDirectory.framework/Versions/A/OpenDirectory
0x00007fff47ad9000 	/System/Library/PrivateFrameworks/APFS.framework/Versions/A/APFS
0x00007fff42da3000 	/System/Library/Frameworks/SecurityFoundation.framework/Versions/A/SecurityFoundation
0x00007fff6f3f2000 	/usr/lib/libutil.dylib
0x00007fff4f3ad000 	/System/Library/PrivateFrameworks/CoreServicesStore.framework/Versions/A/CoreServicesStore
0x00007fff42e5a000 	/System/Library/Frameworks/ServiceManagement.framework/Versions/A/ServiceManagement
0x00007fff4b072000 	/System/Library/PrivateFrameworks/BackgroundTaskManagement.framework/Versions/A/BackgroundTaskManagement
0x00007fff6f4ef000 	/usr/lib/libxslt.1.dylib
0x00007fff49f16000 	/System/Library/PrivateFrameworks/AppleSystemInfo.framework/Versions/A/AppleSystemInfo
0x00007fff39255000 	/System/Library/Frameworks/ImageIO.framework/Versions/A/Resources/libJPEG.dylib
0x00007fff39511000 	/System/Library/Frameworks/ImageIO.framework/Versions/A/Resources/libTIFF.dylib
0x00007fff394f4000 	/System/Library/Frameworks/ImageIO.framework/Versions/A/Resources/libPng.dylib
0x00007fff39197000 	/System/Library/Frameworks/ImageIO.framework/Versions/A/Resources/libGIF.dylib
0x00007fff3919b000 	/System/Library/Frameworks/ImageIO.framework/Versions/A/Resources/libJP2.dylib
0x00007fff3950f000 	/System/Library/Frameworks/ImageIO.framework/Versions/A/Resources/libRadiance.dylib
0x00007fff6dd6e000 	/usr/lib/libexpat.1.dylib
0x00007fff499fe000 	/System/Library/PrivateFrameworks/AppleJPEG.framework/Versions/A/AppleJPEG
0x00007fff52696000 	/System/Library/PrivateFrameworks/FontServices.framework/libFontParser.dylib
0x00007fff68f1e000 	/System/Library/PrivateFrameworks/WatchdogClient.framework/Versions/A/WatchdogClient
0x00007fff5ac80000 	/System/Library/PrivateFrameworks/IOAccelerator.framework/Versions/A/IOAccelerator
0x00007fff3ba21000 	/System/Library/Frameworks/MetalPerformanceShaders.framework/Versions/A/MetalPerformanceShaders
0x00007fff57417000 	/System/Library/PrivateFrameworks/GPUWrangler.framework/Versions/A/GPUWrangler
0x00007fff5ac95000 	/System/Library/PrivateFrameworks/IOPresentment.framework/Versions/A/IOPresentment
0x00007fff4ff2a000 	/System/Library/PrivateFrameworks/DSExternalDisplay.framework/Versions/A/DSExternalDisplay
0x00007fff40028000 	/System/Library/Frameworks/OpenGL.framework/Versions/A/Libraries/libCoreFSCache.dylib
0x00007fff3b76d000 	/System/Library/Frameworks/MetalPerformanceShaders.framework/Frameworks/MPSCore.framework/Versions/A/MPSCore
0x00007fff3b7ab000 	/System/Library/Frameworks/MetalPerformanceShaders.framework/Frameworks/MPSImage.framework/Versions/A/MPSImage
0x00007fff3b872000 	/System/Library/Frameworks/MetalPerformanceShaders.framework/Frameworks/MPSNeuralNetwork.framework/Versions/A/MPSNeuralNetwork
0x00007fff3b836000 	/System/Library/Frameworks/MetalPerformanceShaders.framework/Frameworks/MPSMatrix.framework/Versions/A/MPSMatrix
0x00007fff3b9d1000 	/System/Library/Frameworks/MetalPerformanceShaders.framework/Frameworks/MPSRayIntersector.framework/Versions/A/MPSRayIntersector
0x00007fff3b85c000 	/System/Library/Frameworks/MetalPerformanceShaders.framework/Frameworks/MPSNDArray.framework/Versions/A/MPSNDArray
0x00007fff5cafc000 	/System/Library/PrivateFrameworks/MetalTools.framework/Versions/A/MetalTools
0x00007fff48cae000 	/System/Library/PrivateFrameworks/AggregateDictionary.framework/Versions/A/AggregateDictionary
0x00007fff4d8c2000 	/System/Library/PrivateFrameworks/CoreAnalytics.framework/Versions/A/CoreAnalytics
0x00007fff49e35000 	/System/Library/PrivateFrameworks/AppleSauce.framework/Versions/A/AppleSauce
0x00007fff6cd2c000 	/usr/lib/libIOReport.dylib
0x00007fff38123000 	/System/Library/Frameworks/CoreVideo.framework/Versions/A/CoreVideo
0x00007fff58891000 	/System/Library/PrivateFrameworks/GraphVisualizer.framework/Versions/A/GraphVisualizer
0x00007fff51bdd000 	/System/Library/PrivateFrameworks/FaceCore.framework/Versions/A/FaceCore
0x00007fff3f63e000 	/System/Library/Frameworks/OpenCL.framework/Versions/A/OpenCL
0x00007fff6cb4e000 	/usr/lib/libFosl_dynamic.dylib
0x00007fff5dfd2000 	/System/Library/PrivateFrameworks/OTSVG.framework/Versions/A/OTSVG
0x00007fff342dd000 	/System/Library/Frameworks/ApplicationServices.framework/Versions/A/Frameworks/ATS.framework/Versions/A/Resources/libFontRegistry.dylib
0x00007fff52868000 	/System/Library/PrivateFrameworks/FontServices.framework/libhvf.dylib
0x00007fff40033000 	/System/Library/Frameworks/OpenGL.framework/Versions/A/Libraries/libGFXShared.dylib
0x00007fff40211000 	/System/Library/Frameworks/OpenGL.framework/Versions/A/Libraries/libGLU.dylib
0x00007fff4003c000 	/System/Library/Frameworks/OpenGL.framework/Versions/A/Libraries/libGL.dylib
0x00007fff40047000 	/System/Library/Frameworks/OpenGL.framework/Versions/A/Libraries/libGLImage.dylib
0x00007fff40025000 	/System/Library/Frameworks/OpenGL.framework/Versions/A/Libraries/libCVMSPluginSupport.dylib
0x00007fff4002e000 	/System/Library/Frameworks/OpenGL.framework/Versions/A/Libraries/libCoreVMClient.dylib
0x00007fff6e7c0000 	/usr/lib/libncurses.5.4.dylib
0x00007fff341d9000 	/System/Library/Frameworks/ApplicationServices.framework/Versions/A/Frameworks/ATS.framework/Versions/A/ATS
0x00007fff343a6000 	/System/Library/Frameworks/ApplicationServices.framework/Versions/A/Frameworks/ColorSyncLegacy.framework/Versions/A/ColorSyncLegacy
0x00007fff34444000 	/System/Library/Frameworks/ApplicationServices.framework/Versions/A/Frameworks/HIServices.framework/Versions/A/HIServices
0x00007fff3449c000 	/System/Library/Frameworks/ApplicationServices.framework/Versions/A/Frameworks/LangAnalysis.framework/Versions/A/LangAnalysis
0x00007fff344ab000 	/System/Library/Frameworks/ApplicationServices.framework/Versions/A/Frameworks/PrintCore.framework/Versions/A/PrintCore
0x00007fff344f1000 	/System/Library/Frameworks/ApplicationServices.framework/Versions/A/Frameworks/QD.framework/Versions/A/QD
0x00007fff344fc000 	/System/Library/Frameworks/ApplicationServices.framework/Versions/A/Frameworks/SpeechSynthesis.framework/Versions/A/SpeechSynthesis
0x00007fff34376000 	/System/Library/Frameworks/ApplicationServices.framework/Versions/A/Frameworks/ATSUI.framework/Versions/A/ATSUI
0x00007fff6dc04000 	/usr/lib/libcups.2.dylib
0x00007fff3aabc000 	/System/Library/Frameworks/Kerberos.framework/Versions/A/Kerberos
0x00007fff38bfd000 	/System/Library/Frameworks/GSS.framework/Versions/A/GSS
0x00007fff6ef43000 	/usr/lib/libresolv.9.dylib
0x00007fff58a3e000 	/System/Library/PrivateFrameworks/Heimdal.framework/Versions/A/Heimdal
0x00007fff3aacf000 	/System/Library/Frameworks/Kerberos.framework/Versions/A/Libraries/libHeimdalProxy.dylib
0x00007fff6ddab000 	/usr/lib/libheimdal-asn1.dylib
0x00007fff4cd5d000 	/System/Library/PrivateFrameworks/CommonAuth.framework/Versions/A/CommonAuth
0x00007fff49fb3000 	/System/Library/PrivateFrameworks/AssertionServices.framework/Versions/A/AssertionServices
0x00007fff4ab55000 	/System/Library/PrivateFrameworks/AudioToolboxCore.framework/Versions/A/AudioToolboxCore
0x00007fff69bc9000 	/System/Library/PrivateFrameworks/caulk.framework/Versions/A/caulk
0x00007fff4b11e000 	/System/Library/PrivateFrameworks/BaseBoard.framework/Versions/A/BaseBoard
0x00007fff62229000 	/System/Library/PrivateFrameworks/RunningBoardServices.framework/Versions/A/RunningBoardServices
0x00007fff5f23d000 	/System/Library/PrivateFrameworks/PersistentConnection.framework/Versions/A/PersistentConnection
0x00007fff61c23000 	/System/Library/PrivateFrameworks/ProtocolBuffer.framework/Versions/A/ProtocolBuffer
0x00007fff4cd81000 	/System/Library/PrivateFrameworks/CommonUtilities.framework/Versions/A/CommonUtilities
0x00007fff4b2ac000 	/System/Library/PrivateFrameworks/Bom.framework/Versions/A/Bom
0x00007fff6c9ff000 	/usr/lib/libAudioToolboxUtility.dylib
0x00007fff4b07c000 	/System/Library/PrivateFrameworks/Backup.framework/Versions/A/Backup
0x00007fff4fe4b000 	/System/Library/PrivateFrameworks/CrashReporterSupport.framework/Versions/A/CrashReporterSupport
0x00007fff63cba000 	/System/Library/PrivateFrameworks/Sharing.framework/Versions/A/Sharing
0x00007fff495c1000 	/System/Library/PrivateFrameworks/Apple80211.framework/Versions/A/Apple80211
0x00007fff4ad99000 	/System/Library/PrivateFrameworks/AuthKit.framework/Versions/A/AuthKit
0x00007fff4fb5b000 	/System/Library/PrivateFrameworks/CoreUtils.framework/Versions/A/CoreUtils
0x00007fff38168000 	/System/Library/Frameworks/CoreWLAN.framework/Versions/A/CoreWLAN
0x00007fff38d8a000 	/System/Library/Frameworks/IOBluetooth.framework/Versions/A/IOBluetooth
0x00007fff5ce01000 	/System/Library/PrivateFrameworks/MobileKeyBag.framework/Versions/A/MobileKeyBag
0x00007fff4e960000 	/System/Library/PrivateFrameworks/CorePhoneNumbers.framework/Versions/A/CorePhoneNumbers
0x00007fff499b1000 	/System/Library/PrivateFrameworks/AppleIDAuthSupport.framework/Versions/A/AppleIDAuthSupport
0x00007fff3cab6000 	/System/Library/Frameworks/Network.framework/Versions/A/Network
0x00007fff5b4d1000 	/System/Library/PrivateFrameworks/KeychainCircle.framework/Versions/A/KeychainCircle
0x00007fff35bbc000 	/System/Library/Frameworks/CoreBluetooth.framework/Versions/A/CoreBluetooth
0x00007fff65d37000 	/System/Library/PrivateFrameworks/SpeechRecognitionCore.framework/Versions/A/SpeechRecognitionCore
0x0000000103400000 	/Applications/Android Studio 2.app/Contents/jre/jdk/Contents/Home/jre/lib/server/libjvm.dylib
0x00007fff6f2c5000 	/usr/lib/libstdc++.6.dylib
0x00000001023a2000 	/Applications/Android Studio 2.app/Contents/jre/jdk/Contents/Home/jre/lib/libverify.dylib
0x00000001023b4000 	/Applications/Android Studio 2.app/Contents/jre/jdk/Contents/Home/jre/lib/libjava.dylib
0x00000001042b8000 	/Applications/Android Studio 2.app/Contents/jre/jdk/Contents/Home/jre/lib/libinstrument.dylib
0x000000010432f000 	/Applications/Android Studio 2.app/Contents/jre/jdk/Contents/Home/jre/lib/libzip.dylib
0x000000010e699000 	/Applications/Android Studio 2.app/Contents/jre/jdk/Contents/Home/jre/lib/libnio.dylib
0x000000010e6b4000 	/Applications/Android Studio 2.app/Contents/jre/jdk/Contents/Home/jre/lib/libnet.dylib
0x000000010f09b000 	/Applications/Android Studio 2.app/Contents/jre/jdk/Contents/Home/jre/lib/libsunec.dylib
0x000000012265c000 	/Applications/Android Studio 2.app/Contents/jre/jdk/Contents/Home/jre/lib/libawt.dylib
0x000000012271d000 	/Applications/Android Studio 2.app/Contents/jre/jdk/Contents/Home/jre/lib/libmlib_image.dylib
0x00007fff3aaa6000 	/System/Library/Frameworks/JavaVM.framework/Versions/A/Frameworks/JavaNativeFoundation.framework/Versions/A/JavaNativeFoundation
0x00007fff3aaaf000 	/System/Library/Frameworks/JavaVM.framework/Versions/A/Frameworks/JavaRuntimeSupport.framework/Versions/A/JavaRuntimeSupport
0x00007fff3aab7000 	/System/Library/Frameworks/JavaVM.framework/Versions/A/JavaVM
0x00007fff5b2e8000 	/System/Library/PrivateFrameworks/JavaLaunching.framework/Versions/A/JavaLaunching
0x00007fff34d8d000 	/System/Library/Frameworks/Carbon.framework/Versions/A/Carbon
0x00007fff4f900000 	/System/Library/PrivateFrameworks/CoreSymbolication.framework/Versions/A/CoreSymbolication
0x00007fff34d8e000 	/System/Library/Frameworks/Carbon.framework/Versions/A/Frameworks/CommonPanels.framework/Versions/A/CommonPanels
0x00007fff35087000 	/System/Library/Frameworks/Carbon.framework/Versions/A/Frameworks/Help.framework/Versions/A/Help
0x00007fff3508b000 	/System/Library/Frameworks/Carbon.framework/Versions/A/Frameworks/ImageCapture.framework/Versions/A/ImageCapture
0x00007fff35092000 	/System/Library/Frameworks/Carbon.framework/Versions/A/Frameworks/OpenScripting.framework/Versions/A/OpenScripting
0x00007fff35091000 	/System/Library/Frameworks/Carbon.framework/Versions/A/Frameworks/Ink.framework/Versions/A/Ink
0x00007fff350cd000 	/System/Library/Frameworks/Carbon.framework/Versions/A/Frameworks/Print.framework/Versions/A/Print
0x00007fff350ce000 	/System/Library/Frameworks/Carbon.framework/Versions/A/Frameworks/SecurityHI.framework/Versions/A/SecurityHI
0x00007fff5007f000 	/System/Library/PrivateFrameworks/DebugSymbols.framework/Versions/A/DebugSymbols
0x00000001227e3000 	/Applications/Android Studio 2.app/Contents/jre/jdk/Contents/Home/jre/lib/libawt_lwawt.dylib
0x000000010f13a000 	/Applications/Android Studio 2.app/Contents/jre/jdk/Contents/Home/jre/lib/libosxapp.dylib
0x00007fff38666000 	/System/Library/Frameworks/ExceptionHandling.framework/Versions/A/ExceptionHandling
0x00007fff4f379000 	/System/Library/PrivateFrameworks/CoreServicesInternal.framework/Versions/A/CoreServicesInternal
0x00007fff38685000 	/System/Library/Frameworks/FileProvider.framework/Versions/A/FileProvider
0x00007fff3321f000 	/System/Library/Frameworks/Accounts.framework/Versions/A/Accounts
0x00007fff5773c000 	/System/Library/PrivateFrameworks/GenerationalStorage.framework/Versions/A/GenerationalStorage
0x00007fff66577000 	/System/Library/PrivateFrameworks/SymptomDiagnosticReporter.framework/Versions/A/SymptomDiagnosticReporter
0x00007fff490c6000 	/System/Library/PrivateFrameworks/AppContainer.framework/Versions/A/AppContainer
0x00007fff6ef5d000 	/usr/lib/libsandbox.1.dylib
0x00007fff67ec2000 	/System/Library/PrivateFrameworks/UserManagement.framework/Versions/A/UserManagement
0x00007fff4be67000 	/System/Library/PrivateFrameworks/ChunkingLibrary.framework/Versions/A/ChunkingLibrary
0x00007fff49138000 	/System/Library/PrivateFrameworks/AppSandbox.framework/Versions/A/AppSandbox
0x00007fff63b44000 	/System/Library/PrivateFrameworks/SecCodeWrapper.framework/Versions/A/SecCodeWrapper
0x00007fff6ce14000 	/usr/lib/libMatch.1.dylib
0x00007fff29203000 	/System/Library/CoreServices/RawCamera.bundle/Contents/MacOS/RawCamera
0x00007fff5cc2b000 	/System/Library/PrivateFrameworks/MobileAsset.framework/Versions/A/MobileAsset
0x00007fff6641f000 	/System/Library/PrivateFrameworks/StreamingZip.framework/Versions/A/StreamingZip
0x00007fff3af37000 	/System/Library/Frameworks/MediaToolbox.framework/Versions/A/MediaToolbox
0x00007fff4d872000 	/System/Library/PrivateFrameworks/CoreAVCHD.framework/Versions/A/CoreAVCHD
0x00007fff3ae61000 	/System/Library/Frameworks/MediaAccessibility.framework/Versions/A/MediaAccessibility
0x00007fff5bfe0000 	/System/Library/PrivateFrameworks/Mangrove.framework/Versions/A/Mangrove
0x00007fff37330000 	/System/Library/Frameworks/CoreMedia.framework/Versions/A/CoreMedia
0x00007fff5c24c000 	/System/Library/PrivateFrameworks/MediaExperience.framework/Versions/A/MediaExperience
0x00007fff43df7000 	/System/Library/Frameworks/VideoToolbox.framework/Versions/A/VideoToolbox
0x00007fff4d49c000 	/System/Library/PrivateFrameworks/CoreAUC.framework/Versions/A/CoreAUC
0x00007fff6efb5000 	/usr/lib/libspindump.dylib
0x00007fff4a504000 	/System/Library/PrivateFrameworks/AudioResourceArbitration.framework/Versions/A/AudioResourceArbitration
0x00007fff49f1a000 	/System/Library/PrivateFrameworks/AppleVA.framework/Versions/A/AppleVA
0x00007fff31d9d000 	/System/Library/Frameworks/Accelerate.framework/Versions/A/Frameworks/vImage.framework/Versions/A/Libraries/libCGInterfaces.dylib
0x000000010f1be000 	/usr/lib/libobjc-trampolines.dylib
0x00007fff527cf000 	/System/Library/PrivateFrameworks/FontServices.framework/libTrueTypeScaler.dylib
0x00007fff2ff1e000 	/System/Library/Extensions/AppleIntelSKLGraphicsMTLDriver.bundle/Contents/MacOS/AppleIntelSKLGraphicsMTLDriver
0x00007fff29453000 	/System/Library/Extensions/AMDMTLBronzeDriver.bundle/Contents/MacOS/AMDMTLBronzeDriver
0x00007fff5ac76000 	/System/Library/PrivateFrameworks/IOAccelMemoryInfo.framework/Versions/A/IOAccelMemoryInfo
0x00007fff55d59000 	/System/Library/PrivateFrameworks/GPUCompiler.framework/Versions/3902/Libraries/libmetal_timestamp.dylib
0x00007fff68c8e000 	/System/Library/PrivateFrameworks/ViewBridge.framework/Versions/A/ViewBridge
0x00007fff69f1c000 	/System/Library/PrivateFrameworks/login.framework/Versions/A/login

VM Arguments:
jvm_args: -ea -Didea.test.cyclic.buffer.size=1048576 -javaagent:/Applications/Android Studio 2.app/Contents/lib/idea_rt.jar=63831:/Applications/Android Studio 2.app/Contents/bin -Dfile.encoding=UTF-8 
java_command: com.intellij.rt.junit.JUnitStarter -ideVersion5 -junit4 org.oppia.app.player.state.StateFragmentLocalTest
java_class_path (initial): /Applications/Android Studio 2.app/Contents/lib/idea_rt.jar:/Applications/Android Studio 2.app/Contents/plugins/junit/lib/junit5-rt.jar:/Applications/Android Studio 2.app/Contents/plugins/junit/lib/junit-rt.jar:/Users/talesra/Library/Android/sdk/platforms/android-28/data/res:/Users/talesra/Desktop/android-codes/oppia-android/oppia-android/app/build/intermediates/javac/debugUnitTest/classes:/Users/talesra/Desktop/android-codes/oppia-android/oppia-android/app/build/intermediates/javac/debug/classes:/Users/talesra/Desktop/android-codes/oppia-android/oppia-android/app/build/tmp/kotlin-classes/debugUnitTest:/Users/talesra/Desktop/android-codes/oppia-android/oppia-android/app/build/intermediates/unit_test_config_directory/debugUnitTest/out:/Users/talesra/Desktop/android-codes/oppia-android/oppia-android/app/build/tmp/kapt3/classes/debugUnitTest:/Users/talesra/Desktop/android-codes/oppia-android/oppia-android/app/build/intermediates/compile_and_runtime_not_namespaced_r_class_jar/debug/R.jar:/Users/talesra/Desktop/android-codes/oppia-android/oppia-android/app/build/tmp/kotlin-classes/debugAndroidTest:/Users/talesra/Desktop/android-codes/oppia-android/oppia-android/app/build/tmp/kapt3/classes/debugAndroidTest:/Users/talesra/Desktop/android-codes/oppia-android/oppia-android/app/build/intermediates/compile_and_runtime_not_namespaced_r_class_jar/debugAndroidTest/R.jar:/Users/talesra/Desktop/android-codes/oppia-android/oppia-android/app/build/tmp/kotlin-classes/debug:/Users/talesra/Desktop/android-codes/oppia-android/oppia-android/app/build/tmp/kapt3/classes/debug:/Users/talesra/Desktop/android-codes/oppia-android/oppia-android/app/build/generated/crashlytics/res/debug:/Users/talesra/Desktop/android-codes/oppia-android/oppia-android/app/build/generated/res/google-services/debug:/Users/talesra/.gradle/caches/modules-2/files-2.1/com.google.truth/truth/0.43/cb9105957368f68d5fd771045bfa27d4a534836/truth-0.43.jar:/Users/talesra/.gradle/caches/modules-2/fi
Launcher Type: SUN_STANDARD

Environment Variables:
PATH=/usr/local/git/current/bin:/usr/local/bin:/usr/bin:/bin:/usr/local/sbin:/usr/sbin:/sbin
SHELL=/bin/bash

Signal Handlers:
SIGSEGV: [libjvm.dylib+0x565c43], sa_mask[0]=11111111011111110111111111111111, sa_flags=SA_ONSTACK|SA_RESTART|SA_SIGINFO
SIGBUS: [libjvm.dylib+0x565c43], sa_mask[0]=11111111011111110111111111111111, sa_flags=SA_RESTART|SA_SIGINFO
SIGFPE: [libjvm.dylib+0x45dd9d], sa_mask[0]=11111111011111110111111111111111, sa_flags=SA_RESTART|SA_SIGINFO
SIGPIPE: [libjvm.dylib+0x45dd9d], sa_mask[0]=11111111011111110111111111111111, sa_flags=SA_RESTART|SA_SIGINFO
SIGXFSZ: [libjvm.dylib+0x45dd9d], sa_mask[0]=11111111011111110111111111111111, sa_flags=SA_RESTART|SA_SIGINFO
SIGILL: [libjvm.dylib+0x45dd9d], sa_mask[0]=11111111011111110111111111111111, sa_flags=SA_RESTART|SA_SIGINFO
SIGUSR1: SIG_DFL, sa_mask[0]=00000000000000000000000000000000, sa_flags=none
SIGUSR2: [libjvm.dylib+0x45e69c], sa_mask[0]=00100000000000000000000000000000, sa_flags=SA_RESTART|SA_SIGINFO
SIGHUP: [libjvm.dylib+0x45c8c1], sa_mask[0]=11111111011111110111111111111111, sa_flags=SA_RESTART|SA_SIGINFO
SIGINT: [libjvm.dylib+0x45c8c1], sa_mask[0]=11111111011111110111111111111111, sa_flags=SA_RESTART|SA_SIGINFO
SIGTERM: [libjvm.dylib+0x45c8c1], sa_mask[0]=11111111011111110111111111111111, sa_flags=SA_RESTART|SA_SIGINFO
SIGQUIT: [libjvm.dylib+0x45c8c1], sa_mask[0]=11111111011111110111111111111111, sa_flags=SA_RESTART|SA_SIGINFO


---------------  S Y S T E M  ---------------

OS:Bsduname:Darwin 19.5.0 Darwin Kernel Version 19.5.0: Tue May 26 20:41:44 PDT 2020; root:xnu-6153.121.2~2/RELEASE_X86_64 x86_64
rlimit: STACK 8192k, CORE 0k, NPROC 2784, NOFILE 10240, AS infinity
load average:6.65 4.67 3.60

CPU:total 8 (initial active 8) (4 cores per cpu, 2 threads per core) family 6 model 94 stepping 3, cmov, cx8, fxsr, mmx, sse, sse2, sse3, ssse3, sse4.1, sse4.2, popcnt, avx, avx2, aes, clmul, erms, rtm, 3dnowpref, lzcnt, ht, tsc, tscinvbit, bmi1, bmi2, adx

Memory: 4k page, physical 16777216k(134272k free)

/proc/meminfo:


vm_info: OpenJDK 64-Bit Server VM (25.242-b3-6222593) for bsd-amd64 JRE (1.8.0_242-release-1644-b3-6222593), built by "android-build" with gcc 4.2.1 Compatible Android (5484270 based on r353983c) Clang 9.0.3 (https://android.googlesource.com/toolchain/clang 745b335211bb9eadfa6aa6301f84715cee4b37c5) (https://android.googlesource.com/toolchain/llvm 60cf23e54e46c807513f7a36d0a7b777920b5881)

time: Mon Aug 31 11:01:42 2020
timezone: IST
elapsed time: 80 seconds (0d 0h 1m 20s)

